<?xml version="1.0" encoding="UTF-8"?>
<testsuites>
  <testsuite name="" tests="193" assertions="333" errors="0" warnings="0" failures="0" skipped="0" time="4.007673">
    <testsuite name="Project Test Suite" tests="193" assertions="333" errors="0" warnings="0" failures="0" skipped="0" time="4.007673">
      <testsuite name="App\Card\CardDeckTest" file="/home/lohengrin/dbwebb-kurser/mvc/me/report/tests/Card/CardDeckTest.php" tests="7" assertions="15" errors="0" warnings="0" failures="0" skipped="0" time="0.044133">
        <testcase name="testCreateCardDeck" class="App\Card\CardDeckTest" classname="App.Card.CardDeckTest" file="/home/lohengrin/dbwebb-kurser/mvc/me/report/tests/Card/CardDeckTest.php" line="26" assertions="3" time="0.013433"/>
        <testcase name="testCreateCardDeckInvalid" class="App\Card\CardDeckTest" classname="App.Card.CardDeckTest" file="/home/lohengrin/dbwebb-kurser/mvc/me/report/tests/Card/CardDeckTest.php" line="38" assertions="1" time="0.001825"/>
        <testcase name="testGetAsString" class="App\Card\CardDeckTest" classname="App.Card.CardDeckTest" file="/home/lohengrin/dbwebb-kurser/mvc/me/report/tests/Card/CardDeckTest.php" line="49" assertions="2" time="0.002677"/>
        <testcase name="testSortAndShuffle" class="App\Card\CardDeckTest" classname="App.Card.CardDeckTest" file="/home/lohengrin/dbwebb-kurser/mvc/me/report/tests/Card/CardDeckTest.php" line="63" assertions="3" time="0.015520"/>
        <testcase name="testDrawWhenSorted" class="App\Card\CardDeckTest" classname="App.Card.CardDeckTest" file="/home/lohengrin/dbwebb-kurser/mvc/me/report/tests/Card/CardDeckTest.php" line="84" assertions="3" time="0.004423"/>
        <testcase name="testPeakSorted" class="App\Card\CardDeckTest" classname="App.Card.CardDeckTest" file="/home/lohengrin/dbwebb-kurser/mvc/me/report/tests/Card/CardDeckTest.php" line="99" assertions="2" time="0.004968"/>
        <testcase name="testPeakEmpty" class="App\Card\CardDeckTest" classname="App.Card.CardDeckTest" file="/home/lohengrin/dbwebb-kurser/mvc/me/report/tests/Card/CardDeckTest.php" line="114" assertions="1" time="0.001286"/>
      </testsuite>
      <testsuite name="App\Card\CardGame21Test" file="/home/lohengrin/dbwebb-kurser/mvc/me/report/tests/Card/CardGame21Test.php" tests="11" assertions="38" errors="0" warnings="0" failures="0" skipped="0" time="0.040391">
        <testcase name="testCreateCardGame21" class="App\Card\CardGame21Test" classname="App.Card.CardGame21Test" file="/home/lohengrin/dbwebb-kurser/mvc/me/report/tests/Card/CardGame21Test.php" line="58" assertions="1" time="0.018579"/>
        <testcase name="testInitialState" class="App\Card\CardGame21Test" classname="App.Card.CardGame21Test" file="/home/lohengrin/dbwebb-kurser/mvc/me/report/tests/Card/CardGame21Test.php" line="68" assertions="8" time="0.002275"/>
        <testcase name="testPlayerDrawsCard" class="App\Card\CardGame21Test" classname="App.Card.CardGame21Test" file="/home/lohengrin/dbwebb-kurser/mvc/me/report/tests/Card/CardGame21Test.php" line="94" assertions="4" time="0.001620"/>
        <testcase name="testPlayerLoosesAt24" class="App\Card\CardGame21Test" classname="App.Card.CardGame21Test" file="/home/lohengrin/dbwebb-kurser/mvc/me/report/tests/Card/CardGame21Test.php" line="120" assertions="3" time="0.002647"/>
        <testcase name="testSetAceRankValid" class="App\Card\CardGame21Test" classname="App.Card.CardGame21Test" file="/home/lohengrin/dbwebb-kurser/mvc/me/report/tests/Card/CardGame21Test.php" line="148" assertions="2" time="0.001960"/>
        <testcase name="testSetAceRankInvalid" class="App\Card\CardGame21Test" classname="App.Card.CardGame21Test" file="/home/lohengrin/dbwebb-kurser/mvc/me/report/tests/Card/CardGame21Test.php" line="167" assertions="2" time="0.001491"/>
        <testcase name="testBankWinsAt21" class="App\Card\CardGame21Test" classname="App.Card.CardGame21Test" file="/home/lohengrin/dbwebb-kurser/mvc/me/report/tests/Card/CardGame21Test.php" line="186" assertions="4" time="0.002103"/>
        <testcase name="testBankWinsAt18" class="App\Card\CardGame21Test" classname="App.Card.CardGame21Test" file="/home/lohengrin/dbwebb-kurser/mvc/me/report/tests/Card/CardGame21Test.php" line="215" assertions="4" time="0.001865"/>
        <testcase name="testBankLoosesAt24" class="App\Card\CardGame21Test" classname="App.Card.CardGame21Test" file="/home/lohengrin/dbwebb-kurser/mvc/me/report/tests/Card/CardGame21Test.php" line="245" assertions="4" time="0.001643"/>
        <testcase name="testPlayerWinsAt21" class="App\Card\CardGame21Test" classname="App.Card.CardGame21Test" file="/home/lohengrin/dbwebb-kurser/mvc/me/report/tests/Card/CardGame21Test.php" line="276" assertions="4" time="0.004243"/>
        <testcase name="testBankChooseAceRanks" class="App\Card\CardGame21Test" classname="App.Card.CardGame21Test" file="/home/lohengrin/dbwebb-kurser/mvc/me/report/tests/Card/CardGame21Test.php" line="308" assertions="2" time="0.001966"/>
      </testsuite>
      <testsuite name="App\Card\CardGraphicTest" file="/home/lohengrin/dbwebb-kurser/mvc/me/report/tests/Card/CardGraphicTest.php" tests="3" assertions="3" errors="0" warnings="0" failures="0" skipped="0" time="0.001204">
        <testcase name="testCorrectCardBack" class="App\Card\CardGraphicTest" classname="App.Card.CardGraphicTest" file="/home/lohengrin/dbwebb-kurser/mvc/me/report/tests/Card/CardGraphicTest.php" line="24" assertions="1" time="0.000427"/>
        <testcase name="testCorrectStringDigit" class="App\Card\CardGraphicTest" classname="App.Card.CardGraphicTest" file="/home/lohengrin/dbwebb-kurser/mvc/me/report/tests/Card/CardGraphicTest.php" line="35" assertions="1" time="0.000395"/>
        <testcase name="testCorrectStringFace" class="App\Card\CardGraphicTest" classname="App.Card.CardGraphicTest" file="/home/lohengrin/dbwebb-kurser/mvc/me/report/tests/Card/CardGraphicTest.php" line="46" assertions="1" time="0.000382"/>
      </testsuite>
      <testsuite name="App\Card\CardHandTest" file="/home/lohengrin/dbwebb-kurser/mvc/me/report/tests/Card/CardHandTest.php" tests="5" assertions="12" errors="0" warnings="0" failures="0" skipped="0" time="0.005932">
        <testcase name="testCreateCardHand" class="App\Card\CardHandTest" classname="App.Card.CardHandTest" file="/home/lohengrin/dbwebb-kurser/mvc/me/report/tests/Card/CardHandTest.php" line="38" assertions="2" time="0.001096"/>
        <testcase name="testDrawOneFromDeck" class="App\Card\CardHandTest" classname="App.Card.CardHandTest" file="/home/lohengrin/dbwebb-kurser/mvc/me/report/tests/Card/CardHandTest.php" line="49" assertions="4" time="0.001184"/>
        <testcase name="testDrawThreeFromDeck" class="App\Card\CardHandTest" classname="App.Card.CardHandTest" file="/home/lohengrin/dbwebb-kurser/mvc/me/report/tests/Card/CardHandTest.php" line="63" assertions="4" time="0.001398"/>
        <testcase name="testSetLastCardRankExisting" class="App\Card\CardHandTest" classname="App.Card.CardHandTest" file="/home/lohengrin/dbwebb-kurser/mvc/me/report/tests/Card/CardHandTest.php" line="77" assertions="1" time="0.001215"/>
        <testcase name="testSetLastCardRankEmpty" class="App\Card\CardHandTest" classname="App.Card.CardHandTest" file="/home/lohengrin/dbwebb-kurser/mvc/me/report/tests/Card/CardHandTest.php" line="88" assertions="1" time="0.001039"/>
      </testsuite>
      <testsuite name="App\Card\CardSvgTest" file="/home/lohengrin/dbwebb-kurser/mvc/me/report/tests/Card/CardSvgTest.php" tests="3" assertions="3" errors="0" warnings="0" failures="0" skipped="0" time="0.001185">
        <testcase name="testCorrectCardBack" class="App\Card\CardSvgTest" classname="App.Card.CardSvgTest" file="/home/lohengrin/dbwebb-kurser/mvc/me/report/tests/Card/CardSvgTest.php" line="24" assertions="1" time="0.000380"/>
        <testcase name="testStringRepr" class="App\Card\CardSvgTest" classname="App.Card.CardSvgTest" file="/home/lohengrin/dbwebb-kurser/mvc/me/report/tests/Card/CardSvgTest.php" line="35" assertions="1" time="0.000373"/>
        <testcase name="testStringReprAfterUpdate" class="App\Card\CardSvgTest" classname="App.Card.CardSvgTest" file="/home/lohengrin/dbwebb-kurser/mvc/me/report/tests/Card/CardSvgTest.php" line="46" assertions="1" time="0.000433"/>
      </testsuite>
      <testsuite name="App\Card\CardTest" file="/home/lohengrin/dbwebb-kurser/mvc/me/report/tests/Card/CardTest.php" tests="8" assertions="12" errors="0" warnings="0" failures="0" skipped="0" time="0.003473">
        <testcase name="testCreateCardValidArgs" class="App\Card\CardTest" classname="App.Card.CardTest" file="/home/lohengrin/dbwebb-kurser/mvc/me/report/tests/Card/CardTest.php" line="25" assertions="3" time="0.000502"/>
        <testcase name="testCreateCardInvalidSuit" class="App\Card\CardTest" classname="App.Card.CardTest" file="/home/lohengrin/dbwebb-kurser/mvc/me/report/tests/Card/CardTest.php" line="40" assertions="1" time="0.000538"/>
        <testcase name="testCreateCardInvalidRanks" class="App\Card\CardTest" classname="App.Card.CardTest" file="/home/lohengrin/dbwebb-kurser/mvc/me/report/tests/Card/CardTest.php" line="52" assertions="1" time="0.000403"/>
        <testcase name="testCorrectCardBack" class="App\Card\CardTest" classname="App.Card.CardTest" file="/home/lohengrin/dbwebb-kurser/mvc/me/report/tests/Card/CardTest.php" line="63" assertions="1" time="0.000380"/>
        <testcase name="testSetValidRank" class="App\Card\CardTest" classname="App.Card.CardTest" file="/home/lohengrin/dbwebb-kurser/mvc/me/report/tests/Card/CardTest.php" line="74" assertions="2" time="0.000388"/>
        <testcase name="testSetInvalidRank" class="App\Card\CardTest" classname="App.Card.CardTest" file="/home/lohengrin/dbwebb-kurser/mvc/me/report/tests/Card/CardTest.php" line="86" assertions="2" time="0.000360"/>
        <testcase name="testCorrectStringDigit" class="App\Card\CardTest" classname="App.Card.CardTest" file="/home/lohengrin/dbwebb-kurser/mvc/me/report/tests/Card/CardTest.php" line="98" assertions="1" time="0.000388"/>
        <testcase name="testCorrectStringFace" class="App\Card\CardTest" classname="App.Card.CardTest" file="/home/lohengrin/dbwebb-kurser/mvc/me/report/tests/Card/CardTest.php" line="109" assertions="1" time="0.000513"/>
      </testsuite>
      <testsuite name="App\Controller\Project\MainControllerTest" file="/home/lohengrin/dbwebb-kurser/mvc/me/report/tests/Controller/Project/MainControllerTest.php" tests="7" assertions="19" errors="0" warnings="0" failures="0" skipped="0" time="3.179451">
        <testcase name="testCreateInstance" class="App\Controller\Project\MainControllerTest" classname="App.Controller.Project.MainControllerTest" file="/home/lohengrin/dbwebb-kurser/mvc/me/report/tests/Controller/Project/MainControllerTest.php" line="28" assertions="1" time="2.793539"/>
        <testcase name="testRenderStart" class="App\Controller\Project\MainControllerTest" classname="App.Controller.Project.MainControllerTest" file="/home/lohengrin/dbwebb-kurser/mvc/me/report/tests/Controller/Project/MainControllerTest.php" line="38" assertions="3" time="0.164378"/>
        <testcase name="testRenderAbout" class="App\Controller\Project\MainControllerTest" classname="App.Controller.Project.MainControllerTest" file="/home/lohengrin/dbwebb-kurser/mvc/me/report/tests/Controller/Project/MainControllerTest.php" line="52" assertions="3" time="0.067496"/>
        <testcase name="testRenderDatabase" class="App\Controller\Project\MainControllerTest" classname="App.Controller.Project.MainControllerTest" file="/home/lohengrin/dbwebb-kurser/mvc/me/report/tests/Controller/Project/MainControllerTest.php" line="66" assertions="3" time="0.044558"/>
        <testcase name="testRenderGame" class="App\Controller\Project\MainControllerTest" classname="App.Controller.Project.MainControllerTest" file="/home/lohengrin/dbwebb-kurser/mvc/me/report/tests/Controller/Project/MainControllerTest.php" line="80" assertions="3" time="0.017075"/>
        <testcase name="testRenderRules" class="App\Controller\Project\MainControllerTest" classname="App.Controller.Project.MainControllerTest" file="/home/lohengrin/dbwebb-kurser/mvc/me/report/tests/Controller/Project/MainControllerTest.php" line="94" assertions="3" time="0.021303"/>
        <testcase name="testRenderApi" class="App\Controller\Project\MainControllerTest" classname="App.Controller.Project.MainControllerTest" file="/home/lohengrin/dbwebb-kurser/mvc/me/report/tests/Controller/Project/MainControllerTest.php" line="108" assertions="3" time="0.071101"/>
      </testsuite>
      <testsuite name="App\Dice\DiceGraphicTest" file="/home/lohengrin/dbwebb-kurser/mvc/me/report/tests/Dice/DiceGraphicTest.php" tests="3" assertions="9" errors="0" warnings="0" failures="0" skipped="0" time="0.002325">
        <testcase name="testCreateDiceGraphic" class="App\Dice\DiceGraphicTest" classname="App.Dice.DiceGraphicTest" file="/home/lohengrin/dbwebb-kurser/mvc/me/report/tests/Dice/DiceGraphicTest.php" line="25" assertions="3" time="0.000443"/>
        <testcase name="testRollDiceGraphic" class="App\Dice\DiceGraphicTest" classname="App.Dice.DiceGraphicTest" file="/home/lohengrin/dbwebb-kurser/mvc/me/report/tests/Dice/DiceGraphicTest.php" line="42" assertions="5" time="0.001491"/>
        <testcase name="testGetAsString" class="App\Dice\DiceGraphicTest" classname="App.Dice.DiceGraphicTest" file="/home/lohengrin/dbwebb-kurser/mvc/me/report/tests/Dice/DiceGraphicTest.php" line="57" assertions="1" time="0.000391"/>
      </testsuite>
      <testsuite name="App\Dice\DiceHandTest" file="/home/lohengrin/dbwebb-kurser/mvc/me/report/tests/Dice/DiceHandTest.php" tests="4" assertions="12" errors="0" warnings="0" failures="0" skipped="0" time="0.003761">
        <testcase name="testCreateDiceHand" class="App\Dice\DiceHandTest" classname="App.Dice.DiceHandTest" file="/home/lohengrin/dbwebb-kurser/mvc/me/report/tests/Dice/DiceHandTest.php" line="35" assertions="1" time="0.001165"/>
        <testcase name="testEmptyHand" class="App\Dice\DiceHandTest" classname="App.Dice.DiceHandTest" file="/home/lohengrin/dbwebb-kurser/mvc/me/report/tests/Dice/DiceHandTest.php" line="46" assertions="5" time="0.000808"/>
        <testcase name="testAddDice" class="App\Dice\DiceHandTest" classname="App.Dice.DiceHandTest" file="/home/lohengrin/dbwebb-kurser/mvc/me/report/tests/Dice/DiceHandTest.php" line="69" assertions="5" time="0.001082"/>
        <testcase name="testReset" class="App\Dice\DiceHandTest" classname="App.Dice.DiceHandTest" file="/home/lohengrin/dbwebb-kurser/mvc/me/report/tests/Dice/DiceHandTest.php" line="95" assertions="1" time="0.000706"/>
      </testsuite>
      <testsuite name="App\Dice\DiceTest" file="/home/lohengrin/dbwebb-kurser/mvc/me/report/tests/Dice/DiceTest.php" tests="6" assertions="22" errors="0" warnings="0" failures="0" skipped="0" time="0.002989">
        <testcase name="testCreateDice" class="App\Dice\DiceTest" classname="App.Dice.DiceTest" file="/home/lohengrin/dbwebb-kurser/mvc/me/report/tests/Dice/DiceTest.php" line="25" assertions="3" time="0.000421"/>
        <testcase name="testRollDice" class="App\Dice\DiceTest" classname="App.Dice.DiceTest" file="/home/lohengrin/dbwebb-kurser/mvc/me/report/tests/Dice/DiceTest.php" line="42" assertions="5" time="0.000515"/>
        <testcase name="testRoll4SidedDice" class="App\Dice\DiceTest" classname="App.Dice.DiceTest" file="/home/lohengrin/dbwebb-kurser/mvc/me/report/tests/Dice/DiceTest.php" line="57" assertions="8" time="0.000732"/>
        <testcase name="testRoll1SidedDice" class="App\Dice\DiceTest" classname="App.Dice.DiceTest" file="/home/lohengrin/dbwebb-kurser/mvc/me/report/tests/Dice/DiceTest.php" line="75" assertions="4" time="0.000397"/>
        <testcase name="testGetAsString" class="App\Dice\DiceTest" classname="App.Dice.DiceTest" file="/home/lohengrin/dbwebb-kurser/mvc/me/report/tests/Dice/DiceTest.php" line="89" assertions="1" time="0.000561"/>
        <testcase name="testResetDice" class="App\Dice\DiceTest" classname="App.Dice.DiceTest" file="/home/lohengrin/dbwebb-kurser/mvc/me/report/tests/Dice/DiceTest.php" line="100" assertions="1" time="0.000363"/>
      </testsuite>
      <testsuite name="App\Entity\BoardTest" file="/home/lohengrin/dbwebb-kurser/mvc/me/report/tests/Entity/BoardTest.php" tests="3" assertions="3" errors="0" warnings="0" failures="0" skipped="0" time="0.001917">
        <testcase name="testCreateInstance" class="App\Entity\BoardTest" classname="App.Entity.BoardTest" file="/home/lohengrin/dbwebb-kurser/mvc/me/report/tests/Entity/BoardTest.php" line="35" assertions="1" time="0.000969"/>
        <testcase name="testGetData" class="App\Entity\BoardTest" classname="App.Entity.BoardTest" file="/home/lohengrin/dbwebb-kurser/mvc/me/report/tests/Entity/BoardTest.php" line="45" assertions="1" time="0.000491"/>
        <testcase name="testGetId" class="App\Entity\BoardTest" classname="App.Entity.BoardTest" file="/home/lohengrin/dbwebb-kurser/mvc/me/report/tests/Entity/BoardTest.php" line="56" assertions="1" time="0.000457"/>
      </testsuite>
      <testsuite name="App\Entity\PlayerTest" file="/home/lohengrin/dbwebb-kurser/mvc/me/report/tests/Entity/PlayerTest.php" tests="7" assertions="7" errors="0" warnings="0" failures="0" skipped="0" time="0.013297">
        <testcase name="testCreateInstance" class="App\Entity\PlayerTest" classname="App.Entity.PlayerTest" file="/home/lohengrin/dbwebb-kurser/mvc/me/report/tests/Entity/PlayerTest.php" line="29" assertions="1" time="0.009067"/>
        <testcase name="testGetId" class="App\Entity\PlayerTest" classname="App.Entity.PlayerTest" file="/home/lohengrin/dbwebb-kurser/mvc/me/report/tests/Entity/PlayerTest.php" line="39" assertions="1" time="0.000558"/>
        <testcase name="testGetName" class="App\Entity\PlayerTest" classname="App.Entity.PlayerTest" file="/home/lohengrin/dbwebb-kurser/mvc/me/report/tests/Entity/PlayerTest.php" line="49" assertions="1" time="0.000633"/>
        <testcase name="testSetAndGetType" class="App\Entity\PlayerTest" classname="App.Entity.PlayerTest" file="/home/lohengrin/dbwebb-kurser/mvc/me/report/tests/Entity/PlayerTest.php" line="59" assertions="1" time="0.000882"/>
        <testcase name="testSetAndGetLevel" class="App\Entity\PlayerTest" classname="App.Entity.PlayerTest" file="/home/lohengrin/dbwebb-kurser/mvc/me/report/tests/Entity/PlayerTest.php" line="70" assertions="1" time="0.000527"/>
        <testcase name="testSetAndGetRounds" class="App\Entity\PlayerTest" classname="App.Entity.PlayerTest" file="/home/lohengrin/dbwebb-kurser/mvc/me/report/tests/Entity/PlayerTest.php" line="81" assertions="1" time="0.000565"/>
        <testcase name="testRemoveRound" class="App\Entity\PlayerTest" classname="App.Entity.PlayerTest" file="/home/lohengrin/dbwebb-kurser/mvc/me/report/tests/Entity/PlayerTest.php" line="91" assertions="1" time="0.001064"/>
      </testsuite>
      <testsuite name="App\Entity\RoundTest" file="/home/lohengrin/dbwebb-kurser/mvc/me/report/tests/Entity/RoundTest.php" tests="8" assertions="8" errors="0" warnings="0" failures="0" skipped="0" time="0.008616">
        <testcase name="testCreateInstance" class="App\Entity\RoundTest" classname="App.Entity.RoundTest" file="/home/lohengrin/dbwebb-kurser/mvc/me/report/tests/Entity/RoundTest.php" line="43" assertions="1" time="0.003407"/>
        <testcase name="testGetId" class="App\Entity\RoundTest" classname="App.Entity.RoundTest" file="/home/lohengrin/dbwebb-kurser/mvc/me/report/tests/Entity/RoundTest.php" line="53" assertions="1" time="0.000700"/>
        <testcase name="testGetPlayer" class="App\Entity\RoundTest" classname="App.Entity.RoundTest" file="/home/lohengrin/dbwebb-kurser/mvc/me/report/tests/Entity/RoundTest.php" line="63" assertions="1" time="0.000645"/>
        <testcase name="testGetBoard" class="App\Entity\RoundTest" classname="App.Entity.RoundTest" file="/home/lohengrin/dbwebb-kurser/mvc/me/report/tests/Entity/RoundTest.php" line="73" assertions="1" time="0.000903"/>
        <testcase name="testGetScore" class="App\Entity\RoundTest" classname="App.Entity.RoundTest" file="/home/lohengrin/dbwebb-kurser/mvc/me/report/tests/Entity/RoundTest.php" line="83" assertions="1" time="0.000728"/>
        <testcase name="testGetStart" class="App\Entity\RoundTest" classname="App.Entity.RoundTest" file="/home/lohengrin/dbwebb-kurser/mvc/me/report/tests/Entity/RoundTest.php" line="93" assertions="1" time="0.000667"/>
        <testcase name="testGetFinish" class="App\Entity\RoundTest" classname="App.Entity.RoundTest" file="/home/lohengrin/dbwebb-kurser/mvc/me/report/tests/Entity/RoundTest.php" line="103" assertions="1" time="0.000899"/>
        <testcase name="testGetDuration" class="App\Entity\RoundTest" classname="App.Entity.RoundTest" file="/home/lohengrin/dbwebb-kurser/mvc/me/report/tests/Entity/RoundTest.php" line="113" assertions="1" time="0.000666"/>
      </testsuite>
      <testsuite name="App\Entity\ScoreTest" file="/home/lohengrin/dbwebb-kurser/mvc/me/report/tests/Entity/ScoreTest.php" tests="5" assertions="5" errors="0" warnings="0" failures="0" skipped="0" time="0.002230">
        <testcase name="testCreateInstance" class="App\Entity\ScoreTest" classname="App.Entity.ScoreTest" file="/home/lohengrin/dbwebb-kurser/mvc/me/report/tests/Entity/ScoreTest.php" line="45" assertions="1" time="0.000394"/>
        <testcase name="testGetId" class="App\Entity\ScoreTest" classname="App.Entity.ScoreTest" file="/home/lohengrin/dbwebb-kurser/mvc/me/report/tests/Entity/ScoreTest.php" line="55" assertions="1" time="0.000559"/>
        <testcase name="testTotalScore" class="App\Entity\ScoreTest" classname="App.Entity.ScoreTest" file="/home/lohengrin/dbwebb-kurser/mvc/me/report/tests/Entity/ScoreTest.php" line="65" assertions="1" time="0.000419"/>
        <testcase name="testHandScore" class="App\Entity\ScoreTest" classname="App.Entity.ScoreTest" file="/home/lohengrin/dbwebb-kurser/mvc/me/report/tests/Entity/ScoreTest.php" line="75" assertions="1" time="0.000404"/>
        <testcase name="testInvalidHandName" class="App\Entity\ScoreTest" classname="App.Entity.ScoreTest" file="/home/lohengrin/dbwebb-kurser/mvc/me/report/tests/Entity/ScoreTest.php" line="85" assertions="1" time="0.000454"/>
      </testsuite>
      <testsuite name="App\Form\ConfirmDeleteTypeTest" file="/home/lohengrin/dbwebb-kurser/mvc/me/report/tests/Form/ConfirmDeleteTypeTest.php" tests="2" assertions="6" errors="0" warnings="0" failures="0" skipped="0" time="0.018448">
        <testcase name="testSubmitValidData" class="App\Form\ConfirmDeleteTypeTest" classname="App.Form.ConfirmDeleteTypeTest" file="/home/lohengrin/dbwebb-kurser/mvc/me/report/tests/Form/ConfirmDeleteTypeTest.php" line="31" assertions="3" time="0.017044"/>
        <testcase name="testSubmitCustomOptions" class="App\Form\ConfirmDeleteTypeTest" classname="App.Form.ConfirmDeleteTypeTest" file="/home/lohengrin/dbwebb-kurser/mvc/me/report/tests/Form/ConfirmDeleteTypeTest.php" line="50" assertions="3" time="0.001404"/>
      </testsuite>
      <testsuite name="App\Form\ConfirmTypeTest" file="/home/lohengrin/dbwebb-kurser/mvc/me/report/tests/Form/ConfirmTypeTest.php" tests="2" assertions="5" errors="0" warnings="0" failures="0" skipped="0" time="0.005778">
        <testcase name="testSubmitValidData" class="App\Form\ConfirmTypeTest" classname="App.Form.ConfirmTypeTest" file="/home/lohengrin/dbwebb-kurser/mvc/me/report/tests/Form/ConfirmTypeTest.php" line="31" assertions="3" time="0.004066"/>
        <testcase name="testSubmitCustomOptions" class="App\Form\ConfirmTypeTest" classname="App.Form.ConfirmTypeTest" file="/home/lohengrin/dbwebb-kurser/mvc/me/report/tests/Form/ConfirmTypeTest.php" line="50" assertions="2" time="0.001711"/>
      </testsuite>
      <testsuite name="App\Form\PlayerSelectTypeTest" file="/home/lohengrin/dbwebb-kurser/mvc/me/report/tests/Form/PlayerSelectTypeTest.php" tests="2" assertions="5" errors="0" warnings="0" failures="0" skipped="0" time="0.010818">
        <testcase name="testSubmitValidData" class="App\Form\PlayerSelectTypeTest" classname="App.Form.PlayerSelectTypeTest" file="/home/lohengrin/dbwebb-kurser/mvc/me/report/tests/Form/PlayerSelectTypeTest.php" line="47" assertions="4" time="0.008815"/>
        <testcase name="testCustomSubmitLabel" class="App\Form\PlayerSelectTypeTest" classname="App.Form.PlayerSelectTypeTest" file="/home/lohengrin/dbwebb-kurser/mvc/me/report/tests/Form/PlayerSelectTypeTest.php" line="81" assertions="1" time="0.002003"/>
      </testsuite>
      <testsuite name="App\Form\PlayerTypeTest" file="/home/lohengrin/dbwebb-kurser/mvc/me/report/tests/Form/PlayerTypeTest.php" tests="2" assertions="8" errors="0" warnings="0" failures="0" skipped="0" time="0.004986">
        <testcase name="testSubmitValidData" class="App\Form\PlayerTypeTest" classname="App.Form.PlayerTypeTest" file="/home/lohengrin/dbwebb-kurser/mvc/me/report/tests/Form/PlayerTypeTest.php" line="32" assertions="6" time="0.003014"/>
        <testcase name="testCustomSubmitLabel" class="App\Form\PlayerTypeTest" classname="App.Form.PlayerTypeTest" file="/home/lohengrin/dbwebb-kurser/mvc/me/report/tests/Form/PlayerTypeTest.php" line="66" assertions="2" time="0.001973"/>
      </testsuite>
      <testsuite name="App\PokerSquares\AmericanScoresTest" file="/home/lohengrin/dbwebb-kurser/mvc/me/report/tests/PokerSquares/AmericanScoresTest.php" tests="3" assertions="3" errors="0" warnings="0" failures="0" skipped="0" time="0.001277">
        <testcase name="testCreateInstance" class="App\PokerSquares\AmericanScoresTest" classname="App.PokerSquares.AmericanScoresTest" file="/home/lohengrin/dbwebb-kurser/mvc/me/report/tests/PokerSquares/AmericanScoresTest.php" line="25" assertions="1" time="0.000438"/>
        <testcase name="testAllScores" class="App\PokerSquares\AmericanScoresTest" classname="App.PokerSquares.AmericanScoresTest" file="/home/lohengrin/dbwebb-kurser/mvc/me/report/tests/PokerSquares/AmericanScoresTest.php" line="35" assertions="1" time="0.000391"/>
        <testcase name="testInvalidRuleArgument" class="App\PokerSquares\AmericanScoresTest" classname="App.PokerSquares.AmericanScoresTest" file="/home/lohengrin/dbwebb-kurser/mvc/me/report/tests/PokerSquares/AmericanScoresTest.php" line="63" assertions="1" time="0.000447"/>
      </testsuite>
      <testsuite name="App\PokerSquares\Cpu\Cpu1Test" file="/home/lohengrin/dbwebb-kurser/mvc/me/report/tests/PokerSquares/Cpu/Cpu1Test.php" tests="2" assertions="2" errors="0" warnings="0" failures="0" skipped="0" time="0.001245">
        <testcase name="testSuggestPlacement" class="App\PokerSquares\Cpu\Cpu1Test" classname="App.PokerSquares.Cpu.Cpu1Test" file="/home/lohengrin/dbwebb-kurser/mvc/me/report/tests/PokerSquares/Cpu/Cpu1Test.php" line="36" assertions="1" time="0.000635"/>
        <testcase name="testSuggestNoPlacement" class="App\PokerSquares\Cpu\Cpu1Test" classname="App.PokerSquares.Cpu.Cpu1Test" file="/home/lohengrin/dbwebb-kurser/mvc/me/report/tests/PokerSquares/Cpu/Cpu1Test.php" line="53" assertions="1" time="0.000610"/>
      </testsuite>
      <testsuite name="App\PokerSquares\Cpu\Cpu2Test" file="/home/lohengrin/dbwebb-kurser/mvc/me/report/tests/PokerSquares/Cpu/Cpu2Test.php" tests="4" assertions="4" errors="0" warnings="0" failures="0" skipped="0" time="0.003390">
        <testcase name="testSuggestPreferredPlacement" class="App\PokerSquares\Cpu\Cpu2Test" classname="App.PokerSquares.Cpu.Cpu2Test" file="/home/lohengrin/dbwebb-kurser/mvc/me/report/tests/PokerSquares/Cpu/Cpu2Test.php" line="37" assertions="1" time="0.000753"/>
        <testcase name="testSuggestTrashPlacement" class="App\PokerSquares\Cpu\Cpu2Test" classname="App.PokerSquares.Cpu.Cpu2Test" file="/home/lohengrin/dbwebb-kurser/mvc/me/report/tests/PokerSquares/Cpu/Cpu2Test.php" line="48" assertions="1" time="0.000979"/>
        <testcase name="testSuggestFirstEmptyPlacement" class="App\PokerSquares\Cpu\Cpu2Test" classname="App.PokerSquares.Cpu.Cpu2Test" file="/home/lohengrin/dbwebb-kurser/mvc/me/report/tests/PokerSquares/Cpu/Cpu2Test.php" line="66" assertions="1" time="0.000763"/>
        <testcase name="testSuggestNoPlacement" class="App\PokerSquares\Cpu\Cpu2Test" classname="App.PokerSquares.Cpu.Cpu2Test" file="/home/lohengrin/dbwebb-kurser/mvc/me/report/tests/PokerSquares/Cpu/Cpu2Test.php" line="84" assertions="1" time="0.000896"/>
      </testsuite>
      <testsuite name="App\PokerSquares\Cpu\Cpu3Test" file="/home/lohengrin/dbwebb-kurser/mvc/me/report/tests/PokerSquares/Cpu/Cpu3Test.php" tests="7" assertions="7" errors="0" warnings="0" failures="0" skipped="0" time="0.012618">
        <testcase name="testSuggestPreferredPlacement1" class="App\PokerSquares\Cpu\Cpu3Test" classname="App.PokerSquares.Cpu.Cpu3Test" file="/home/lohengrin/dbwebb-kurser/mvc/me/report/tests/PokerSquares/Cpu/Cpu3Test.php" line="44" assertions="1" time="0.001061"/>
        <testcase name="testSuggestPreferredPlacement2" class="App\PokerSquares\Cpu\Cpu3Test" classname="App.PokerSquares.Cpu.Cpu3Test" file="/home/lohengrin/dbwebb-kurser/mvc/me/report/tests/PokerSquares/Cpu/Cpu3Test.php" line="57" assertions="1" time="0.001018"/>
        <testcase name="testSuggestTrashPlacement1" class="App\PokerSquares\Cpu\Cpu3Test" classname="App.PokerSquares.Cpu.Cpu3Test" file="/home/lohengrin/dbwebb-kurser/mvc/me/report/tests/PokerSquares/Cpu/Cpu3Test.php" line="68" assertions="1" time="0.001714"/>
        <testcase name="testSuggestTrashPlacement2" class="App\PokerSquares\Cpu\Cpu3Test" classname="App.PokerSquares.Cpu.Cpu3Test" file="/home/lohengrin/dbwebb-kurser/mvc/me/report/tests/PokerSquares/Cpu/Cpu3Test.php" line="89" assertions="1" time="0.001682"/>
        <testcase name="testSuggestFirstEmptyPlacement1" class="App\PokerSquares\Cpu\Cpu3Test" classname="App.PokerSquares.Cpu.Cpu3Test" file="/home/lohengrin/dbwebb-kurser/mvc/me/report/tests/PokerSquares/Cpu/Cpu3Test.php" line="107" assertions="1" time="0.002289"/>
        <testcase name="testSuggestFirstEmptyPlacement2" class="App\PokerSquares\Cpu\Cpu3Test" classname="App.PokerSquares.Cpu.Cpu3Test" file="/home/lohengrin/dbwebb-kurser/mvc/me/report/tests/PokerSquares/Cpu/Cpu3Test.php" line="128" assertions="1" time="0.002130"/>
        <testcase name="testSuggestNoPlacement" class="App\PokerSquares\Cpu\Cpu3Test" classname="App.PokerSquares.Cpu.Cpu3Test" file="/home/lohengrin/dbwebb-kurser/mvc/me/report/tests/PokerSquares/Cpu/Cpu3Test.php" line="146" assertions="1" time="0.002724"/>
      </testsuite>
      <testsuite name="App\PokerSquares\Cpu\CpuFactoryTest" file="/home/lohengrin/dbwebb-kurser/mvc/me/report/tests/PokerSquares/Cpu/CpuFactoryTest.php" tests="2" assertions="2" errors="0" warnings="0" failures="0" skipped="0" time="0.000888">
        <testcase name="testGetCpuIntel" class="App\PokerSquares\Cpu\CpuFactoryTest" classname="App.PokerSquares.Cpu.CpuFactoryTest" file="/home/lohengrin/dbwebb-kurser/mvc/me/report/tests/PokerSquares/Cpu/CpuFactoryTest.php" line="15" assertions="1" time="0.000370"/>
        <testcase name="testGetNoCpuIntel" class="App\PokerSquares\Cpu\CpuFactoryTest" classname="App.PokerSquares.Cpu.CpuFactoryTest" file="/home/lohengrin/dbwebb-kurser/mvc/me/report/tests/PokerSquares/Cpu/CpuFactoryTest.php" line="25" assertions="1" time="0.000518"/>
      </testsuite>
      <testsuite name="App\PokerSquares\GameManagerTest" file="/home/lohengrin/dbwebb-kurser/mvc/me/report/tests/PokerSquares/GameManagerTest.php" tests="10" assertions="13" errors="0" warnings="0" failures="0" skipped="0" time="0.008916">
        <testcase name="testCreateInstance" class="App\PokerSquares\GameManagerTest" classname="App.PokerSquares.GameManagerTest" file="/home/lohengrin/dbwebb-kurser/mvc/me/report/tests/PokerSquares/GameManagerTest.php" line="63" assertions="1" time="0.001548"/>
        <testcase name="testCreateInvalidInstance" class="App\PokerSquares\GameManagerTest" classname="App.PokerSquares.GameManagerTest" file="/home/lohengrin/dbwebb-kurser/mvc/me/report/tests/PokerSquares/GameManagerTest.php" line="73" assertions="1" time="0.000749"/>
        <testcase name="testGetGameByIndex" class="App\PokerSquares\GameManagerTest" classname="App.PokerSquares.GameManagerTest" file="/home/lohengrin/dbwebb-kurser/mvc/me/report/tests/PokerSquares/GameManagerTest.php" line="84" assertions="1" time="0.000682"/>
        <testcase name="testGetNoGameByIndex" class="App\PokerSquares\GameManagerTest" classname="App.PokerSquares.GameManagerTest" file="/home/lohengrin/dbwebb-kurser/mvc/me/report/tests/PokerSquares/GameManagerTest.php" line="95" assertions="1" time="0.000674"/>
        <testcase name="testGetCurrentGame" class="App\PokerSquares\GameManagerTest" classname="App.PokerSquares.GameManagerTest" file="/home/lohengrin/dbwebb-kurser/mvc/me/report/tests/PokerSquares/GameManagerTest.php" line="106" assertions="1" time="0.000832"/>
        <testcase name="testGetNoCurrentGame" class="App\PokerSquares\GameManagerTest" classname="App.PokerSquares.GameManagerTest" file="/home/lohengrin/dbwebb-kurser/mvc/me/report/tests/PokerSquares/GameManagerTest.php" line="117" assertions="1" time="0.000804"/>
        <testcase name="testAllGamesAreNotOver" class="App\PokerSquares\GameManagerTest" classname="App.PokerSquares.GameManagerTest" file="/home/lohengrin/dbwebb-kurser/mvc/me/report/tests/PokerSquares/GameManagerTest.php" line="129" assertions="1" time="0.000780"/>
        <testcase name="testAllGamesAreOver" class="App\PokerSquares\GameManagerTest" classname="App.PokerSquares.GameManagerTest" file="/home/lohengrin/dbwebb-kurser/mvc/me/report/tests/PokerSquares/GameManagerTest.php" line="139" assertions="1" time="0.000753"/>
        <testcase name="testGetAllGameStates" class="App\PokerSquares\GameManagerTest" classname="App.PokerSquares.GameManagerTest" file="/home/lohengrin/dbwebb-kurser/mvc/me/report/tests/PokerSquares/GameManagerTest.php" line="150" assertions="1" time="0.001116"/>
        <testcase name="testGetConclusion" class="App\PokerSquares\GameManagerTest" classname="App.PokerSquares.GameManagerTest" file="/home/lohengrin/dbwebb-kurser/mvc/me/report/tests/PokerSquares/GameManagerTest.php" line="161" assertions="4" time="0.000979"/>
      </testsuite>
      <testsuite name="App\PokerSquares\GameboardTest" file="/home/lohengrin/dbwebb-kurser/mvc/me/report/tests/PokerSquares/GameboardTest.php" tests="11" assertions="15" errors="0" warnings="0" failures="0" skipped="0" time="0.011086">
        <testcase name="testCreateGameboard" class="App\PokerSquares\GameboardTest" classname="App.PokerSquares.GameboardTest" file="/home/lohengrin/dbwebb-kurser/mvc/me/report/tests/PokerSquares/GameboardTest.php" line="41" assertions="2" time="0.000851"/>
        <testcase name="testGetBoard" class="App\PokerSquares\GameboardTest" classname="App.PokerSquares.GameboardTest" file="/home/lohengrin/dbwebb-kurser/mvc/me/report/tests/PokerSquares/GameboardTest.php" line="52" assertions="1" time="0.000784"/>
        <testcase name="testExportEntity" class="App\PokerSquares\GameboardTest" classname="App.PokerSquares.GameboardTest" file="/home/lohengrin/dbwebb-kurser/mvc/me/report/tests/PokerSquares/GameboardTest.php" line="62" assertions="1" time="0.001338"/>
        <testcase name="testBoardIsEmpty" class="App\PokerSquares\GameboardTest" classname="App.PokerSquares.GameboardTest" file="/home/lohengrin/dbwebb-kurser/mvc/me/report/tests/PokerSquares/GameboardTest.php" line="73" assertions="2" time="0.000946"/>
        <testcase name="testPlaceCardValidSlot" class="App\PokerSquares\GameboardTest" classname="App.PokerSquares.GameboardTest" file="/home/lohengrin/dbwebb-kurser/mvc/me/report/tests/PokerSquares/GameboardTest.php" line="84" assertions="1" time="0.000985"/>
        <testcase name="testPlaceCardInvalidSlot" class="App\PokerSquares\GameboardTest" classname="App.PokerSquares.GameboardTest" file="/home/lohengrin/dbwebb-kurser/mvc/me/report/tests/PokerSquares/GameboardTest.php" line="96" assertions="1" time="0.001014"/>
        <testcase name="testPlaceCardInvalidReuseSlot" class="App\PokerSquares\GameboardTest" classname="App.PokerSquares.GameboardTest" file="/home/lohengrin/dbwebb-kurser/mvc/me/report/tests/PokerSquares/GameboardTest.php" line="107" assertions="1" time="0.000813"/>
        <testcase name="testBoardHasOneCard" class="App\PokerSquares\GameboardTest" classname="App.PokerSquares.GameboardTest" file="/home/lohengrin/dbwebb-kurser/mvc/me/report/tests/PokerSquares/GameboardTest.php" line="119" assertions="1" time="0.000870"/>
        <testcase name="testBordIsFull" class="App\PokerSquares\GameboardTest" classname="App.PokerSquares.GameboardTest" file="/home/lohengrin/dbwebb-kurser/mvc/me/report/tests/PokerSquares/GameboardTest.php" line="130" assertions="1" time="0.001023"/>
        <testcase name="testgetAllHandsFull" class="App\PokerSquares\GameboardTest" classname="App.PokerSquares.GameboardTest" file="/home/lohengrin/dbwebb-kurser/mvc/me/report/tests/PokerSquares/GameboardTest.php" line="140" assertions="2" time="0.000889"/>
        <testcase name="testgetAllHandsEmpty" class="App\PokerSquares\GameboardTest" classname="App.PokerSquares.GameboardTest" file="/home/lohengrin/dbwebb-kurser/mvc/me/report/tests/PokerSquares/GameboardTest.php" line="154" assertions="2" time="0.001573"/>
      </testsuite>
      <testsuite name="App\PokerSquares\PokerSquareRulesTest" file="/home/lohengrin/dbwebb-kurser/mvc/me/report/tests/PokerSquares/PokerSquareRulesTest.php" tests="8" assertions="8" errors="0" warnings="0" failures="0" skipped="0" time="0.018050">
        <testcase name="testCreateInstance" class="App\PokerSquares\PokerSquareRulesTest" classname="App.PokerSquares.PokerSquareRulesTest" file="/home/lohengrin/dbwebb-kurser/mvc/me/report/tests/PokerSquares/PokerSquareRulesTest.php" line="33" assertions="1" time="0.001101"/>
        <testcase name="testAssessRoyalFlush" class="App\PokerSquares\PokerSquareRulesTest" classname="App.PokerSquares.PokerSquareRulesTest" file="/home/lohengrin/dbwebb-kurser/mvc/me/report/tests/PokerSquares/PokerSquareRulesTest.php" line="43" assertions="1" time="0.001802"/>
        <testcase name="testAssessFourOFAKind" class="App\PokerSquares\PokerSquareRulesTest" classname="App.PokerSquares.PokerSquareRulesTest" file="/home/lohengrin/dbwebb-kurser/mvc/me/report/tests/PokerSquares/PokerSquareRulesTest.php" line="65" assertions="1" time="0.002625"/>
        <testcase name="testAssessFlush" class="App\PokerSquares\PokerSquareRulesTest" classname="App.PokerSquares.PokerSquareRulesTest" file="/home/lohengrin/dbwebb-kurser/mvc/me/report/tests/PokerSquares/PokerSquareRulesTest.php" line="84" assertions="1" time="0.002238"/>
        <testcase name="testAssessThreeOFAKind" class="App\PokerSquares\PokerSquareRulesTest" classname="App.PokerSquares.PokerSquareRulesTest" file="/home/lohengrin/dbwebb-kurser/mvc/me/report/tests/PokerSquares/PokerSquareRulesTest.php" line="106" assertions="1" time="0.002802"/>
        <testcase name="testAssessOnePair" class="App\PokerSquares\PokerSquareRulesTest" classname="App.PokerSquares.PokerSquareRulesTest" file="/home/lohengrin/dbwebb-kurser/mvc/me/report/tests/PokerSquares/PokerSquareRulesTest.php" line="127" assertions="1" time="0.003268"/>
        <testcase name="testAssessHighCard" class="App\PokerSquares\PokerSquareRulesTest" classname="App.PokerSquares.PokerSquareRulesTest" file="/home/lohengrin/dbwebb-kurser/mvc/me/report/tests/PokerSquares/PokerSquareRulesTest.php" line="150" assertions="1" time="0.003142"/>
        <testcase name="testAssessEmptyHand" class="App\PokerSquares\PokerSquareRulesTest" classname="App.PokerSquares.PokerSquareRulesTest" file="/home/lohengrin/dbwebb-kurser/mvc/me/report/tests/PokerSquares/PokerSquareRulesTest.php" line="172" assertions="1" time="0.001071"/>
      </testsuite>
      <testsuite name="App\PokerSquares\PokerSquaresGameTest" file="/home/lohengrin/dbwebb-kurser/mvc/me/report/tests/PokerSquares/PokerSquaresGameTest.php" tests="8" assertions="22" errors="0" warnings="0" failures="0" skipped="0" time="0.027036">
        <testcase name="testCreateInstance" class="App\PokerSquares\PokerSquaresGameTest" classname="App.PokerSquares.PokerSquaresGameTest" file="/home/lohengrin/dbwebb-kurser/mvc/me/report/tests/PokerSquares/PokerSquaresGameTest.php" line="171" assertions="2" time="0.003839"/>
        <testcase name="testInitialState" class="App\PokerSquares\PokerSquaresGameTest" classname="App.PokerSquares.PokerSquaresGameTest" file="/home/lohengrin/dbwebb-kurser/mvc/me/report/tests/PokerSquares/PokerSquaresGameTest.php" line="182" assertions="7" time="0.002602"/>
        <testcase name="testGetRoundDataBeforeGame" class="App\PokerSquares\PokerSquaresGameTest" classname="App.PokerSquares.PokerSquaresGameTest" file="/home/lohengrin/dbwebb-kurser/mvc/me/report/tests/PokerSquares/PokerSquaresGameTest.php" line="200" assertions="6" time="0.002878"/>
        <testcase name="testGameIsNotOver" class="App\PokerSquares\PokerSquaresGameTest" classname="App.PokerSquares.PokerSquaresGameTest" file="/home/lohengrin/dbwebb-kurser/mvc/me/report/tests/PokerSquares/PokerSquaresGameTest.php" line="217" assertions="2" time="0.002974"/>
        <testcase name="testProcess" class="App\PokerSquares\PokerSquaresGameTest" classname="App.PokerSquares.PokerSquaresGameTest" file="/home/lohengrin/dbwebb-kurser/mvc/me/report/tests/PokerSquares/PokerSquaresGameTest.php" line="230" assertions="2" time="0.005400"/>
        <testcase name="testGetDurationInGame" class="App\PokerSquares\PokerSquaresGameTest" classname="App.PokerSquares.PokerSquaresGameTest" file="/home/lohengrin/dbwebb-kurser/mvc/me/report/tests/PokerSquares/PokerSquaresGameTest.php" line="257" assertions="1" time="0.002191"/>
        <testcase name="testGetDurationAtEndOfGame" class="App\PokerSquares\PokerSquaresGameTest" classname="App.PokerSquares.PokerSquaresGameTest" file="/home/lohengrin/dbwebb-kurser/mvc/me/report/tests/PokerSquares/PokerSquaresGameTest.php" line="280" assertions="1" time="0.002371"/>
        <testcase name="testCpuPlay" class="App\PokerSquares\PokerSquaresGameTest" classname="App.PokerSquares.PokerSquaresGameTest" file="/home/lohengrin/dbwebb-kurser/mvc/me/report/tests/PokerSquares/PokerSquaresGameTest.php" line="304" assertions="1" time="0.004781"/>
      </testsuite>
      <testsuite name="App\PokerSquares\Rule\FlushTest" file="/home/lohengrin/dbwebb-kurser/mvc/me/report/tests/PokerSquares/Rule/FlushTest.php" tests="3" assertions="3" errors="0" warnings="0" failures="0" skipped="0" time="0.003202">
        <testcase name="testCreateInstance" class="App\PokerSquares\Rule\FlushTest" classname="App.PokerSquares.Rule.FlushTest" file="/home/lohengrin/dbwebb-kurser/mvc/me/report/tests/PokerSquares/Rule/FlushTest.php" line="33" assertions="1" time="0.000748"/>
        <testcase name="testCheckHandValid" class="App\PokerSquares\Rule\FlushTest" classname="App.PokerSquares.Rule.FlushTest" file="/home/lohengrin/dbwebb-kurser/mvc/me/report/tests/PokerSquares/Rule/FlushTest.php" line="43" assertions="1" time="0.001250"/>
        <testcase name="testCheckHandInvalid" class="App\PokerSquares\Rule\FlushTest" classname="App.PokerSquares.Rule.FlushTest" file="/home/lohengrin/dbwebb-kurser/mvc/me/report/tests/PokerSquares/Rule/FlushTest.php" line="58" assertions="1" time="0.001205"/>
      </testsuite>
      <testsuite name="App\PokerSquares\Rule\FourOfAKindTest" file="/home/lohengrin/dbwebb-kurser/mvc/me/report/tests/PokerSquares/Rule/FourOfAKindTest.php" tests="3" assertions="3" errors="0" warnings="0" failures="0" skipped="0" time="0.003183">
        <testcase name="testCreateInstance" class="App\PokerSquares\Rule\FourOfAKindTest" classname="App.PokerSquares.Rule.FourOfAKindTest" file="/home/lohengrin/dbwebb-kurser/mvc/me/report/tests/PokerSquares/Rule/FourOfAKindTest.php" line="33" assertions="1" time="0.000715"/>
        <testcase name="testCheckHandValid" class="App\PokerSquares\Rule\FourOfAKindTest" classname="App.PokerSquares.Rule.FourOfAKindTest" file="/home/lohengrin/dbwebb-kurser/mvc/me/report/tests/PokerSquares/Rule/FourOfAKindTest.php" line="43" assertions="1" time="0.001287"/>
        <testcase name="testCheckHandInvalid" class="App\PokerSquares\Rule\FourOfAKindTest" classname="App.PokerSquares.Rule.FourOfAKindTest" file="/home/lohengrin/dbwebb-kurser/mvc/me/report/tests/PokerSquares/Rule/FourOfAKindTest.php" line="59" assertions="1" time="0.001181"/>
      </testsuite>
      <testsuite name="App\PokerSquares\Rule\FullHouseTest" file="/home/lohengrin/dbwebb-kurser/mvc/me/report/tests/PokerSquares/Rule/FullHouseTest.php" tests="3" assertions="3" errors="0" warnings="0" failures="0" skipped="0" time="0.004163">
        <testcase name="testCreateInstance" class="App\PokerSquares\Rule\FullHouseTest" classname="App.PokerSquares.Rule.FullHouseTest" file="/home/lohengrin/dbwebb-kurser/mvc/me/report/tests/PokerSquares/Rule/FullHouseTest.php" line="33" assertions="1" time="0.000952"/>
        <testcase name="testCheckHandValid" class="App\PokerSquares\Rule\FullHouseTest" classname="App.PokerSquares.Rule.FullHouseTest" file="/home/lohengrin/dbwebb-kurser/mvc/me/report/tests/PokerSquares/Rule/FullHouseTest.php" line="43" assertions="1" time="0.001503"/>
        <testcase name="testCheckHandInvalid" class="App\PokerSquares\Rule\FullHouseTest" classname="App.PokerSquares.Rule.FullHouseTest" file="/home/lohengrin/dbwebb-kurser/mvc/me/report/tests/PokerSquares/Rule/FullHouseTest.php" line="60" assertions="1" time="0.001708"/>
      </testsuite>
      <testsuite name="App\PokerSquares\Rule\HighCardTest" file="/home/lohengrin/dbwebb-kurser/mvc/me/report/tests/PokerSquares/Rule/HighCardTest.php" tests="3" assertions="3" errors="0" warnings="0" failures="0" skipped="0" time="0.004312">
        <testcase name="testCreateInstance" class="App\PokerSquares\Rule\HighCardTest" classname="App.PokerSquares.Rule.HighCardTest" file="/home/lohengrin/dbwebb-kurser/mvc/me/report/tests/PokerSquares/Rule/HighCardTest.php" line="33" assertions="1" time="0.000906"/>
        <testcase name="testCheckHandValid" class="App\PokerSquares\Rule\HighCardTest" classname="App.PokerSquares.Rule.HighCardTest" file="/home/lohengrin/dbwebb-kurser/mvc/me/report/tests/PokerSquares/Rule/HighCardTest.php" line="43" assertions="1" time="0.001881"/>
        <testcase name="testCheckHandValid2" class="App\PokerSquares\Rule\HighCardTest" classname="App.PokerSquares.Rule.HighCardTest" file="/home/lohengrin/dbwebb-kurser/mvc/me/report/tests/PokerSquares/Rule/HighCardTest.php" line="60" assertions="1" time="0.001526"/>
      </testsuite>
      <testsuite name="App\PokerSquares\Rule\OnePairTest" file="/home/lohengrin/dbwebb-kurser/mvc/me/report/tests/PokerSquares/Rule/OnePairTest.php" tests="3" assertions="3" errors="0" warnings="0" failures="0" skipped="0" time="0.003759">
        <testcase name="testCreateInstance" class="App\PokerSquares\Rule\OnePairTest" classname="App.PokerSquares.Rule.OnePairTest" file="/home/lohengrin/dbwebb-kurser/mvc/me/report/tests/PokerSquares/Rule/OnePairTest.php" line="33" assertions="1" time="0.000811"/>
        <testcase name="testCheckHandValid" class="App\PokerSquares\Rule\OnePairTest" classname="App.PokerSquares.Rule.OnePairTest" file="/home/lohengrin/dbwebb-kurser/mvc/me/report/tests/PokerSquares/Rule/OnePairTest.php" line="43" assertions="1" time="0.001499"/>
        <testcase name="testCheckHandInvalid" class="App\PokerSquares\Rule\OnePairTest" classname="App.PokerSquares.Rule.OnePairTest" file="/home/lohengrin/dbwebb-kurser/mvc/me/report/tests/PokerSquares/Rule/OnePairTest.php" line="60" assertions="1" time="0.001450"/>
      </testsuite>
      <testsuite name="App\PokerSquares\Rule\RoyalFlushTest" file="/home/lohengrin/dbwebb-kurser/mvc/me/report/tests/PokerSquares/Rule/RoyalFlushTest.php" tests="4" assertions="4" errors="0" warnings="0" failures="0" skipped="0" time="0.006472">
        <testcase name="testCreateInstance" class="App\PokerSquares\Rule\RoyalFlushTest" classname="App.PokerSquares.Rule.RoyalFlushTest" file="/home/lohengrin/dbwebb-kurser/mvc/me/report/tests/PokerSquares/Rule/RoyalFlushTest.php" line="33" assertions="1" time="0.001102"/>
        <testcase name="testCheckHandValid" class="App\PokerSquares\Rule\RoyalFlushTest" classname="App.PokerSquares.Rule.RoyalFlushTest" file="/home/lohengrin/dbwebb-kurser/mvc/me/report/tests/PokerSquares/Rule/RoyalFlushTest.php" line="43" assertions="1" time="0.001845"/>
        <testcase name="testCheckHandInvalid" class="App\PokerSquares\Rule\RoyalFlushTest" classname="App.PokerSquares.Rule.RoyalFlushTest" file="/home/lohengrin/dbwebb-kurser/mvc/me/report/tests/PokerSquares/Rule/RoyalFlushTest.php" line="65" assertions="1" time="0.001574"/>
        <testcase name="testCheckHandInvalid2" class="App\PokerSquares\Rule\RoyalFlushTest" classname="App.PokerSquares.Rule.RoyalFlushTest" file="/home/lohengrin/dbwebb-kurser/mvc/me/report/tests/PokerSquares/Rule/RoyalFlushTest.php" line="87" assertions="1" time="0.001951"/>
      </testsuite>
      <testsuite name="App\PokerSquares\Rule\StraightFlushTest" file="/home/lohengrin/dbwebb-kurser/mvc/me/report/tests/PokerSquares/Rule/StraightFlushTest.php" tests="4" assertions="4" errors="0" warnings="0" failures="0" skipped="0" time="0.006424">
        <testcase name="testCreateInstance" class="App\PokerSquares\Rule\StraightFlushTest" classname="App.PokerSquares.Rule.StraightFlushTest" file="/home/lohengrin/dbwebb-kurser/mvc/me/report/tests/PokerSquares/Rule/StraightFlushTest.php" line="33" assertions="1" time="0.000752"/>
        <testcase name="testCheckHandValid" class="App\PokerSquares\Rule\StraightFlushTest" classname="App.PokerSquares.Rule.StraightFlushTest" file="/home/lohengrin/dbwebb-kurser/mvc/me/report/tests/PokerSquares/Rule/StraightFlushTest.php" line="43" assertions="1" time="0.001785"/>
        <testcase name="testCheckHandInvalid" class="App\PokerSquares\Rule\StraightFlushTest" classname="App.PokerSquares.Rule.StraightFlushTest" file="/home/lohengrin/dbwebb-kurser/mvc/me/report/tests/PokerSquares/Rule/StraightFlushTest.php" line="65" assertions="1" time="0.001562"/>
        <testcase name="testCheckHandInvalid2" class="App\PokerSquares\Rule\StraightFlushTest" classname="App.PokerSquares.Rule.StraightFlushTest" file="/home/lohengrin/dbwebb-kurser/mvc/me/report/tests/PokerSquares/Rule/StraightFlushTest.php" line="87" assertions="1" time="0.002325"/>
      </testsuite>
      <testsuite name="App\PokerSquares\Rule\StraightTest" file="/home/lohengrin/dbwebb-kurser/mvc/me/report/tests/PokerSquares/Rule/StraightTest.php" tests="4" assertions="4" errors="0" warnings="0" failures="0" skipped="0" time="0.004841">
        <testcase name="testCreateInstance" class="App\PokerSquares\Rule\StraightTest" classname="App.PokerSquares.Rule.StraightTest" file="/home/lohengrin/dbwebb-kurser/mvc/me/report/tests/PokerSquares/Rule/StraightTest.php" line="33" assertions="1" time="0.000839"/>
        <testcase name="testCheckHandValid" class="App\PokerSquares\Rule\StraightTest" classname="App.PokerSquares.Rule.StraightTest" file="/home/lohengrin/dbwebb-kurser/mvc/me/report/tests/PokerSquares/Rule/StraightTest.php" line="43" assertions="1" time="0.001187"/>
        <testcase name="testCheckHandValid2" class="App\PokerSquares\Rule\StraightTest" classname="App.PokerSquares.Rule.StraightTest" file="/home/lohengrin/dbwebb-kurser/mvc/me/report/tests/PokerSquares/Rule/StraightTest.php" line="60" assertions="1" time="0.001556"/>
        <testcase name="testCheckHandInvalid" class="App\PokerSquares\Rule\StraightTest" classname="App.PokerSquares.Rule.StraightTest" file="/home/lohengrin/dbwebb-kurser/mvc/me/report/tests/PokerSquares/Rule/StraightTest.php" line="77" assertions="1" time="0.001260"/>
      </testsuite>
      <testsuite name="App\PokerSquares\Rule\ThreeOfAKindTest" file="/home/lohengrin/dbwebb-kurser/mvc/me/report/tests/PokerSquares/Rule/ThreeOfAKindTest.php" tests="3" assertions="3" errors="0" warnings="0" failures="0" skipped="0" time="0.003421">
        <testcase name="testCreateInstance" class="App\PokerSquares\Rule\ThreeOfAKindTest" classname="App.PokerSquares.Rule.ThreeOfAKindTest" file="/home/lohengrin/dbwebb-kurser/mvc/me/report/tests/PokerSquares/Rule/ThreeOfAKindTest.php" line="33" assertions="1" time="0.000774"/>
        <testcase name="testCheckHandValid" class="App\PokerSquares\Rule\ThreeOfAKindTest" classname="App.PokerSquares.Rule.ThreeOfAKindTest" file="/home/lohengrin/dbwebb-kurser/mvc/me/report/tests/PokerSquares/Rule/ThreeOfAKindTest.php" line="43" assertions="1" time="0.001362"/>
        <testcase name="testCheckHandInvalid" class="App\PokerSquares\Rule\ThreeOfAKindTest" classname="App.PokerSquares.Rule.ThreeOfAKindTest" file="/home/lohengrin/dbwebb-kurser/mvc/me/report/tests/PokerSquares/Rule/ThreeOfAKindTest.php" line="60" assertions="1" time="0.001285"/>
      </testsuite>
      <testsuite name="App\PokerSquares\Rule\TwoPairsTest" file="/home/lohengrin/dbwebb-kurser/mvc/me/report/tests/PokerSquares/Rule/TwoPairsTest.php" tests="3" assertions="3" errors="0" warnings="0" failures="0" skipped="0" time="0.003431">
        <testcase name="testCreateInstance" class="App\PokerSquares\Rule\TwoPairsTest" classname="App.PokerSquares.Rule.TwoPairsTest" file="/home/lohengrin/dbwebb-kurser/mvc/me/report/tests/PokerSquares/Rule/TwoPairsTest.php" line="34" assertions="1" time="0.000779"/>
        <testcase name="testCheckHandValid" class="App\PokerSquares\Rule\TwoPairsTest" classname="App.PokerSquares.Rule.TwoPairsTest" file="/home/lohengrin/dbwebb-kurser/mvc/me/report/tests/PokerSquares/Rule/TwoPairsTest.php" line="44" assertions="1" time="0.001325"/>
        <testcase name="testCheckHandInvalid" class="App\PokerSquares\Rule\TwoPairsTest" classname="App.PokerSquares.Rule.TwoPairsTest" file="/home/lohengrin/dbwebb-kurser/mvc/me/report/tests/PokerSquares/Rule/TwoPairsTest.php" line="61" assertions="1" time="0.001328"/>
      </testsuite>
      <testsuite name="App\Repository\BoardRepositoryTest" file="/home/lohengrin/dbwebb-kurser/mvc/me/report/tests/Repository/BoardRepositoryTest.php" tests="1" assertions="1" errors="0" warnings="0" failures="0" skipped="0" time="0.001491">
        <testcase name="testCreateInstance" class="App\Repository\BoardRepositoryTest" classname="App.Repository.BoardRepositoryTest" file="/home/lohengrin/dbwebb-kurser/mvc/me/report/tests/Repository/BoardRepositoryTest.php" line="16" assertions="1" time="0.001491"/>
      </testsuite>
      <testsuite name="App\Repository\PlayerRepositoryTest" file="/home/lohengrin/dbwebb-kurser/mvc/me/report/tests/Repository/PlayerRepositoryTest.php" tests="3" assertions="6" errors="0" warnings="0" failures="0" skipped="0" time="0.220060">
        <testcase name="testCreateInstance" class="App\Repository\PlayerRepositoryTest" classname="App.Repository.PlayerRepositoryTest" file="/home/lohengrin/dbwebb-kurser/mvc/me/report/tests/Repository/PlayerRepositoryTest.php" line="66" assertions="1" time="0.129194"/>
        <testcase name="testGetAllSortedByName" class="App\Repository\PlayerRepositoryTest" classname="App.Repository.PlayerRepositoryTest" file="/home/lohengrin/dbwebb-kurser/mvc/me/report/tests/Repository/PlayerRepositoryTest.php" line="76" assertions="3" time="0.061057"/>
        <testcase name="testGetPlayerByLevel" class="App\Repository\PlayerRepositoryTest" classname="App.Repository.PlayerRepositoryTest" file="/home/lohengrin/dbwebb-kurser/mvc/me/report/tests/Repository/PlayerRepositoryTest.php" line="90" assertions="2" time="0.029809"/>
      </testsuite>
      <testsuite name="App\Repository\RoundRepositoryTest" file="/home/lohengrin/dbwebb-kurser/mvc/me/report/tests/Repository/RoundRepositoryTest.php" tests="3" assertions="7" errors="0" warnings="0" failures="0" skipped="0" time="0.096668">
        <testcase name="testCreateInstance" class="App\Repository\RoundRepositoryTest" classname="App.Repository.RoundRepositoryTest" file="/home/lohengrin/dbwebb-kurser/mvc/me/report/tests/Repository/RoundRepositoryTest.php" line="98" assertions="1" time="0.028463"/>
        <testcase name="testGetTopRounds" class="App\Repository\RoundRepositoryTest" classname="App.Repository.RoundRepositoryTest" file="/home/lohengrin/dbwebb-kurser/mvc/me/report/tests/Repository/RoundRepositoryTest.php" line="108" assertions="3" time="0.034763"/>
        <testcase name="testGetLatestRounds" class="App\Repository\RoundRepositoryTest" classname="App.Repository.RoundRepositoryTest" file="/home/lohengrin/dbwebb-kurser/mvc/me/report/tests/Repository/RoundRepositoryTest.php" line="122" assertions="3" time="0.033442"/>
      </testsuite>
      <testsuite name="App\Repository\ScoreRepositoryTest" file="/home/lohengrin/dbwebb-kurser/mvc/me/report/tests/Repository/ScoreRepositoryTest.php" tests="1" assertions="1" errors="0" warnings="0" failures="0" skipped="0" time="0.000662">
        <testcase name="testCreateInstance" class="App\Repository\ScoreRepositoryTest" classname="App.Repository.ScoreRepositoryTest" file="/home/lohengrin/dbwebb-kurser/mvc/me/report/tests/Repository/ScoreRepositoryTest.php" line="16" assertions="1" time="0.000662"/>
      </testsuite>
      <testsuite name="App\Service\InitCpuPlayerServiceDbTest" file="/home/lohengrin/dbwebb-kurser/mvc/me/report/tests/Service/InitCpuPlayerServiceDbTest.php" tests="2" assertions="6" errors="0" warnings="0" failures="0" skipped="0" time="0.064258">
        <testcase name="testCreateInstance" class="App\Service\InitCpuPlayerServiceDbTest" classname="App.Service.InitCpuPlayerServiceDbTest" file="/home/lohengrin/dbwebb-kurser/mvc/me/report/tests/Service/InitCpuPlayerServiceDbTest.php" line="74" assertions="1" time="0.030399"/>
        <testcase name="testAddMissingPlayers" class="App\Service\InitCpuPlayerServiceDbTest" classname="App.Service.InitCpuPlayerServiceDbTest" file="/home/lohengrin/dbwebb-kurser/mvc/me/report/tests/Service/InitCpuPlayerServiceDbTest.php" line="84" assertions="5" time="0.033859"/>
      </testsuite>
      <testsuite name="App\Service\InitCpuPlayerServiceMockTest" file="/home/lohengrin/dbwebb-kurser/mvc/me/report/tests/Service/InitCpuPlayerServiceMockTest.php" tests="2" assertions="2" errors="0" warnings="0" failures="0" skipped="0" time="0.005303">
        <testcase name="testCreateInstance" class="App\Service\InitCpuPlayerServiceMockTest" classname="App.Service.InitCpuPlayerServiceMockTest" file="/home/lohengrin/dbwebb-kurser/mvc/me/report/tests/Service/InitCpuPlayerServiceMockTest.php" line="46" assertions="1" time="0.004052"/>
        <testcase name="testAddMissingPlayers" class="App\Service\InitCpuPlayerServiceMockTest" classname="App.Service.InitCpuPlayerServiceMockTest" file="/home/lohengrin/dbwebb-kurser/mvc/me/report/tests/Service/InitCpuPlayerServiceMockTest.php" line="76" assertions="1" time="0.001251"/>
      </testsuite>
      <testsuite name="App\Service\ResetDatabaseServiceTest" file="/home/lohengrin/dbwebb-kurser/mvc/me/report/tests/Service/ResetDatabaseServiceTest.php" tests="3" assertions="6" errors="0" warnings="0" failures="0" skipped="0" time="0.088065">
        <testcase name="testCreateInstance" class="App\Service\ResetDatabaseServiceTest" classname="App.Service.ResetDatabaseServiceTest" file="/home/lohengrin/dbwebb-kurser/mvc/me/report/tests/Service/ResetDatabaseServiceTest.php" line="79" assertions="1" time="0.026165"/>
        <testcase name="testResetDatabase" class="App\Service\ResetDatabaseServiceTest" classname="App.Service.ResetDatabaseServiceTest" file="/home/lohengrin/dbwebb-kurser/mvc/me/report/tests/Service/ResetDatabaseServiceTest.php" line="89" assertions="4" time="0.035312"/>
        <testcase name="testResetDatabaseFail" class="App\Service\ResetDatabaseServiceTest" classname="App.Service.ResetDatabaseServiceTest" file="/home/lohengrin/dbwebb-kurser/mvc/me/report/tests/Service/ResetDatabaseServiceTest.php" line="121" assertions="1" time="0.026588"/>
      </testsuite>
      <testsuite name="App\Service\SelectedPlayersServiceTest" file="/home/lohengrin/dbwebb-kurser/mvc/me/report/tests/Service/SelectedPlayersServiceTest.php" tests="2" assertions="3" errors="0" warnings="0" failures="0" skipped="0" time="0.052516">
        <testcase name="testCreateInstance" class="App\Service\SelectedPlayersServiceTest" classname="App.Service.SelectedPlayersServiceTest" file="/home/lohengrin/dbwebb-kurser/mvc/me/report/tests/Service/SelectedPlayersServiceTest.php" line="82" assertions="1" time="0.026822"/>
        <testcase name="testGetSelectedPlayers" class="App\Service\SelectedPlayersServiceTest" classname="App.Service.SelectedPlayersServiceTest" file="/home/lohengrin/dbwebb-kurser/mvc/me/report/tests/Service/SelectedPlayersServiceTest.php" line="92" assertions="2" time="0.025694"/>
      </testsuite>
    </testsuite>
  </testsuite>
</testsuites>
