<?xml version="1.0" encoding="UTF-8"?>
<testsuites>
  <testsuite name="" tests="193" assertions="333" errors="0" warnings="0" failures="0" skipped="0" time="1.282043">
    <testsuite name="Project Test Suite" tests="193" assertions="333" errors="0" warnings="0" failures="0" skipped="0" time="1.282043">
      <testsuite name="App\Card\CardDeckTest" file="/home/lohengrin/dbwebb-kurser/mvc/me/report/tests/Card/CardDeckTest.php" tests="7" assertions="15" errors="0" warnings="0" failures="0" skipped="0" time="0.044516">
        <testcase name="testCreateCardDeck" class="App\Card\CardDeckTest" classname="App.Card.CardDeckTest" file="/home/lohengrin/dbwebb-kurser/mvc/me/report/tests/Card/CardDeckTest.php" line="26" assertions="3" time="0.013751"/>
        <testcase name="testCreateCardDeckInvalid" class="App\Card\CardDeckTest" classname="App.Card.CardDeckTest" file="/home/lohengrin/dbwebb-kurser/mvc/me/report/tests/Card/CardDeckTest.php" line="38" assertions="1" time="0.001883"/>
        <testcase name="testGetAsString" class="App\Card\CardDeckTest" classname="App.Card.CardDeckTest" file="/home/lohengrin/dbwebb-kurser/mvc/me/report/tests/Card/CardDeckTest.php" line="49" assertions="2" time="0.002022"/>
        <testcase name="testSortAndShuffle" class="App\Card\CardDeckTest" classname="App.Card.CardDeckTest" file="/home/lohengrin/dbwebb-kurser/mvc/me/report/tests/Card/CardDeckTest.php" line="63" assertions="3" time="0.015876"/>
        <testcase name="testDrawWhenSorted" class="App\Card\CardDeckTest" classname="App.Card.CardDeckTest" file="/home/lohengrin/dbwebb-kurser/mvc/me/report/tests/Card/CardDeckTest.php" line="84" assertions="3" time="0.004562"/>
        <testcase name="testPeakSorted" class="App\Card\CardDeckTest" classname="App.Card.CardDeckTest" file="/home/lohengrin/dbwebb-kurser/mvc/me/report/tests/Card/CardDeckTest.php" line="99" assertions="2" time="0.005255"/>
        <testcase name="testPeakEmpty" class="App\Card\CardDeckTest" classname="App.Card.CardDeckTest" file="/home/lohengrin/dbwebb-kurser/mvc/me/report/tests/Card/CardDeckTest.php" line="114" assertions="1" time="0.001168"/>
      </testsuite>
      <testsuite name="App\Card\CardGame21Test" file="/home/lohengrin/dbwebb-kurser/mvc/me/report/tests/Card/CardGame21Test.php" tests="11" assertions="38" errors="0" warnings="0" failures="0" skipped="0" time="0.039808">
        <testcase name="testCreateCardGame21" class="App\Card\CardGame21Test" classname="App.Card.CardGame21Test" file="/home/lohengrin/dbwebb-kurser/mvc/me/report/tests/Card/CardGame21Test.php" line="58" assertions="1" time="0.018689"/>
        <testcase name="testInitialState" class="App\Card\CardGame21Test" classname="App.Card.CardGame21Test" file="/home/lohengrin/dbwebb-kurser/mvc/me/report/tests/Card/CardGame21Test.php" line="68" assertions="8" time="0.002215"/>
        <testcase name="testPlayerDrawsCard" class="App\Card\CardGame21Test" classname="App.Card.CardGame21Test" file="/home/lohengrin/dbwebb-kurser/mvc/me/report/tests/Card/CardGame21Test.php" line="94" assertions="4" time="0.001720"/>
        <testcase name="testPlayerLoosesAt24" class="App\Card\CardGame21Test" classname="App.Card.CardGame21Test" file="/home/lohengrin/dbwebb-kurser/mvc/me/report/tests/Card/CardGame21Test.php" line="120" assertions="3" time="0.002428"/>
        <testcase name="testSetAceRankValid" class="App\Card\CardGame21Test" classname="App.Card.CardGame21Test" file="/home/lohengrin/dbwebb-kurser/mvc/me/report/tests/Card/CardGame21Test.php" line="148" assertions="2" time="0.001973"/>
        <testcase name="testSetAceRankInvalid" class="App\Card\CardGame21Test" classname="App.Card.CardGame21Test" file="/home/lohengrin/dbwebb-kurser/mvc/me/report/tests/Card/CardGame21Test.php" line="167" assertions="2" time="0.001382"/>
        <testcase name="testBankWinsAt21" class="App\Card\CardGame21Test" classname="App.Card.CardGame21Test" file="/home/lohengrin/dbwebb-kurser/mvc/me/report/tests/Card/CardGame21Test.php" line="186" assertions="4" time="0.001809"/>
        <testcase name="testBankWinsAt18" class="App\Card\CardGame21Test" classname="App.Card.CardGame21Test" file="/home/lohengrin/dbwebb-kurser/mvc/me/report/tests/Card/CardGame21Test.php" line="215" assertions="4" time="0.001894"/>
        <testcase name="testBankLoosesAt24" class="App\Card\CardGame21Test" classname="App.Card.CardGame21Test" file="/home/lohengrin/dbwebb-kurser/mvc/me/report/tests/Card/CardGame21Test.php" line="245" assertions="4" time="0.001640"/>
        <testcase name="testPlayerWinsAt21" class="App\Card\CardGame21Test" classname="App.Card.CardGame21Test" file="/home/lohengrin/dbwebb-kurser/mvc/me/report/tests/Card/CardGame21Test.php" line="276" assertions="4" time="0.003970"/>
        <testcase name="testBankChooseAceRanks" class="App\Card\CardGame21Test" classname="App.Card.CardGame21Test" file="/home/lohengrin/dbwebb-kurser/mvc/me/report/tests/Card/CardGame21Test.php" line="308" assertions="2" time="0.002088"/>
      </testsuite>
      <testsuite name="App\Card\CardGraphicTest" file="/home/lohengrin/dbwebb-kurser/mvc/me/report/tests/Card/CardGraphicTest.php" tests="3" assertions="3" errors="0" warnings="0" failures="0" skipped="0" time="0.001446">
        <testcase name="testCorrectCardBack" class="App\Card\CardGraphicTest" classname="App.Card.CardGraphicTest" file="/home/lohengrin/dbwebb-kurser/mvc/me/report/tests/Card/CardGraphicTest.php" line="24" assertions="1" time="0.000570"/>
        <testcase name="testCorrectStringDigit" class="App\Card\CardGraphicTest" classname="App.Card.CardGraphicTest" file="/home/lohengrin/dbwebb-kurser/mvc/me/report/tests/Card/CardGraphicTest.php" line="35" assertions="1" time="0.000398"/>
        <testcase name="testCorrectStringFace" class="App\Card\CardGraphicTest" classname="App.Card.CardGraphicTest" file="/home/lohengrin/dbwebb-kurser/mvc/me/report/tests/Card/CardGraphicTest.php" line="46" assertions="1" time="0.000478"/>
      </testsuite>
      <testsuite name="App\Card\CardHandTest" file="/home/lohengrin/dbwebb-kurser/mvc/me/report/tests/Card/CardHandTest.php" tests="5" assertions="12" errors="0" warnings="0" failures="0" skipped="0" time="0.005726">
        <testcase name="testCreateCardHand" class="App\Card\CardHandTest" classname="App.Card.CardHandTest" file="/home/lohengrin/dbwebb-kurser/mvc/me/report/tests/Card/CardHandTest.php" line="38" assertions="2" time="0.000944"/>
        <testcase name="testDrawOneFromDeck" class="App\Card\CardHandTest" classname="App.Card.CardHandTest" file="/home/lohengrin/dbwebb-kurser/mvc/me/report/tests/Card/CardHandTest.php" line="49" assertions="4" time="0.001318"/>
        <testcase name="testDrawThreeFromDeck" class="App\Card\CardHandTest" classname="App.Card.CardHandTest" file="/home/lohengrin/dbwebb-kurser/mvc/me/report/tests/Card/CardHandTest.php" line="63" assertions="4" time="0.001314"/>
        <testcase name="testSetLastCardRankExisting" class="App\Card\CardHandTest" classname="App.Card.CardHandTest" file="/home/lohengrin/dbwebb-kurser/mvc/me/report/tests/Card/CardHandTest.php" line="77" assertions="1" time="0.001184"/>
        <testcase name="testSetLastCardRankEmpty" class="App\Card\CardHandTest" classname="App.Card.CardHandTest" file="/home/lohengrin/dbwebb-kurser/mvc/me/report/tests/Card/CardHandTest.php" line="88" assertions="1" time="0.000966"/>
      </testsuite>
      <testsuite name="App\Card\CardSvgTest" file="/home/lohengrin/dbwebb-kurser/mvc/me/report/tests/Card/CardSvgTest.php" tests="3" assertions="3" errors="0" warnings="0" failures="0" skipped="0" time="0.001287">
        <testcase name="testCorrectCardBack" class="App\Card\CardSvgTest" classname="App.Card.CardSvgTest" file="/home/lohengrin/dbwebb-kurser/mvc/me/report/tests/Card/CardSvgTest.php" line="24" assertions="1" time="0.000370"/>
        <testcase name="testStringRepr" class="App\Card\CardSvgTest" classname="App.Card.CardSvgTest" file="/home/lohengrin/dbwebb-kurser/mvc/me/report/tests/Card/CardSvgTest.php" line="35" assertions="1" time="0.000539"/>
        <testcase name="testStringReprAfterUpdate" class="App\Card\CardSvgTest" classname="App.Card.CardSvgTest" file="/home/lohengrin/dbwebb-kurser/mvc/me/report/tests/Card/CardSvgTest.php" line="46" assertions="1" time="0.000378"/>
      </testsuite>
      <testsuite name="App\Card\CardTest" file="/home/lohengrin/dbwebb-kurser/mvc/me/report/tests/Card/CardTest.php" tests="8" assertions="12" errors="0" warnings="0" failures="0" skipped="0" time="0.003318">
        <testcase name="testCreateCardValidArgs" class="App\Card\CardTest" classname="App.Card.CardTest" file="/home/lohengrin/dbwebb-kurser/mvc/me/report/tests/Card/CardTest.php" line="25" assertions="3" time="0.000377"/>
        <testcase name="testCreateCardInvalidSuit" class="App\Card\CardTest" classname="App.Card.CardTest" file="/home/lohengrin/dbwebb-kurser/mvc/me/report/tests/Card/CardTest.php" line="40" assertions="1" time="0.000550"/>
        <testcase name="testCreateCardInvalidRanks" class="App\Card\CardTest" classname="App.Card.CardTest" file="/home/lohengrin/dbwebb-kurser/mvc/me/report/tests/Card/CardTest.php" line="52" assertions="1" time="0.000446"/>
        <testcase name="testCorrectCardBack" class="App\Card\CardTest" classname="App.Card.CardTest" file="/home/lohengrin/dbwebb-kurser/mvc/me/report/tests/Card/CardTest.php" line="63" assertions="1" time="0.000367"/>
        <testcase name="testSetValidRank" class="App\Card\CardTest" classname="App.Card.CardTest" file="/home/lohengrin/dbwebb-kurser/mvc/me/report/tests/Card/CardTest.php" line="74" assertions="2" time="0.000388"/>
        <testcase name="testSetInvalidRank" class="App\Card\CardTest" classname="App.Card.CardTest" file="/home/lohengrin/dbwebb-kurser/mvc/me/report/tests/Card/CardTest.php" line="86" assertions="2" time="0.000392"/>
        <testcase name="testCorrectStringDigit" class="App\Card\CardTest" classname="App.Card.CardTest" file="/home/lohengrin/dbwebb-kurser/mvc/me/report/tests/Card/CardTest.php" line="98" assertions="1" time="0.000361"/>
        <testcase name="testCorrectStringFace" class="App\Card\CardTest" classname="App.Card.CardTest" file="/home/lohengrin/dbwebb-kurser/mvc/me/report/tests/Card/CardTest.php" line="109" assertions="1" time="0.000436"/>
      </testsuite>
      <testsuite name="App\Controller\Project\GameControllerTest" file="/home/lohengrin/dbwebb-kurser/mvc/me/report/tests/Controller/Project/MainControllerTest.php" tests="7" assertions="19" errors="0" warnings="0" failures="0" skipped="0" time="0.479011">
        <testcase name="testCreateInstance" class="App\Controller\Project\GameControllerTest" classname="App.Controller.Project.GameControllerTest" file="/home/lohengrin/dbwebb-kurser/mvc/me/report/tests/Controller/Project/MainControllerTest.php" line="27" assertions="1" time="0.125121"/>
        <testcase name="testRenderStart" class="App\Controller\Project\GameControllerTest" classname="App.Controller.Project.GameControllerTest" file="/home/lohengrin/dbwebb-kurser/mvc/me/report/tests/Controller/Project/MainControllerTest.php" line="38" assertions="3" time="0.164581"/>
        <testcase name="testRenderAbout" class="App\Controller\Project\GameControllerTest" classname="App.Controller.Project.GameControllerTest" file="/home/lohengrin/dbwebb-kurser/mvc/me/report/tests/Controller/Project/MainControllerTest.php" line="52" assertions="3" time="0.064248"/>
        <testcase name="testRenderDatabase" class="App\Controller\Project\GameControllerTest" classname="App.Controller.Project.GameControllerTest" file="/home/lohengrin/dbwebb-kurser/mvc/me/report/tests/Controller/Project/MainControllerTest.php" line="66" assertions="3" time="0.015647"/>
        <testcase name="testRenderGame" class="App\Controller\Project\GameControllerTest" classname="App.Controller.Project.GameControllerTest" file="/home/lohengrin/dbwebb-kurser/mvc/me/report/tests/Controller/Project/MainControllerTest.php" line="80" assertions="3" time="0.018007"/>
        <testcase name="testRenderRules" class="App\Controller\Project\GameControllerTest" classname="App.Controller.Project.GameControllerTest" file="/home/lohengrin/dbwebb-kurser/mvc/me/report/tests/Controller/Project/MainControllerTest.php" line="94" assertions="3" time="0.014738"/>
        <testcase name="testRenderApi" class="App\Controller\Project\GameControllerTest" classname="App.Controller.Project.GameControllerTest" file="/home/lohengrin/dbwebb-kurser/mvc/me/report/tests/Controller/Project/MainControllerTest.php" line="108" assertions="3" time="0.076669"/>
      </testsuite>
      <testsuite name="App\Dice\DiceGraphicTest" file="/home/lohengrin/dbwebb-kurser/mvc/me/report/tests/Dice/DiceGraphicTest.php" tests="3" assertions="9" errors="0" warnings="0" failures="0" skipped="0" time="0.003380">
        <testcase name="testCreateDiceGraphic" class="App\Dice\DiceGraphicTest" classname="App.Dice.DiceGraphicTest" file="/home/lohengrin/dbwebb-kurser/mvc/me/report/tests/Dice/DiceGraphicTest.php" line="25" assertions="3" time="0.001383"/>
        <testcase name="testRollDiceGraphic" class="App\Dice\DiceGraphicTest" classname="App.Dice.DiceGraphicTest" file="/home/lohengrin/dbwebb-kurser/mvc/me/report/tests/Dice/DiceGraphicTest.php" line="42" assertions="5" time="0.001429"/>
        <testcase name="testGetAsString" class="App\Dice\DiceGraphicTest" classname="App.Dice.DiceGraphicTest" file="/home/lohengrin/dbwebb-kurser/mvc/me/report/tests/Dice/DiceGraphicTest.php" line="57" assertions="1" time="0.000568"/>
      </testsuite>
      <testsuite name="App\Dice\DiceHandTest" file="/home/lohengrin/dbwebb-kurser/mvc/me/report/tests/Dice/DiceHandTest.php" tests="4" assertions="12" errors="0" warnings="0" failures="0" skipped="0" time="0.006053">
        <testcase name="testCreateDiceHand" class="App\Dice\DiceHandTest" classname="App.Dice.DiceHandTest" file="/home/lohengrin/dbwebb-kurser/mvc/me/report/tests/Dice/DiceHandTest.php" line="35" assertions="1" time="0.002423"/>
        <testcase name="testEmptyHand" class="App\Dice\DiceHandTest" classname="App.Dice.DiceHandTest" file="/home/lohengrin/dbwebb-kurser/mvc/me/report/tests/Dice/DiceHandTest.php" line="46" assertions="5" time="0.000803"/>
        <testcase name="testAddDice" class="App\Dice\DiceHandTest" classname="App.Dice.DiceHandTest" file="/home/lohengrin/dbwebb-kurser/mvc/me/report/tests/Dice/DiceHandTest.php" line="69" assertions="5" time="0.001759"/>
        <testcase name="testReset" class="App\Dice\DiceHandTest" classname="App.Dice.DiceHandTest" file="/home/lohengrin/dbwebb-kurser/mvc/me/report/tests/Dice/DiceHandTest.php" line="95" assertions="1" time="0.001068"/>
      </testsuite>
      <testsuite name="App\Dice\DiceTest" file="/home/lohengrin/dbwebb-kurser/mvc/me/report/tests/Dice/DiceTest.php" tests="6" assertions="22" errors="0" warnings="0" failures="0" skipped="0" time="0.003733">
        <testcase name="testCreateDice" class="App\Dice\DiceTest" classname="App.Dice.DiceTest" file="/home/lohengrin/dbwebb-kurser/mvc/me/report/tests/Dice/DiceTest.php" line="25" assertions="3" time="0.000395"/>
        <testcase name="testRollDice" class="App\Dice\DiceTest" classname="App.Dice.DiceTest" file="/home/lohengrin/dbwebb-kurser/mvc/me/report/tests/Dice/DiceTest.php" line="42" assertions="5" time="0.000663"/>
        <testcase name="testRoll4SidedDice" class="App\Dice\DiceTest" classname="App.Dice.DiceTest" file="/home/lohengrin/dbwebb-kurser/mvc/me/report/tests/Dice/DiceTest.php" line="57" assertions="8" time="0.000632"/>
        <testcase name="testRoll1SidedDice" class="App\Dice\DiceTest" classname="App.Dice.DiceTest" file="/home/lohengrin/dbwebb-kurser/mvc/me/report/tests/Dice/DiceTest.php" line="75" assertions="4" time="0.000620"/>
        <testcase name="testGetAsString" class="App\Dice\DiceTest" classname="App.Dice.DiceTest" file="/home/lohengrin/dbwebb-kurser/mvc/me/report/tests/Dice/DiceTest.php" line="89" assertions="1" time="0.000648"/>
        <testcase name="testResetDice" class="App\Dice\DiceTest" classname="App.Dice.DiceTest" file="/home/lohengrin/dbwebb-kurser/mvc/me/report/tests/Dice/DiceTest.php" line="100" assertions="1" time="0.000774"/>
      </testsuite>
      <testsuite name="App\Entity\BoardTest" file="/home/lohengrin/dbwebb-kurser/mvc/me/report/tests/Entity/BoardTest.php" tests="3" assertions="3" errors="0" warnings="0" failures="0" skipped="0" time="0.002268">
        <testcase name="testCreateInstance" class="App\Entity\BoardTest" classname="App.Entity.BoardTest" file="/home/lohengrin/dbwebb-kurser/mvc/me/report/tests/Entity/BoardTest.php" line="35" assertions="1" time="0.001419"/>
        <testcase name="testGetData" class="App\Entity\BoardTest" classname="App.Entity.BoardTest" file="/home/lohengrin/dbwebb-kurser/mvc/me/report/tests/Entity/BoardTest.php" line="45" assertions="1" time="0.000420"/>
        <testcase name="testGetId" class="App\Entity\BoardTest" classname="App.Entity.BoardTest" file="/home/lohengrin/dbwebb-kurser/mvc/me/report/tests/Entity/BoardTest.php" line="56" assertions="1" time="0.000429"/>
      </testsuite>
      <testsuite name="App\Entity\PlayerTest" file="/home/lohengrin/dbwebb-kurser/mvc/me/report/tests/Entity/PlayerTest.php" tests="7" assertions="7" errors="0" warnings="0" failures="0" skipped="0" time="0.012725">
        <testcase name="testCreateInstance" class="App\Entity\PlayerTest" classname="App.Entity.PlayerTest" file="/home/lohengrin/dbwebb-kurser/mvc/me/report/tests/Entity/PlayerTest.php" line="29" assertions="1" time="0.009196"/>
        <testcase name="testGetId" class="App\Entity\PlayerTest" classname="App.Entity.PlayerTest" file="/home/lohengrin/dbwebb-kurser/mvc/me/report/tests/Entity/PlayerTest.php" line="39" assertions="1" time="0.000562"/>
        <testcase name="testGetName" class="App\Entity\PlayerTest" classname="App.Entity.PlayerTest" file="/home/lohengrin/dbwebb-kurser/mvc/me/report/tests/Entity/PlayerTest.php" line="49" assertions="1" time="0.000539"/>
        <testcase name="testSetAndGetType" class="App\Entity\PlayerTest" classname="App.Entity.PlayerTest" file="/home/lohengrin/dbwebb-kurser/mvc/me/report/tests/Entity/PlayerTest.php" line="59" assertions="1" time="0.000512"/>
        <testcase name="testSetAndGetLevel" class="App\Entity\PlayerTest" classname="App.Entity.PlayerTest" file="/home/lohengrin/dbwebb-kurser/mvc/me/report/tests/Entity/PlayerTest.php" line="70" assertions="1" time="0.000564"/>
        <testcase name="testSetAndGetRounds" class="App\Entity\PlayerTest" classname="App.Entity.PlayerTest" file="/home/lohengrin/dbwebb-kurser/mvc/me/report/tests/Entity/PlayerTest.php" line="81" assertions="1" time="0.000543"/>
        <testcase name="testRemoveRound" class="App\Entity\PlayerTest" classname="App.Entity.PlayerTest" file="/home/lohengrin/dbwebb-kurser/mvc/me/report/tests/Entity/PlayerTest.php" line="91" assertions="1" time="0.000809"/>
      </testsuite>
      <testsuite name="App\Entity\RoundTest" file="/home/lohengrin/dbwebb-kurser/mvc/me/report/tests/Entity/RoundTest.php" tests="8" assertions="8" errors="0" warnings="0" failures="0" skipped="0" time="0.009042">
        <testcase name="testCreateInstance" class="App\Entity\RoundTest" classname="App.Entity.RoundTest" file="/home/lohengrin/dbwebb-kurser/mvc/me/report/tests/Entity/RoundTest.php" line="43" assertions="1" time="0.003316"/>
        <testcase name="testGetId" class="App\Entity\RoundTest" classname="App.Entity.RoundTest" file="/home/lohengrin/dbwebb-kurser/mvc/me/report/tests/Entity/RoundTest.php" line="53" assertions="1" time="0.000701"/>
        <testcase name="testGetPlayer" class="App\Entity\RoundTest" classname="App.Entity.RoundTest" file="/home/lohengrin/dbwebb-kurser/mvc/me/report/tests/Entity/RoundTest.php" line="63" assertions="1" time="0.000639"/>
        <testcase name="testGetBoard" class="App\Entity\RoundTest" classname="App.Entity.RoundTest" file="/home/lohengrin/dbwebb-kurser/mvc/me/report/tests/Entity/RoundTest.php" line="73" assertions="1" time="0.000654"/>
        <testcase name="testGetScore" class="App\Entity\RoundTest" classname="App.Entity.RoundTest" file="/home/lohengrin/dbwebb-kurser/mvc/me/report/tests/Entity/RoundTest.php" line="83" assertions="1" time="0.000648"/>
        <testcase name="testGetStart" class="App\Entity\RoundTest" classname="App.Entity.RoundTest" file="/home/lohengrin/dbwebb-kurser/mvc/me/report/tests/Entity/RoundTest.php" line="93" assertions="1" time="0.000709"/>
        <testcase name="testGetFinish" class="App\Entity\RoundTest" classname="App.Entity.RoundTest" file="/home/lohengrin/dbwebb-kurser/mvc/me/report/tests/Entity/RoundTest.php" line="103" assertions="1" time="0.001677"/>
        <testcase name="testGetDuration" class="App\Entity\RoundTest" classname="App.Entity.RoundTest" file="/home/lohengrin/dbwebb-kurser/mvc/me/report/tests/Entity/RoundTest.php" line="113" assertions="1" time="0.000697"/>
      </testsuite>
      <testsuite name="App\Entity\ScoreTest" file="/home/lohengrin/dbwebb-kurser/mvc/me/report/tests/Entity/ScoreTest.php" tests="5" assertions="5" errors="0" warnings="0" failures="0" skipped="0" time="0.002624">
        <testcase name="testCreateInstance" class="App\Entity\ScoreTest" classname="App.Entity.ScoreTest" file="/home/lohengrin/dbwebb-kurser/mvc/me/report/tests/Entity/ScoreTest.php" line="45" assertions="1" time="0.000431"/>
        <testcase name="testGetId" class="App\Entity\ScoreTest" classname="App.Entity.ScoreTest" file="/home/lohengrin/dbwebb-kurser/mvc/me/report/tests/Entity/ScoreTest.php" line="55" assertions="1" time="0.000538"/>
        <testcase name="testTotalScore" class="App\Entity\ScoreTest" classname="App.Entity.ScoreTest" file="/home/lohengrin/dbwebb-kurser/mvc/me/report/tests/Entity/ScoreTest.php" line="65" assertions="1" time="0.000698"/>
        <testcase name="testHandScore" class="App\Entity\ScoreTest" classname="App.Entity.ScoreTest" file="/home/lohengrin/dbwebb-kurser/mvc/me/report/tests/Entity/ScoreTest.php" line="75" assertions="1" time="0.000422"/>
        <testcase name="testInvalidHandName" class="App\Entity\ScoreTest" classname="App.Entity.ScoreTest" file="/home/lohengrin/dbwebb-kurser/mvc/me/report/tests/Entity/ScoreTest.php" line="85" assertions="1" time="0.000535"/>
      </testsuite>
      <testsuite name="App\Form\ConfirmDeleteTypeTest" file="/home/lohengrin/dbwebb-kurser/mvc/me/report/tests/Form/ConfirmDeleteTypeTest.php" tests="2" assertions="6" errors="0" warnings="0" failures="0" skipped="0" time="0.022989">
        <testcase name="testSubmitValidData" class="App\Form\ConfirmDeleteTypeTest" classname="App.Form.ConfirmDeleteTypeTest" file="/home/lohengrin/dbwebb-kurser/mvc/me/report/tests/Form/ConfirmDeleteTypeTest.php" line="31" assertions="3" time="0.021601"/>
        <testcase name="testSubmitCustomOptions" class="App\Form\ConfirmDeleteTypeTest" classname="App.Form.ConfirmDeleteTypeTest" file="/home/lohengrin/dbwebb-kurser/mvc/me/report/tests/Form/ConfirmDeleteTypeTest.php" line="50" assertions="3" time="0.001388"/>
      </testsuite>
      <testsuite name="App\Form\ConfirmTypeTest" file="/home/lohengrin/dbwebb-kurser/mvc/me/report/tests/Form/ConfirmTypeTest.php" tests="2" assertions="5" errors="0" warnings="0" failures="0" skipped="0" time="0.006259">
        <testcase name="testSubmitValidData" class="App\Form\ConfirmTypeTest" classname="App.Form.ConfirmTypeTest" file="/home/lohengrin/dbwebb-kurser/mvc/me/report/tests/Form/ConfirmTypeTest.php" line="31" assertions="3" time="0.004595"/>
        <testcase name="testSubmitCustomOptions" class="App\Form\ConfirmTypeTest" classname="App.Form.ConfirmTypeTest" file="/home/lohengrin/dbwebb-kurser/mvc/me/report/tests/Form/ConfirmTypeTest.php" line="50" assertions="2" time="0.001664"/>
      </testsuite>
      <testsuite name="App\Form\PlayerSelectTypeTest" file="/home/lohengrin/dbwebb-kurser/mvc/me/report/tests/Form/PlayerSelectTypeTest.php" tests="2" assertions="5" errors="0" warnings="0" failures="0" skipped="0" time="0.012601">
        <testcase name="testSubmitValidData" class="App\Form\PlayerSelectTypeTest" classname="App.Form.PlayerSelectTypeTest" file="/home/lohengrin/dbwebb-kurser/mvc/me/report/tests/Form/PlayerSelectTypeTest.php" line="47" assertions="4" time="0.010610"/>
        <testcase name="testCustomSubmitLabel" class="App\Form\PlayerSelectTypeTest" classname="App.Form.PlayerSelectTypeTest" file="/home/lohengrin/dbwebb-kurser/mvc/me/report/tests/Form/PlayerSelectTypeTest.php" line="81" assertions="1" time="0.001991"/>
      </testsuite>
      <testsuite name="App\Form\PlayerTypeTest" file="/home/lohengrin/dbwebb-kurser/mvc/me/report/tests/Form/PlayerTypeTest.php" tests="2" assertions="8" errors="0" warnings="0" failures="0" skipped="0" time="0.004230">
        <testcase name="testSubmitValidData" class="App\Form\PlayerTypeTest" classname="App.Form.PlayerTypeTest" file="/home/lohengrin/dbwebb-kurser/mvc/me/report/tests/Form/PlayerTypeTest.php" line="32" assertions="6" time="0.002698"/>
        <testcase name="testCustomSubmitLabel" class="App\Form\PlayerTypeTest" classname="App.Form.PlayerTypeTest" file="/home/lohengrin/dbwebb-kurser/mvc/me/report/tests/Form/PlayerTypeTest.php" line="66" assertions="2" time="0.001532"/>
      </testsuite>
      <testsuite name="App\PokerSquares\AmericanScoresTest" file="/home/lohengrin/dbwebb-kurser/mvc/me/report/tests/PokerSquares/AmericanScoresTest.php" tests="3" assertions="3" errors="0" warnings="0" failures="0" skipped="0" time="0.002099">
        <testcase name="testCreateInstance" class="App\PokerSquares\AmericanScoresTest" classname="App.PokerSquares.AmericanScoresTest" file="/home/lohengrin/dbwebb-kurser/mvc/me/report/tests/PokerSquares/AmericanScoresTest.php" line="25" assertions="1" time="0.001200"/>
        <testcase name="testAllScores" class="App\PokerSquares\AmericanScoresTest" classname="App.PokerSquares.AmericanScoresTest" file="/home/lohengrin/dbwebb-kurser/mvc/me/report/tests/PokerSquares/AmericanScoresTest.php" line="35" assertions="1" time="0.000396"/>
        <testcase name="testInvalidRuleArgument" class="App\PokerSquares\AmericanScoresTest" classname="App.PokerSquares.AmericanScoresTest" file="/home/lohengrin/dbwebb-kurser/mvc/me/report/tests/PokerSquares/AmericanScoresTest.php" line="63" assertions="1" time="0.000503"/>
      </testsuite>
      <testsuite name="App\PokerSquares\Cpu\Cpu1Test" file="/home/lohengrin/dbwebb-kurser/mvc/me/report/tests/PokerSquares/Cpu/Cpu1Test.php" tests="2" assertions="2" errors="0" warnings="0" failures="0" skipped="0" time="0.001994">
        <testcase name="testSuggestPlacement" class="App\PokerSquares\Cpu\Cpu1Test" classname="App.PokerSquares.Cpu.Cpu1Test" file="/home/lohengrin/dbwebb-kurser/mvc/me/report/tests/PokerSquares/Cpu/Cpu1Test.php" line="36" assertions="1" time="0.001349"/>
        <testcase name="testSuggestNoPlacement" class="App\PokerSquares\Cpu\Cpu1Test" classname="App.PokerSquares.Cpu.Cpu1Test" file="/home/lohengrin/dbwebb-kurser/mvc/me/report/tests/PokerSquares/Cpu/Cpu1Test.php" line="53" assertions="1" time="0.000646"/>
      </testsuite>
      <testsuite name="App\PokerSquares\Cpu\Cpu2Test" file="/home/lohengrin/dbwebb-kurser/mvc/me/report/tests/PokerSquares/Cpu/Cpu2Test.php" tests="4" assertions="4" errors="0" warnings="0" failures="0" skipped="0" time="0.004244">
        <testcase name="testSuggestPreferredPlacement" class="App\PokerSquares\Cpu\Cpu2Test" classname="App.PokerSquares.Cpu.Cpu2Test" file="/home/lohengrin/dbwebb-kurser/mvc/me/report/tests/PokerSquares/Cpu/Cpu2Test.php" line="37" assertions="1" time="0.001970"/>
        <testcase name="testSuggestTrashPlacement" class="App\PokerSquares\Cpu\Cpu2Test" classname="App.PokerSquares.Cpu.Cpu2Test" file="/home/lohengrin/dbwebb-kurser/mvc/me/report/tests/PokerSquares/Cpu/Cpu2Test.php" line="48" assertions="1" time="0.000797"/>
        <testcase name="testSuggestFirstEmptyPlacement" class="App\PokerSquares\Cpu\Cpu2Test" classname="App.PokerSquares.Cpu.Cpu2Test" file="/home/lohengrin/dbwebb-kurser/mvc/me/report/tests/PokerSquares/Cpu/Cpu2Test.php" line="66" assertions="1" time="0.000740"/>
        <testcase name="testSuggestNoPlacement" class="App\PokerSquares\Cpu\Cpu2Test" classname="App.PokerSquares.Cpu.Cpu2Test" file="/home/lohengrin/dbwebb-kurser/mvc/me/report/tests/PokerSquares/Cpu/Cpu2Test.php" line="84" assertions="1" time="0.000736"/>
      </testsuite>
      <testsuite name="App\PokerSquares\Cpu\Cpu3Test" file="/home/lohengrin/dbwebb-kurser/mvc/me/report/tests/PokerSquares/Cpu/Cpu3Test.php" tests="7" assertions="7" errors="0" warnings="0" failures="0" skipped="0" time="0.013966">
        <testcase name="testSuggestPreferredPlacement1" class="App\PokerSquares\Cpu\Cpu3Test" classname="App.PokerSquares.Cpu.Cpu3Test" file="/home/lohengrin/dbwebb-kurser/mvc/me/report/tests/PokerSquares/Cpu/Cpu3Test.php" line="44" assertions="1" time="0.002559"/>
        <testcase name="testSuggestPreferredPlacement2" class="App\PokerSquares\Cpu\Cpu3Test" classname="App.PokerSquares.Cpu.Cpu3Test" file="/home/lohengrin/dbwebb-kurser/mvc/me/report/tests/PokerSquares/Cpu/Cpu3Test.php" line="57" assertions="1" time="0.001213"/>
        <testcase name="testSuggestTrashPlacement1" class="App\PokerSquares\Cpu\Cpu3Test" classname="App.PokerSquares.Cpu.Cpu3Test" file="/home/lohengrin/dbwebb-kurser/mvc/me/report/tests/PokerSquares/Cpu/Cpu3Test.php" line="68" assertions="1" time="0.001427"/>
        <testcase name="testSuggestTrashPlacement2" class="App\PokerSquares\Cpu\Cpu3Test" classname="App.PokerSquares.Cpu.Cpu3Test" file="/home/lohengrin/dbwebb-kurser/mvc/me/report/tests/PokerSquares/Cpu/Cpu3Test.php" line="89" assertions="1" time="0.001747"/>
        <testcase name="testSuggestFirstEmptyPlacement1" class="App\PokerSquares\Cpu\Cpu3Test" classname="App.PokerSquares.Cpu.Cpu3Test" file="/home/lohengrin/dbwebb-kurser/mvc/me/report/tests/PokerSquares/Cpu/Cpu3Test.php" line="107" assertions="1" time="0.002065"/>
        <testcase name="testSuggestFirstEmptyPlacement2" class="App\PokerSquares\Cpu\Cpu3Test" classname="App.PokerSquares.Cpu.Cpu3Test" file="/home/lohengrin/dbwebb-kurser/mvc/me/report/tests/PokerSquares/Cpu/Cpu3Test.php" line="128" assertions="1" time="0.002164"/>
        <testcase name="testSuggestNoPlacement" class="App\PokerSquares\Cpu\Cpu3Test" classname="App.PokerSquares.Cpu.Cpu3Test" file="/home/lohengrin/dbwebb-kurser/mvc/me/report/tests/PokerSquares/Cpu/Cpu3Test.php" line="146" assertions="1" time="0.002791"/>
      </testsuite>
      <testsuite name="App\PokerSquares\Cpu\CpuFactoryTest" file="/home/lohengrin/dbwebb-kurser/mvc/me/report/tests/PokerSquares/Cpu/CpuFactoryTest.php" tests="2" assertions="2" errors="0" warnings="0" failures="0" skipped="0" time="0.001456">
        <testcase name="testGetCpuIntel" class="App\PokerSquares\Cpu\CpuFactoryTest" classname="App.PokerSquares.Cpu.CpuFactoryTest" file="/home/lohengrin/dbwebb-kurser/mvc/me/report/tests/PokerSquares/Cpu/CpuFactoryTest.php" line="15" assertions="1" time="0.000896"/>
        <testcase name="testGetNoCpuIntel" class="App\PokerSquares\Cpu\CpuFactoryTest" classname="App.PokerSquares.Cpu.CpuFactoryTest" file="/home/lohengrin/dbwebb-kurser/mvc/me/report/tests/PokerSquares/Cpu/CpuFactoryTest.php" line="25" assertions="1" time="0.000561"/>
      </testsuite>
      <testsuite name="App\PokerSquares\GameManagerTest" file="/home/lohengrin/dbwebb-kurser/mvc/me/report/tests/PokerSquares/GameManagerTest.php" tests="10" assertions="13" errors="0" warnings="0" failures="0" skipped="0" time="0.011134">
        <testcase name="testCreateInstance" class="App\PokerSquares\GameManagerTest" classname="App.PokerSquares.GameManagerTest" file="/home/lohengrin/dbwebb-kurser/mvc/me/report/tests/PokerSquares/GameManagerTest.php" line="63" assertions="1" time="0.003823"/>
        <testcase name="testCreateInvalidInstance" class="App\PokerSquares\GameManagerTest" classname="App.PokerSquares.GameManagerTest" file="/home/lohengrin/dbwebb-kurser/mvc/me/report/tests/PokerSquares/GameManagerTest.php" line="73" assertions="1" time="0.000961"/>
        <testcase name="testGetGameByIndex" class="App\PokerSquares\GameManagerTest" classname="App.PokerSquares.GameManagerTest" file="/home/lohengrin/dbwebb-kurser/mvc/me/report/tests/PokerSquares/GameManagerTest.php" line="84" assertions="1" time="0.000660"/>
        <testcase name="testGetNoGameByIndex" class="App\PokerSquares\GameManagerTest" classname="App.PokerSquares.GameManagerTest" file="/home/lohengrin/dbwebb-kurser/mvc/me/report/tests/PokerSquares/GameManagerTest.php" line="95" assertions="1" time="0.000691"/>
        <testcase name="testGetCurrentGame" class="App\PokerSquares\GameManagerTest" classname="App.PokerSquares.GameManagerTest" file="/home/lohengrin/dbwebb-kurser/mvc/me/report/tests/PokerSquares/GameManagerTest.php" line="106" assertions="1" time="0.000746"/>
        <testcase name="testGetNoCurrentGame" class="App\PokerSquares\GameManagerTest" classname="App.PokerSquares.GameManagerTest" file="/home/lohengrin/dbwebb-kurser/mvc/me/report/tests/PokerSquares/GameManagerTest.php" line="117" assertions="1" time="0.000769"/>
        <testcase name="testAllGamesAreNotOver" class="App\PokerSquares\GameManagerTest" classname="App.PokerSquares.GameManagerTest" file="/home/lohengrin/dbwebb-kurser/mvc/me/report/tests/PokerSquares/GameManagerTest.php" line="129" assertions="1" time="0.000744"/>
        <testcase name="testAllGamesAreOver" class="App\PokerSquares\GameManagerTest" classname="App.PokerSquares.GameManagerTest" file="/home/lohengrin/dbwebb-kurser/mvc/me/report/tests/PokerSquares/GameManagerTest.php" line="139" assertions="1" time="0.000753"/>
        <testcase name="testGetAllGameStates" class="App\PokerSquares\GameManagerTest" classname="App.PokerSquares.GameManagerTest" file="/home/lohengrin/dbwebb-kurser/mvc/me/report/tests/PokerSquares/GameManagerTest.php" line="150" assertions="1" time="0.000810"/>
        <testcase name="testGetConclusion" class="App\PokerSquares\GameManagerTest" classname="App.PokerSquares.GameManagerTest" file="/home/lohengrin/dbwebb-kurser/mvc/me/report/tests/PokerSquares/GameManagerTest.php" line="161" assertions="4" time="0.001177"/>
      </testsuite>
      <testsuite name="App\PokerSquares\GameboardTest" file="/home/lohengrin/dbwebb-kurser/mvc/me/report/tests/PokerSquares/GameboardTest.php" tests="11" assertions="15" errors="0" warnings="0" failures="0" skipped="0" time="0.011821">
        <testcase name="testCreateGameboard" class="App\PokerSquares\GameboardTest" classname="App.PokerSquares.GameboardTest" file="/home/lohengrin/dbwebb-kurser/mvc/me/report/tests/PokerSquares/GameboardTest.php" line="41" assertions="2" time="0.001927"/>
        <testcase name="testGetBoard" class="App\PokerSquares\GameboardTest" classname="App.PokerSquares.GameboardTest" file="/home/lohengrin/dbwebb-kurser/mvc/me/report/tests/PokerSquares/GameboardTest.php" line="52" assertions="1" time="0.000808"/>
        <testcase name="testExportEntity" class="App\PokerSquares\GameboardTest" classname="App.PokerSquares.GameboardTest" file="/home/lohengrin/dbwebb-kurser/mvc/me/report/tests/PokerSquares/GameboardTest.php" line="62" assertions="1" time="0.001241"/>
        <testcase name="testBoardIsEmpty" class="App\PokerSquares\GameboardTest" classname="App.PokerSquares.GameboardTest" file="/home/lohengrin/dbwebb-kurser/mvc/me/report/tests/PokerSquares/GameboardTest.php" line="73" assertions="2" time="0.001085"/>
        <testcase name="testPlaceCardValidSlot" class="App\PokerSquares\GameboardTest" classname="App.PokerSquares.GameboardTest" file="/home/lohengrin/dbwebb-kurser/mvc/me/report/tests/PokerSquares/GameboardTest.php" line="84" assertions="1" time="0.000909"/>
        <testcase name="testPlaceCardInvalidSlot" class="App\PokerSquares\GameboardTest" classname="App.PokerSquares.GameboardTest" file="/home/lohengrin/dbwebb-kurser/mvc/me/report/tests/PokerSquares/GameboardTest.php" line="96" assertions="1" time="0.001141"/>
        <testcase name="testPlaceCardInvalidReuseSlot" class="App\PokerSquares\GameboardTest" classname="App.PokerSquares.GameboardTest" file="/home/lohengrin/dbwebb-kurser/mvc/me/report/tests/PokerSquares/GameboardTest.php" line="107" assertions="1" time="0.000971"/>
        <testcase name="testBoardHasOneCard" class="App\PokerSquares\GameboardTest" classname="App.PokerSquares.GameboardTest" file="/home/lohengrin/dbwebb-kurser/mvc/me/report/tests/PokerSquares/GameboardTest.php" line="119" assertions="1" time="0.000845"/>
        <testcase name="testBordIsFull" class="App\PokerSquares\GameboardTest" classname="App.PokerSquares.GameboardTest" file="/home/lohengrin/dbwebb-kurser/mvc/me/report/tests/PokerSquares/GameboardTest.php" line="130" assertions="1" time="0.000876"/>
        <testcase name="testgetAllHandsFull" class="App\PokerSquares\GameboardTest" classname="App.PokerSquares.GameboardTest" file="/home/lohengrin/dbwebb-kurser/mvc/me/report/tests/PokerSquares/GameboardTest.php" line="140" assertions="2" time="0.001122"/>
        <testcase name="testgetAllHandsEmpty" class="App\PokerSquares\GameboardTest" classname="App.PokerSquares.GameboardTest" file="/home/lohengrin/dbwebb-kurser/mvc/me/report/tests/PokerSquares/GameboardTest.php" line="154" assertions="2" time="0.000896"/>
      </testsuite>
      <testsuite name="App\PokerSquares\PokerSquareRulesTest" file="/home/lohengrin/dbwebb-kurser/mvc/me/report/tests/PokerSquares/PokerSquareRulesTest.php" tests="8" assertions="8" errors="0" warnings="0" failures="0" skipped="0" time="0.026288">
        <testcase name="testCreateInstance" class="App\PokerSquares\PokerSquareRulesTest" classname="App.PokerSquares.PokerSquareRulesTest" file="/home/lohengrin/dbwebb-kurser/mvc/me/report/tests/PokerSquares/PokerSquareRulesTest.php" line="33" assertions="1" time="0.009777"/>
        <testcase name="testAssessRoyalFlush" class="App\PokerSquares\PokerSquareRulesTest" classname="App.PokerSquares.PokerSquareRulesTest" file="/home/lohengrin/dbwebb-kurser/mvc/me/report/tests/PokerSquares/PokerSquareRulesTest.php" line="43" assertions="1" time="0.002146"/>
        <testcase name="testAssessFourOFAKind" class="App\PokerSquares\PokerSquareRulesTest" classname="App.PokerSquares.PokerSquareRulesTest" file="/home/lohengrin/dbwebb-kurser/mvc/me/report/tests/PokerSquares/PokerSquareRulesTest.php" line="65" assertions="1" time="0.001999"/>
        <testcase name="testAssessFlush" class="App\PokerSquares\PokerSquareRulesTest" classname="App.PokerSquares.PokerSquareRulesTest" file="/home/lohengrin/dbwebb-kurser/mvc/me/report/tests/PokerSquares/PokerSquareRulesTest.php" line="84" assertions="1" time="0.002265"/>
        <testcase name="testAssessThreeOFAKind" class="App\PokerSquares\PokerSquareRulesTest" classname="App.PokerSquares.PokerSquareRulesTest" file="/home/lohengrin/dbwebb-kurser/mvc/me/report/tests/PokerSquares/PokerSquareRulesTest.php" line="106" assertions="1" time="0.002798"/>
        <testcase name="testAssessOnePair" class="App\PokerSquares\PokerSquareRulesTest" classname="App.PokerSquares.PokerSquareRulesTest" file="/home/lohengrin/dbwebb-kurser/mvc/me/report/tests/PokerSquares/PokerSquareRulesTest.php" line="127" assertions="1" time="0.002991"/>
        <testcase name="testAssessHighCard" class="App\PokerSquares\PokerSquareRulesTest" classname="App.PokerSquares.PokerSquareRulesTest" file="/home/lohengrin/dbwebb-kurser/mvc/me/report/tests/PokerSquares/PokerSquareRulesTest.php" line="150" assertions="1" time="0.003098"/>
        <testcase name="testAssessEmptyHand" class="App\PokerSquares\PokerSquareRulesTest" classname="App.PokerSquares.PokerSquareRulesTest" file="/home/lohengrin/dbwebb-kurser/mvc/me/report/tests/PokerSquares/PokerSquareRulesTest.php" line="172" assertions="1" time="0.001214"/>
      </testsuite>
      <testsuite name="App\PokerSquares\PokerSquaresGameTest" file="/home/lohengrin/dbwebb-kurser/mvc/me/report/tests/PokerSquares/PokerSquaresGameTest.php" tests="8" assertions="22" errors="0" warnings="0" failures="0" skipped="0" time="0.026312">
        <testcase name="testCreateInstance" class="App\PokerSquares\PokerSquaresGameTest" classname="App.PokerSquares.PokerSquaresGameTest" file="/home/lohengrin/dbwebb-kurser/mvc/me/report/tests/PokerSquares/PokerSquaresGameTest.php" line="171" assertions="2" time="0.003325"/>
        <testcase name="testInitialState" class="App\PokerSquares\PokerSquaresGameTest" classname="App.PokerSquares.PokerSquaresGameTest" file="/home/lohengrin/dbwebb-kurser/mvc/me/report/tests/PokerSquares/PokerSquaresGameTest.php" line="182" assertions="7" time="0.003090"/>
        <testcase name="testGetRoundDataBeforeGame" class="App\PokerSquares\PokerSquaresGameTest" classname="App.PokerSquares.PokerSquaresGameTest" file="/home/lohengrin/dbwebb-kurser/mvc/me/report/tests/PokerSquares/PokerSquaresGameTest.php" line="200" assertions="6" time="0.002854"/>
        <testcase name="testGameIsNotOver" class="App\PokerSquares\PokerSquaresGameTest" classname="App.PokerSquares.PokerSquaresGameTest" file="/home/lohengrin/dbwebb-kurser/mvc/me/report/tests/PokerSquares/PokerSquaresGameTest.php" line="217" assertions="2" time="0.002854"/>
        <testcase name="testProcess" class="App\PokerSquares\PokerSquaresGameTest" classname="App.PokerSquares.PokerSquaresGameTest" file="/home/lohengrin/dbwebb-kurser/mvc/me/report/tests/PokerSquares/PokerSquaresGameTest.php" line="230" assertions="2" time="0.004617"/>
        <testcase name="testGetDurationInGame" class="App\PokerSquares\PokerSquaresGameTest" classname="App.PokerSquares.PokerSquaresGameTest" file="/home/lohengrin/dbwebb-kurser/mvc/me/report/tests/PokerSquares/PokerSquaresGameTest.php" line="257" assertions="1" time="0.002354"/>
        <testcase name="testGetDurationAtEndOfGame" class="App\PokerSquares\PokerSquaresGameTest" classname="App.PokerSquares.PokerSquaresGameTest" file="/home/lohengrin/dbwebb-kurser/mvc/me/report/tests/PokerSquares/PokerSquaresGameTest.php" line="280" assertions="1" time="0.002446"/>
        <testcase name="testCpuPlay" class="App\PokerSquares\PokerSquaresGameTest" classname="App.PokerSquares.PokerSquaresGameTest" file="/home/lohengrin/dbwebb-kurser/mvc/me/report/tests/PokerSquares/PokerSquaresGameTest.php" line="304" assertions="1" time="0.004773"/>
      </testsuite>
      <testsuite name="App\PokerSquares\Rule\FlushTest" file="/home/lohengrin/dbwebb-kurser/mvc/me/report/tests/PokerSquares/Rule/FlushTest.php" tests="3" assertions="3" errors="0" warnings="0" failures="0" skipped="0" time="0.003485">
        <testcase name="testCreateInstance" class="App\PokerSquares\Rule\FlushTest" classname="App.PokerSquares.Rule.FlushTest" file="/home/lohengrin/dbwebb-kurser/mvc/me/report/tests/PokerSquares/Rule/FlushTest.php" line="33" assertions="1" time="0.000769"/>
        <testcase name="testCheckHandValid" class="App\PokerSquares\Rule\FlushTest" classname="App.PokerSquares.Rule.FlushTest" file="/home/lohengrin/dbwebb-kurser/mvc/me/report/tests/PokerSquares/Rule/FlushTest.php" line="43" assertions="1" time="0.001221"/>
        <testcase name="testCheckHandInvalid" class="App\PokerSquares\Rule\FlushTest" classname="App.PokerSquares.Rule.FlushTest" file="/home/lohengrin/dbwebb-kurser/mvc/me/report/tests/PokerSquares/Rule/FlushTest.php" line="58" assertions="1" time="0.001494"/>
      </testsuite>
      <testsuite name="App\PokerSquares\Rule\FourOfAKindTest" file="/home/lohengrin/dbwebb-kurser/mvc/me/report/tests/PokerSquares/Rule/FourOfAKindTest.php" tests="3" assertions="3" errors="0" warnings="0" failures="0" skipped="0" time="0.003267">
        <testcase name="testCreateInstance" class="App\PokerSquares\Rule\FourOfAKindTest" classname="App.PokerSquares.Rule.FourOfAKindTest" file="/home/lohengrin/dbwebb-kurser/mvc/me/report/tests/PokerSquares/Rule/FourOfAKindTest.php" line="33" assertions="1" time="0.000707"/>
        <testcase name="testCheckHandValid" class="App\PokerSquares\Rule\FourOfAKindTest" classname="App.PokerSquares.Rule.FourOfAKindTest" file="/home/lohengrin/dbwebb-kurser/mvc/me/report/tests/PokerSquares/Rule/FourOfAKindTest.php" line="43" assertions="1" time="0.001276"/>
        <testcase name="testCheckHandInvalid" class="App\PokerSquares\Rule\FourOfAKindTest" classname="App.PokerSquares.Rule.FourOfAKindTest" file="/home/lohengrin/dbwebb-kurser/mvc/me/report/tests/PokerSquares/Rule/FourOfAKindTest.php" line="59" assertions="1" time="0.001285"/>
      </testsuite>
      <testsuite name="App\PokerSquares\Rule\FullHouseTest" file="/home/lohengrin/dbwebb-kurser/mvc/me/report/tests/PokerSquares/Rule/FullHouseTest.php" tests="3" assertions="3" errors="0" warnings="0" failures="0" skipped="0" time="0.003707">
        <testcase name="testCreateInstance" class="App\PokerSquares\Rule\FullHouseTest" classname="App.PokerSquares.Rule.FullHouseTest" file="/home/lohengrin/dbwebb-kurser/mvc/me/report/tests/PokerSquares/Rule/FullHouseTest.php" line="33" assertions="1" time="0.000866"/>
        <testcase name="testCheckHandValid" class="App\PokerSquares\Rule\FullHouseTest" classname="App.PokerSquares.Rule.FullHouseTest" file="/home/lohengrin/dbwebb-kurser/mvc/me/report/tests/PokerSquares/Rule/FullHouseTest.php" line="43" assertions="1" time="0.001218"/>
        <testcase name="testCheckHandInvalid" class="App\PokerSquares\Rule\FullHouseTest" classname="App.PokerSquares.Rule.FullHouseTest" file="/home/lohengrin/dbwebb-kurser/mvc/me/report/tests/PokerSquares/Rule/FullHouseTest.php" line="60" assertions="1" time="0.001622"/>
      </testsuite>
      <testsuite name="App\PokerSquares\Rule\HighCardTest" file="/home/lohengrin/dbwebb-kurser/mvc/me/report/tests/PokerSquares/Rule/HighCardTest.php" tests="3" assertions="3" errors="0" warnings="0" failures="0" skipped="0" time="0.003454">
        <testcase name="testCreateInstance" class="App\PokerSquares\Rule\HighCardTest" classname="App.PokerSquares.Rule.HighCardTest" file="/home/lohengrin/dbwebb-kurser/mvc/me/report/tests/PokerSquares/Rule/HighCardTest.php" line="33" assertions="1" time="0.000819"/>
        <testcase name="testCheckHandValid" class="App\PokerSquares\Rule\HighCardTest" classname="App.PokerSquares.Rule.HighCardTest" file="/home/lohengrin/dbwebb-kurser/mvc/me/report/tests/PokerSquares/Rule/HighCardTest.php" line="43" assertions="1" time="0.001361"/>
        <testcase name="testCheckHandValid2" class="App\PokerSquares\Rule\HighCardTest" classname="App.PokerSquares.Rule.HighCardTest" file="/home/lohengrin/dbwebb-kurser/mvc/me/report/tests/PokerSquares/Rule/HighCardTest.php" line="60" assertions="1" time="0.001274"/>
      </testsuite>
      <testsuite name="App\PokerSquares\Rule\OnePairTest" file="/home/lohengrin/dbwebb-kurser/mvc/me/report/tests/PokerSquares/Rule/OnePairTest.php" tests="3" assertions="3" errors="0" warnings="0" failures="0" skipped="0" time="0.003467">
        <testcase name="testCreateInstance" class="App\PokerSquares\Rule\OnePairTest" classname="App.PokerSquares.Rule.OnePairTest" file="/home/lohengrin/dbwebb-kurser/mvc/me/report/tests/PokerSquares/Rule/OnePairTest.php" line="33" assertions="1" time="0.000773"/>
        <testcase name="testCheckHandValid" class="App\PokerSquares\Rule\OnePairTest" classname="App.PokerSquares.Rule.OnePairTest" file="/home/lohengrin/dbwebb-kurser/mvc/me/report/tests/PokerSquares/Rule/OnePairTest.php" line="43" assertions="1" time="0.001191"/>
        <testcase name="testCheckHandInvalid" class="App\PokerSquares\Rule\OnePairTest" classname="App.PokerSquares.Rule.OnePairTest" file="/home/lohengrin/dbwebb-kurser/mvc/me/report/tests/PokerSquares/Rule/OnePairTest.php" line="60" assertions="1" time="0.001503"/>
      </testsuite>
      <testsuite name="App\PokerSquares\Rule\RoyalFlushTest" file="/home/lohengrin/dbwebb-kurser/mvc/me/report/tests/PokerSquares/Rule/RoyalFlushTest.php" tests="4" assertions="4" errors="0" warnings="0" failures="0" skipped="0" time="0.005891">
        <testcase name="testCreateInstance" class="App\PokerSquares\Rule\RoyalFlushTest" classname="App.PokerSquares.Rule.RoyalFlushTest" file="/home/lohengrin/dbwebb-kurser/mvc/me/report/tests/PokerSquares/Rule/RoyalFlushTest.php" line="33" assertions="1" time="0.000762"/>
        <testcase name="testCheckHandValid" class="App\PokerSquares\Rule\RoyalFlushTest" classname="App.PokerSquares.Rule.RoyalFlushTest" file="/home/lohengrin/dbwebb-kurser/mvc/me/report/tests/PokerSquares/Rule/RoyalFlushTest.php" line="43" assertions="1" time="0.001737"/>
        <testcase name="testCheckHandInvalid" class="App\PokerSquares\Rule\RoyalFlushTest" classname="App.PokerSquares.Rule.RoyalFlushTest" file="/home/lohengrin/dbwebb-kurser/mvc/me/report/tests/PokerSquares/Rule/RoyalFlushTest.php" line="65" assertions="1" time="0.001529"/>
        <testcase name="testCheckHandInvalid2" class="App\PokerSquares\Rule\RoyalFlushTest" classname="App.PokerSquares.Rule.RoyalFlushTest" file="/home/lohengrin/dbwebb-kurser/mvc/me/report/tests/PokerSquares/Rule/RoyalFlushTest.php" line="87" assertions="1" time="0.001863"/>
      </testsuite>
      <testsuite name="App\PokerSquares\Rule\StraightFlushTest" file="/home/lohengrin/dbwebb-kurser/mvc/me/report/tests/PokerSquares/Rule/StraightFlushTest.php" tests="4" assertions="4" errors="0" warnings="0" failures="0" skipped="0" time="0.006024">
        <testcase name="testCreateInstance" class="App\PokerSquares\Rule\StraightFlushTest" classname="App.PokerSquares.Rule.StraightFlushTest" file="/home/lohengrin/dbwebb-kurser/mvc/me/report/tests/PokerSquares/Rule/StraightFlushTest.php" line="33" assertions="1" time="0.000897"/>
        <testcase name="testCheckHandValid" class="App\PokerSquares\Rule\StraightFlushTest" classname="App.PokerSquares.Rule.StraightFlushTest" file="/home/lohengrin/dbwebb-kurser/mvc/me/report/tests/PokerSquares/Rule/StraightFlushTest.php" line="43" assertions="1" time="0.001712"/>
        <testcase name="testCheckHandInvalid" class="App\PokerSquares\Rule\StraightFlushTest" classname="App.PokerSquares.Rule.StraightFlushTest" file="/home/lohengrin/dbwebb-kurser/mvc/me/report/tests/PokerSquares/Rule/StraightFlushTest.php" line="65" assertions="1" time="0.001541"/>
        <testcase name="testCheckHandInvalid2" class="App\PokerSquares\Rule\StraightFlushTest" classname="App.PokerSquares.Rule.StraightFlushTest" file="/home/lohengrin/dbwebb-kurser/mvc/me/report/tests/PokerSquares/Rule/StraightFlushTest.php" line="87" assertions="1" time="0.001874"/>
      </testsuite>
      <testsuite name="App\PokerSquares\Rule\StraightTest" file="/home/lohengrin/dbwebb-kurser/mvc/me/report/tests/PokerSquares/Rule/StraightTest.php" tests="4" assertions="4" errors="0" warnings="0" failures="0" skipped="0" time="0.004783">
        <testcase name="testCreateInstance" class="App\PokerSquares\Rule\StraightTest" classname="App.PokerSquares.Rule.StraightTest" file="/home/lohengrin/dbwebb-kurser/mvc/me/report/tests/PokerSquares/Rule/StraightTest.php" line="33" assertions="1" time="0.000891"/>
        <testcase name="testCheckHandValid" class="App\PokerSquares\Rule\StraightTest" classname="App.PokerSquares.Rule.StraightTest" file="/home/lohengrin/dbwebb-kurser/mvc/me/report/tests/PokerSquares/Rule/StraightTest.php" line="43" assertions="1" time="0.001180"/>
        <testcase name="testCheckHandValid2" class="App\PokerSquares\Rule\StraightTest" classname="App.PokerSquares.Rule.StraightTest" file="/home/lohengrin/dbwebb-kurser/mvc/me/report/tests/PokerSquares/Rule/StraightTest.php" line="60" assertions="1" time="0.001428"/>
        <testcase name="testCheckHandInvalid" class="App\PokerSquares\Rule\StraightTest" classname="App.PokerSquares.Rule.StraightTest" file="/home/lohengrin/dbwebb-kurser/mvc/me/report/tests/PokerSquares/Rule/StraightTest.php" line="77" assertions="1" time="0.001285"/>
      </testsuite>
      <testsuite name="App\PokerSquares\Rule\ThreeOfAKindTest" file="/home/lohengrin/dbwebb-kurser/mvc/me/report/tests/PokerSquares/Rule/ThreeOfAKindTest.php" tests="3" assertions="3" errors="0" warnings="0" failures="0" skipped="0" time="0.003375">
        <testcase name="testCreateInstance" class="App\PokerSquares\Rule\ThreeOfAKindTest" classname="App.PokerSquares.Rule.ThreeOfAKindTest" file="/home/lohengrin/dbwebb-kurser/mvc/me/report/tests/PokerSquares/Rule/ThreeOfAKindTest.php" line="33" assertions="1" time="0.000793"/>
        <testcase name="testCheckHandValid" class="App\PokerSquares\Rule\ThreeOfAKindTest" classname="App.PokerSquares.Rule.ThreeOfAKindTest" file="/home/lohengrin/dbwebb-kurser/mvc/me/report/tests/PokerSquares/Rule/ThreeOfAKindTest.php" line="43" assertions="1" time="0.001217"/>
        <testcase name="testCheckHandInvalid" class="App\PokerSquares\Rule\ThreeOfAKindTest" classname="App.PokerSquares.Rule.ThreeOfAKindTest" file="/home/lohengrin/dbwebb-kurser/mvc/me/report/tests/PokerSquares/Rule/ThreeOfAKindTest.php" line="60" assertions="1" time="0.001365"/>
      </testsuite>
      <testsuite name="App\PokerSquares\Rule\TwoPairsTest" file="/home/lohengrin/dbwebb-kurser/mvc/me/report/tests/PokerSquares/Rule/TwoPairsTest.php" tests="3" assertions="3" errors="0" warnings="0" failures="0" skipped="0" time="0.003180">
        <testcase name="testCreateInstance" class="App\PokerSquares\Rule\TwoPairsTest" classname="App.PokerSquares.Rule.TwoPairsTest" file="/home/lohengrin/dbwebb-kurser/mvc/me/report/tests/PokerSquares/Rule/TwoPairsTest.php" line="34" assertions="1" time="0.000736"/>
        <testcase name="testCheckHandValid" class="App\PokerSquares\Rule\TwoPairsTest" classname="App.PokerSquares.Rule.TwoPairsTest" file="/home/lohengrin/dbwebb-kurser/mvc/me/report/tests/PokerSquares/Rule/TwoPairsTest.php" line="44" assertions="1" time="0.001226"/>
        <testcase name="testCheckHandInvalid" class="App\PokerSquares\Rule\TwoPairsTest" classname="App.PokerSquares.Rule.TwoPairsTest" file="/home/lohengrin/dbwebb-kurser/mvc/me/report/tests/PokerSquares/Rule/TwoPairsTest.php" line="61" assertions="1" time="0.001217"/>
      </testsuite>
      <testsuite name="App\Repository\BoardRepositoryTest" file="/home/lohengrin/dbwebb-kurser/mvc/me/report/tests/Repository/BoardRepositoryTest.php" tests="1" assertions="1" errors="0" warnings="0" failures="0" skipped="0" time="0.001927">
        <testcase name="testCreateInstance" class="App\Repository\BoardRepositoryTest" classname="App.Repository.BoardRepositoryTest" file="/home/lohengrin/dbwebb-kurser/mvc/me/report/tests/Repository/BoardRepositoryTest.php" line="16" assertions="1" time="0.001927"/>
      </testsuite>
      <testsuite name="App\Repository\PlayerRepositoryTest" file="/home/lohengrin/dbwebb-kurser/mvc/me/report/tests/Repository/PlayerRepositoryTest.php" tests="3" assertions="6" errors="0" warnings="0" failures="0" skipped="0" time="0.209573">
        <testcase name="testCreateInstance" class="App\Repository\PlayerRepositoryTest" classname="App.Repository.PlayerRepositoryTest" file="/home/lohengrin/dbwebb-kurser/mvc/me/report/tests/Repository/PlayerRepositoryTest.php" line="66" assertions="1" time="0.119164"/>
        <testcase name="testGetAllSortedByName" class="App\Repository\PlayerRepositoryTest" classname="App.Repository.PlayerRepositoryTest" file="/home/lohengrin/dbwebb-kurser/mvc/me/report/tests/Repository/PlayerRepositoryTest.php" line="76" assertions="3" time="0.059259"/>
        <testcase name="testGetPlayerByLevel" class="App\Repository\PlayerRepositoryTest" classname="App.Repository.PlayerRepositoryTest" file="/home/lohengrin/dbwebb-kurser/mvc/me/report/tests/Repository/PlayerRepositoryTest.php" line="90" assertions="2" time="0.031150"/>
      </testsuite>
      <testsuite name="App\Repository\RoundRepositoryTest" file="/home/lohengrin/dbwebb-kurser/mvc/me/report/tests/Repository/RoundRepositoryTest.php" tests="3" assertions="7" errors="0" warnings="0" failures="0" skipped="0" time="0.081455">
        <testcase name="testCreateInstance" class="App\Repository\RoundRepositoryTest" classname="App.Repository.RoundRepositoryTest" file="/home/lohengrin/dbwebb-kurser/mvc/me/report/tests/Repository/RoundRepositoryTest.php" line="98" assertions="1" time="0.026412"/>
        <testcase name="testGetTopRounds" class="App\Repository\RoundRepositoryTest" classname="App.Repository.RoundRepositoryTest" file="/home/lohengrin/dbwebb-kurser/mvc/me/report/tests/Repository/RoundRepositoryTest.php" line="108" assertions="3" time="0.027527"/>
        <testcase name="testGetLatestRounds" class="App\Repository\RoundRepositoryTest" classname="App.Repository.RoundRepositoryTest" file="/home/lohengrin/dbwebb-kurser/mvc/me/report/tests/Repository/RoundRepositoryTest.php" line="122" assertions="3" time="0.027515"/>
      </testsuite>
      <testsuite name="App\Repository\ScoreRepositoryTest" file="/home/lohengrin/dbwebb-kurser/mvc/me/report/tests/Repository/ScoreRepositoryTest.php" tests="1" assertions="1" errors="0" warnings="0" failures="0" skipped="0" time="0.001064">
        <testcase name="testCreateInstance" class="App\Repository\ScoreRepositoryTest" classname="App.Repository.ScoreRepositoryTest" file="/home/lohengrin/dbwebb-kurser/mvc/me/report/tests/Repository/ScoreRepositoryTest.php" line="16" assertions="1" time="0.001064"/>
      </testsuite>
      <testsuite name="App\Service\InitCpuPlayerServiceDbTest" file="/home/lohengrin/dbwebb-kurser/mvc/me/report/tests/Service/InitCpuPlayerServiceDbTest.php" tests="2" assertions="6" errors="0" warnings="0" failures="0" skipped="0" time="0.053066">
        <testcase name="testCreateInstance" class="App\Service\InitCpuPlayerServiceDbTest" classname="App.Service.InitCpuPlayerServiceDbTest" file="/home/lohengrin/dbwebb-kurser/mvc/me/report/tests/Service/InitCpuPlayerServiceDbTest.php" line="74" assertions="1" time="0.023613"/>
        <testcase name="testAddMissingPlayers" class="App\Service\InitCpuPlayerServiceDbTest" classname="App.Service.InitCpuPlayerServiceDbTest" file="/home/lohengrin/dbwebb-kurser/mvc/me/report/tests/Service/InitCpuPlayerServiceDbTest.php" line="84" assertions="5" time="0.029453"/>
      </testsuite>
      <testsuite name="App\Service\InitCpuPlayerServiceMockTest" file="/home/lohengrin/dbwebb-kurser/mvc/me/report/tests/Service/InitCpuPlayerServiceMockTest.php" tests="2" assertions="2" errors="0" warnings="0" failures="0" skipped="0" time="0.004552">
        <testcase name="testCreateInstance" class="App\Service\InitCpuPlayerServiceMockTest" classname="App.Service.InitCpuPlayerServiceMockTest" file="/home/lohengrin/dbwebb-kurser/mvc/me/report/tests/Service/InitCpuPlayerServiceMockTest.php" line="46" assertions="1" time="0.003410"/>
        <testcase name="testAddMissingPlayers" class="App\Service\InitCpuPlayerServiceMockTest" classname="App.Service.InitCpuPlayerServiceMockTest" file="/home/lohengrin/dbwebb-kurser/mvc/me/report/tests/Service/InitCpuPlayerServiceMockTest.php" line="76" assertions="1" time="0.001142"/>
      </testsuite>
      <testsuite name="App\Service\ResetDatabaseServiceTest" file="/home/lohengrin/dbwebb-kurser/mvc/me/report/tests/Service/ResetDatabaseServiceTest.php" tests="3" assertions="6" errors="0" warnings="0" failures="0" skipped="0" time="0.080010">
        <testcase name="testCreateInstance" class="App\Service\ResetDatabaseServiceTest" classname="App.Service.ResetDatabaseServiceTest" file="/home/lohengrin/dbwebb-kurser/mvc/me/report/tests/Service/ResetDatabaseServiceTest.php" line="79" assertions="1" time="0.024226"/>
        <testcase name="testResetDatabase" class="App\Service\ResetDatabaseServiceTest" classname="App.Service.ResetDatabaseServiceTest" file="/home/lohengrin/dbwebb-kurser/mvc/me/report/tests/Service/ResetDatabaseServiceTest.php" line="89" assertions="4" time="0.025951"/>
        <testcase name="testResetDatabaseFail" class="App\Service\ResetDatabaseServiceTest" classname="App.Service.ResetDatabaseServiceTest" file="/home/lohengrin/dbwebb-kurser/mvc/me/report/tests/Service/ResetDatabaseServiceTest.php" line="121" assertions="1" time="0.029833"/>
      </testsuite>
      <testsuite name="App\Service\SelectedPlayersServiceTest" file="/home/lohengrin/dbwebb-kurser/mvc/me/report/tests/Service/SelectedPlayersServiceTest.php" tests="2" assertions="3" errors="0" warnings="0" failures="0" skipped="0" time="0.049437">
        <testcase name="testCreateInstance" class="App\Service\SelectedPlayersServiceTest" classname="App.Service.SelectedPlayersServiceTest" file="/home/lohengrin/dbwebb-kurser/mvc/me/report/tests/Service/SelectedPlayersServiceTest.php" line="82" assertions="1" time="0.025773"/>
        <testcase name="testGetSelectedPlayers" class="App\Service\SelectedPlayersServiceTest" classname="App.Service.SelectedPlayersServiceTest" file="/home/lohengrin/dbwebb-kurser/mvc/me/report/tests/Service/SelectedPlayersServiceTest.php" line="92" assertions="2" time="0.023664"/>
      </testsuite>
    </testsuite>
  </testsuite>
</testsuites>
