<?xml version="1.0" encoding="UTF-8"?>
<testsuites>
  <testsuite name="" tests="170" assertions="282" errors="0" warnings="0" failures="0" skipped="0" time="0.374755">
    <testsuite name="Project Test Suite" tests="170" assertions="282" errors="0" warnings="0" failures="0" skipped="0" time="0.374755">
      <testsuite name="App\Card\CardDeckTest" file="/home/lohengrin/dbwebb-kurser/mvc/me/report/tests/Card/CardDeckTest.php" tests="6" assertions="13" errors="0" warnings="0" failures="0" skipped="0" time="0.044742">
        <testcase name="testCreateCardDeck" class="App\Card\CardDeckTest" classname="App.Card.CardDeckTest" file="/home/lohengrin/dbwebb-kurser/mvc/me/report/tests/Card/CardDeckTest.php" line="30" assertions="3" time="0.013561"/>
        <testcase name="testCreateCardDeckInvalid" class="App\Card\CardDeckTest" classname="App.Card.CardDeckTest" file="/home/lohengrin/dbwebb-kurser/mvc/me/report/tests/Card/CardDeckTest.php" line="42" assertions="1" time="0.001994"/>
        <testcase name="testGetAsString" class="App\Card\CardDeckTest" classname="App.Card.CardDeckTest" file="/home/lohengrin/dbwebb-kurser/mvc/me/report/tests/Card/CardDeckTest.php" line="53" assertions="2" time="0.002012"/>
        <testcase name="testSortAndShuffle" class="App\Card\CardDeckTest" classname="App.Card.CardDeckTest" file="/home/lohengrin/dbwebb-kurser/mvc/me/report/tests/Card/CardDeckTest.php" line="67" assertions="3" time="0.016712"/>
        <testcase name="testDrawWhenSorted" class="App\Card\CardDeckTest" classname="App.Card.CardDeckTest" file="/home/lohengrin/dbwebb-kurser/mvc/me/report/tests/Card/CardDeckTest.php" line="88" assertions="3" time="0.005331"/>
        <testcase name="testPeakSorted" class="App\Card\CardDeckTest" classname="App.Card.CardDeckTest" file="/home/lohengrin/dbwebb-kurser/mvc/me/report/tests/Card/CardDeckTest.php" line="103" assertions="1" time="0.005132"/>
      </testsuite>
      <testsuite name="App\Card\CardGame21Test" file="/home/lohengrin/dbwebb-kurser/mvc/me/report/tests/Card/CardGame21Test.php" tests="11" assertions="38" errors="0" warnings="0" failures="0" skipped="0" time="0.042206">
        <testcase name="testCreateCardGame21" class="App\Card\CardGame21Test" classname="App.Card.CardGame21Test" file="/home/lohengrin/dbwebb-kurser/mvc/me/report/tests/Card/CardGame21Test.php" line="57" assertions="1" time="0.019098"/>
        <testcase name="testInitialState" class="App\Card\CardGame21Test" classname="App.Card.CardGame21Test" file="/home/lohengrin/dbwebb-kurser/mvc/me/report/tests/Card/CardGame21Test.php" line="67" assertions="8" time="0.002290"/>
        <testcase name="testPlayerDrawsCard" class="App\Card\CardGame21Test" classname="App.Card.CardGame21Test" file="/home/lohengrin/dbwebb-kurser/mvc/me/report/tests/Card/CardGame21Test.php" line="93" assertions="4" time="0.001696"/>
        <testcase name="testPlayerLoosesAt24" class="App\Card\CardGame21Test" classname="App.Card.CardGame21Test" file="/home/lohengrin/dbwebb-kurser/mvc/me/report/tests/Card/CardGame21Test.php" line="119" assertions="3" time="0.002553"/>
        <testcase name="testSetAceRankValid" class="App\Card\CardGame21Test" classname="App.Card.CardGame21Test" file="/home/lohengrin/dbwebb-kurser/mvc/me/report/tests/Card/CardGame21Test.php" line="147" assertions="2" time="0.002321"/>
        <testcase name="testSetAceRankInvalid" class="App\Card\CardGame21Test" classname="App.Card.CardGame21Test" file="/home/lohengrin/dbwebb-kurser/mvc/me/report/tests/Card/CardGame21Test.php" line="166" assertions="2" time="0.001425"/>
        <testcase name="testBankWinsAt21" class="App\Card\CardGame21Test" classname="App.Card.CardGame21Test" file="/home/lohengrin/dbwebb-kurser/mvc/me/report/tests/Card/CardGame21Test.php" line="185" assertions="4" time="0.002359"/>
        <testcase name="testBankWinsAt18" class="App\Card\CardGame21Test" classname="App.Card.CardGame21Test" file="/home/lohengrin/dbwebb-kurser/mvc/me/report/tests/Card/CardGame21Test.php" line="214" assertions="4" time="0.001780"/>
        <testcase name="testBankLoosesAt24" class="App\Card\CardGame21Test" classname="App.Card.CardGame21Test" file="/home/lohengrin/dbwebb-kurser/mvc/me/report/tests/Card/CardGame21Test.php" line="244" assertions="4" time="0.001687"/>
        <testcase name="testPlayerWinsAt21" class="App\Card\CardGame21Test" classname="App.Card.CardGame21Test" file="/home/lohengrin/dbwebb-kurser/mvc/me/report/tests/Card/CardGame21Test.php" line="275" assertions="4" time="0.004282"/>
        <testcase name="testBankChooseAceRanks" class="App\Card\CardGame21Test" classname="App.Card.CardGame21Test" file="/home/lohengrin/dbwebb-kurser/mvc/me/report/tests/Card/CardGame21Test.php" line="307" assertions="2" time="0.002715"/>
      </testsuite>
      <testsuite name="App\Card\CardGraphicTest" file="/home/lohengrin/dbwebb-kurser/mvc/me/report/tests/Card/CardGraphicTest.php" tests="3" assertions="3" errors="0" warnings="0" failures="0" skipped="0" time="0.001153">
        <testcase name="testCorrectCardBack" class="App\Card\CardGraphicTest" classname="App.Card.CardGraphicTest" file="/home/lohengrin/dbwebb-kurser/mvc/me/report/tests/Card/CardGraphicTest.php" line="24" assertions="1" time="0.000372"/>
        <testcase name="testCorrectStringDigit" class="App\Card\CardGraphicTest" classname="App.Card.CardGraphicTest" file="/home/lohengrin/dbwebb-kurser/mvc/me/report/tests/Card/CardGraphicTest.php" line="35" assertions="1" time="0.000413"/>
        <testcase name="testCorrectStringFace" class="App\Card\CardGraphicTest" classname="App.Card.CardGraphicTest" file="/home/lohengrin/dbwebb-kurser/mvc/me/report/tests/Card/CardGraphicTest.php" line="46" assertions="1" time="0.000368"/>
      </testsuite>
      <testsuite name="App\Card\CardHandTest" file="/home/lohengrin/dbwebb-kurser/mvc/me/report/tests/Card/CardHandTest.php" tests="5" assertions="12" errors="0" warnings="0" failures="0" skipped="0" time="0.005533">
        <testcase name="testCreateCardHand" class="App\Card\CardHandTest" classname="App.Card.CardHandTest" file="/home/lohengrin/dbwebb-kurser/mvc/me/report/tests/Card/CardHandTest.php" line="37" assertions="2" time="0.001005"/>
        <testcase name="testDrawOneFromDeck" class="App\Card\CardHandTest" classname="App.Card.CardHandTest" file="/home/lohengrin/dbwebb-kurser/mvc/me/report/tests/Card/CardHandTest.php" line="48" assertions="4" time="0.001260"/>
        <testcase name="testDrawThreeFromDeck" class="App\Card\CardHandTest" classname="App.Card.CardHandTest" file="/home/lohengrin/dbwebb-kurser/mvc/me/report/tests/Card/CardHandTest.php" line="62" assertions="4" time="0.001278"/>
        <testcase name="testSetLastCardRankExisting" class="App\Card\CardHandTest" classname="App.Card.CardHandTest" file="/home/lohengrin/dbwebb-kurser/mvc/me/report/tests/Card/CardHandTest.php" line="76" assertions="1" time="0.001024"/>
        <testcase name="testSetLastCardRankEmpty" class="App\Card\CardHandTest" classname="App.Card.CardHandTest" file="/home/lohengrin/dbwebb-kurser/mvc/me/report/tests/Card/CardHandTest.php" line="87" assertions="1" time="0.000967"/>
      </testsuite>
      <testsuite name="App\Card\CardSvgTest" file="/home/lohengrin/dbwebb-kurser/mvc/me/report/tests/Card/CardSvgTest.php" tests="3" assertions="3" errors="0" warnings="0" failures="0" skipped="0" time="0.001248">
        <testcase name="testCorrectCardBack" class="App\Card\CardSvgTest" classname="App.Card.CardSvgTest" file="/home/lohengrin/dbwebb-kurser/mvc/me/report/tests/Card/CardSvgTest.php" line="24" assertions="1" time="0.000414"/>
        <testcase name="testStringRepr" class="App\Card\CardSvgTest" classname="App.Card.CardSvgTest" file="/home/lohengrin/dbwebb-kurser/mvc/me/report/tests/Card/CardSvgTest.php" line="35" assertions="1" time="0.000436"/>
        <testcase name="testStringReprAfterUpdate" class="App\Card\CardSvgTest" classname="App.Card.CardSvgTest" file="/home/lohengrin/dbwebb-kurser/mvc/me/report/tests/Card/CardSvgTest.php" line="46" assertions="1" time="0.000398"/>
      </testsuite>
      <testsuite name="App\Card\CardTest" file="/home/lohengrin/dbwebb-kurser/mvc/me/report/tests/Card/CardTest.php" tests="8" assertions="12" errors="0" warnings="0" failures="0" skipped="0" time="0.003813">
        <testcase name="testCreateCardValidArgs" class="App\Card\CardTest" classname="App.Card.CardTest" file="/home/lohengrin/dbwebb-kurser/mvc/me/report/tests/Card/CardTest.php" line="25" assertions="3" time="0.000543"/>
        <testcase name="testCreateCardInvalidSuit" class="App\Card\CardTest" classname="App.Card.CardTest" file="/home/lohengrin/dbwebb-kurser/mvc/me/report/tests/Card/CardTest.php" line="40" assertions="1" time="0.000568"/>
        <testcase name="testCreateCardInvalidRanks" class="App\Card\CardTest" classname="App.Card.CardTest" file="/home/lohengrin/dbwebb-kurser/mvc/me/report/tests/Card/CardTest.php" line="52" assertions="1" time="0.000550"/>
        <testcase name="testCorrectCardBack" class="App\Card\CardTest" classname="App.Card.CardTest" file="/home/lohengrin/dbwebb-kurser/mvc/me/report/tests/Card/CardTest.php" line="63" assertions="1" time="0.000507"/>
        <testcase name="testSetValidRank" class="App\Card\CardTest" classname="App.Card.CardTest" file="/home/lohengrin/dbwebb-kurser/mvc/me/report/tests/Card/CardTest.php" line="74" assertions="2" time="0.000398"/>
        <testcase name="testSetInvalidRank" class="App\Card\CardTest" classname="App.Card.CardTest" file="/home/lohengrin/dbwebb-kurser/mvc/me/report/tests/Card/CardTest.php" line="86" assertions="2" time="0.000372"/>
        <testcase name="testCorrectStringDigit" class="App\Card\CardTest" classname="App.Card.CardTest" file="/home/lohengrin/dbwebb-kurser/mvc/me/report/tests/Card/CardTest.php" line="98" assertions="1" time="0.000437"/>
        <testcase name="testCorrectStringFace" class="App\Card\CardTest" classname="App.Card.CardTest" file="/home/lohengrin/dbwebb-kurser/mvc/me/report/tests/Card/CardTest.php" line="109" assertions="1" time="0.000438"/>
      </testsuite>
      <testsuite name="App\Dice\DiceGraphicTest" file="/home/lohengrin/dbwebb-kurser/mvc/me/report/tests/Dice/DiceGraphicTest.php" tests="3" assertions="9" errors="0" warnings="0" failures="0" skipped="0" time="0.003811">
        <testcase name="testCreateDiceGraphic" class="App\Dice\DiceGraphicTest" classname="App.Dice.DiceGraphicTest" file="/home/lohengrin/dbwebb-kurser/mvc/me/report/tests/Dice/DiceGraphicTest.php" line="25" assertions="3" time="0.001477"/>
        <testcase name="testRollDiceGraphic" class="App\Dice\DiceGraphicTest" classname="App.Dice.DiceGraphicTest" file="/home/lohengrin/dbwebb-kurser/mvc/me/report/tests/Dice/DiceGraphicTest.php" line="42" assertions="5" time="0.001910"/>
        <testcase name="testGetAsString" class="App\Dice\DiceGraphicTest" classname="App.Dice.DiceGraphicTest" file="/home/lohengrin/dbwebb-kurser/mvc/me/report/tests/Dice/DiceGraphicTest.php" line="57" assertions="1" time="0.000423"/>
      </testsuite>
      <testsuite name="App\Dice\DiceHandTest" file="/home/lohengrin/dbwebb-kurser/mvc/me/report/tests/Dice/DiceHandTest.php" tests="4" assertions="12" errors="0" warnings="0" failures="0" skipped="0" time="0.004983">
        <testcase name="testCreateDiceHand" class="App\Dice\DiceHandTest" classname="App.Dice.DiceHandTest" file="/home/lohengrin/dbwebb-kurser/mvc/me/report/tests/Dice/DiceHandTest.php" line="34" assertions="1" time="0.002184"/>
        <testcase name="testEmptyHand" class="App\Dice\DiceHandTest" classname="App.Dice.DiceHandTest" file="/home/lohengrin/dbwebb-kurser/mvc/me/report/tests/Dice/DiceHandTest.php" line="45" assertions="5" time="0.000920"/>
        <testcase name="testAddDice" class="App\Dice\DiceHandTest" classname="App.Dice.DiceHandTest" file="/home/lohengrin/dbwebb-kurser/mvc/me/report/tests/Dice/DiceHandTest.php" line="68" assertions="5" time="0.001006"/>
        <testcase name="testReset" class="App\Dice\DiceHandTest" classname="App.Dice.DiceHandTest" file="/home/lohengrin/dbwebb-kurser/mvc/me/report/tests/Dice/DiceHandTest.php" line="94" assertions="1" time="0.000873"/>
      </testsuite>
      <testsuite name="App\Dice\DiceTest" file="/home/lohengrin/dbwebb-kurser/mvc/me/report/tests/Dice/DiceTest.php" tests="6" assertions="22" errors="0" warnings="0" failures="0" skipped="0" time="0.002834">
        <testcase name="testCreateDice" class="App\Dice\DiceTest" classname="App.Dice.DiceTest" file="/home/lohengrin/dbwebb-kurser/mvc/me/report/tests/Dice/DiceTest.php" line="25" assertions="3" time="0.000409"/>
        <testcase name="testRollDice" class="App\Dice\DiceTest" classname="App.Dice.DiceTest" file="/home/lohengrin/dbwebb-kurser/mvc/me/report/tests/Dice/DiceTest.php" line="42" assertions="5" time="0.000671"/>
        <testcase name="testRoll4SidedDice" class="App\Dice\DiceTest" classname="App.Dice.DiceTest" file="/home/lohengrin/dbwebb-kurser/mvc/me/report/tests/Dice/DiceTest.php" line="57" assertions="8" time="0.000635"/>
        <testcase name="testRoll1SidedDice" class="App\Dice\DiceTest" classname="App.Dice.DiceTest" file="/home/lohengrin/dbwebb-kurser/mvc/me/report/tests/Dice/DiceTest.php" line="75" assertions="4" time="0.000383"/>
        <testcase name="testGetAsString" class="App\Dice\DiceTest" classname="App.Dice.DiceTest" file="/home/lohengrin/dbwebb-kurser/mvc/me/report/tests/Dice/DiceTest.php" line="89" assertions="1" time="0.000359"/>
        <testcase name="testResetDice" class="App\Dice\DiceTest" classname="App.Dice.DiceTest" file="/home/lohengrin/dbwebb-kurser/mvc/me/report/tests/Dice/DiceTest.php" line="100" assertions="1" time="0.000378"/>
      </testsuite>
      <testsuite name="App\Entity\BoardTest" file="/home/lohengrin/dbwebb-kurser/mvc/me/report/tests/Entity/BoardTest.php" tests="3" assertions="3" errors="0" warnings="0" failures="0" skipped="0" time="0.001635">
        <testcase name="testCreateInstance" class="App\Entity\BoardTest" classname="App.Entity.BoardTest" file="/home/lohengrin/dbwebb-kurser/mvc/me/report/tests/Entity/BoardTest.php" line="35" assertions="1" time="0.000792"/>
        <testcase name="testGetData" class="App\Entity\BoardTest" classname="App.Entity.BoardTest" file="/home/lohengrin/dbwebb-kurser/mvc/me/report/tests/Entity/BoardTest.php" line="45" assertions="1" time="0.000403"/>
        <testcase name="testGetId" class="App\Entity\BoardTest" classname="App.Entity.BoardTest" file="/home/lohengrin/dbwebb-kurser/mvc/me/report/tests/Entity/BoardTest.php" line="56" assertions="1" time="0.000440"/>
      </testsuite>
      <testsuite name="App\Entity\PlayerTest" file="/home/lohengrin/dbwebb-kurser/mvc/me/report/tests/Entity/PlayerTest.php" tests="7" assertions="7" errors="0" warnings="0" failures="0" skipped="0" time="0.013410">
        <testcase name="testCreateInstance" class="App\Entity\PlayerTest" classname="App.Entity.PlayerTest" file="/home/lohengrin/dbwebb-kurser/mvc/me/report/tests/Entity/PlayerTest.php" line="29" assertions="1" time="0.009831"/>
        <testcase name="testGetId" class="App\Entity\PlayerTest" classname="App.Entity.PlayerTest" file="/home/lohengrin/dbwebb-kurser/mvc/me/report/tests/Entity/PlayerTest.php" line="39" assertions="1" time="0.000588"/>
        <testcase name="testGetName" class="App\Entity\PlayerTest" classname="App.Entity.PlayerTest" file="/home/lohengrin/dbwebb-kurser/mvc/me/report/tests/Entity/PlayerTest.php" line="49" assertions="1" time="0.000573"/>
        <testcase name="testSetAndGetType" class="App\Entity\PlayerTest" classname="App.Entity.PlayerTest" file="/home/lohengrin/dbwebb-kurser/mvc/me/report/tests/Entity/PlayerTest.php" line="59" assertions="1" time="0.000497"/>
        <testcase name="testSetAndGetLevel" class="App\Entity\PlayerTest" classname="App.Entity.PlayerTest" file="/home/lohengrin/dbwebb-kurser/mvc/me/report/tests/Entity/PlayerTest.php" line="70" assertions="1" time="0.000588"/>
        <testcase name="testSetAndGetRounds" class="App\Entity\PlayerTest" classname="App.Entity.PlayerTest" file="/home/lohengrin/dbwebb-kurser/mvc/me/report/tests/Entity/PlayerTest.php" line="81" assertions="1" time="0.000518"/>
        <testcase name="testRemoveRound" class="App\Entity\PlayerTest" classname="App.Entity.PlayerTest" file="/home/lohengrin/dbwebb-kurser/mvc/me/report/tests/Entity/PlayerTest.php" line="91" assertions="1" time="0.000816"/>
      </testsuite>
      <testsuite name="App\Entity\RoundTest" file="/home/lohengrin/dbwebb-kurser/mvc/me/report/tests/Entity/RoundTest.php" tests="8" assertions="8" errors="0" warnings="0" failures="0" skipped="0" time="0.009561">
        <testcase name="testCreateInstance" class="App\Entity\RoundTest" classname="App.Entity.RoundTest" file="/home/lohengrin/dbwebb-kurser/mvc/me/report/tests/Entity/RoundTest.php" line="44" assertions="1" time="0.004192"/>
        <testcase name="testGetId" class="App\Entity\RoundTest" classname="App.Entity.RoundTest" file="/home/lohengrin/dbwebb-kurser/mvc/me/report/tests/Entity/RoundTest.php" line="54" assertions="1" time="0.000681"/>
        <testcase name="testGetPlayer" class="App\Entity\RoundTest" classname="App.Entity.RoundTest" file="/home/lohengrin/dbwebb-kurser/mvc/me/report/tests/Entity/RoundTest.php" line="64" assertions="1" time="0.000946"/>
        <testcase name="testGetBoard" class="App\Entity\RoundTest" classname="App.Entity.RoundTest" file="/home/lohengrin/dbwebb-kurser/mvc/me/report/tests/Entity/RoundTest.php" line="74" assertions="1" time="0.000831"/>
        <testcase name="testGetScore" class="App\Entity\RoundTest" classname="App.Entity.RoundTest" file="/home/lohengrin/dbwebb-kurser/mvc/me/report/tests/Entity/RoundTest.php" line="84" assertions="1" time="0.000842"/>
        <testcase name="testGetStart" class="App\Entity\RoundTest" classname="App.Entity.RoundTest" file="/home/lohengrin/dbwebb-kurser/mvc/me/report/tests/Entity/RoundTest.php" line="94" assertions="1" time="0.000674"/>
        <testcase name="testGetFinish" class="App\Entity\RoundTest" classname="App.Entity.RoundTest" file="/home/lohengrin/dbwebb-kurser/mvc/me/report/tests/Entity/RoundTest.php" line="104" assertions="1" time="0.000754"/>
        <testcase name="testGetDuration" class="App\Entity\RoundTest" classname="App.Entity.RoundTest" file="/home/lohengrin/dbwebb-kurser/mvc/me/report/tests/Entity/RoundTest.php" line="114" assertions="1" time="0.000641"/>
      </testsuite>
      <testsuite name="App\Entity\ScoreTest" file="/home/lohengrin/dbwebb-kurser/mvc/me/report/tests/Entity/ScoreTest.php" tests="5" assertions="5" errors="0" warnings="0" failures="0" skipped="0" time="0.002423">
        <testcase name="testCreateInstance" class="App\Entity\ScoreTest" classname="App.Entity.ScoreTest" file="/home/lohengrin/dbwebb-kurser/mvc/me/report/tests/Entity/ScoreTest.php" line="45" assertions="1" time="0.000457"/>
        <testcase name="testGetId" class="App\Entity\ScoreTest" classname="App.Entity.ScoreTest" file="/home/lohengrin/dbwebb-kurser/mvc/me/report/tests/Entity/ScoreTest.php" line="55" assertions="1" time="0.000409"/>
        <testcase name="testTotalScore" class="App\Entity\ScoreTest" classname="App.Entity.ScoreTest" file="/home/lohengrin/dbwebb-kurser/mvc/me/report/tests/Entity/ScoreTest.php" line="65" assertions="1" time="0.000390"/>
        <testcase name="testHandScore" class="App\Entity\ScoreTest" classname="App.Entity.ScoreTest" file="/home/lohengrin/dbwebb-kurser/mvc/me/report/tests/Entity/ScoreTest.php" line="75" assertions="1" time="0.000507"/>
        <testcase name="testInvalidHandName" class="App\Entity\ScoreTest" classname="App.Entity.ScoreTest" file="/home/lohengrin/dbwebb-kurser/mvc/me/report/tests/Entity/ScoreTest.php" line="85" assertions="1" time="0.000660"/>
      </testsuite>
      <testsuite name="App\Form\ConfirmDeleteTypeTest" file="/home/lohengrin/dbwebb-kurser/mvc/me/report/tests/Form/ConfirmDeleteTypeTest.php" tests="2" assertions="6" errors="0" warnings="0" failures="0" skipped="0" time="0.065203">
        <testcase name="testSubmitValidData" class="App\Form\ConfirmDeleteTypeTest" classname="App.Form.ConfirmDeleteTypeTest" file="/home/lohengrin/dbwebb-kurser/mvc/me/report/tests/Form/ConfirmDeleteTypeTest.php" line="29" assertions="3" time="0.063756"/>
        <testcase name="testSubmitCustomOptions" class="App\Form\ConfirmDeleteTypeTest" classname="App.Form.ConfirmDeleteTypeTest" file="/home/lohengrin/dbwebb-kurser/mvc/me/report/tests/Form/ConfirmDeleteTypeTest.php" line="48" assertions="3" time="0.001448"/>
      </testsuite>
      <testsuite name="App\Form\ConfirmTypeTest" file="/home/lohengrin/dbwebb-kurser/mvc/me/report/tests/Form/ConfirmTypeTest.php" tests="2" assertions="5" errors="0" warnings="0" failures="0" skipped="0" time="0.004049">
        <testcase name="testSubmitValidData" class="App\Form\ConfirmTypeTest" classname="App.Form.ConfirmTypeTest" file="/home/lohengrin/dbwebb-kurser/mvc/me/report/tests/Form/ConfirmTypeTest.php" line="29" assertions="3" time="0.002189"/>
        <testcase name="testSubmitCustomOptions" class="App\Form\ConfirmTypeTest" classname="App.Form.ConfirmTypeTest" file="/home/lohengrin/dbwebb-kurser/mvc/me/report/tests/Form/ConfirmTypeTest.php" line="48" assertions="2" time="0.001860"/>
      </testsuite>
      <testsuite name="App\Form\PlayerSelectTypeTest" file="/home/lohengrin/dbwebb-kurser/mvc/me/report/tests/Form/PlayerSelectTypeTest.php" tests="2" assertions="5" errors="0" warnings="0" failures="0" skipped="0" time="0.014914">
        <testcase name="testSubmitValidData" class="App\Form\PlayerSelectTypeTest" classname="App.Form.PlayerSelectTypeTest" file="/home/lohengrin/dbwebb-kurser/mvc/me/report/tests/Form/PlayerSelectTypeTest.php" line="43" assertions="4" time="0.013094"/>
        <testcase name="testCustomSubmitLabel" class="App\Form\PlayerSelectTypeTest" classname="App.Form.PlayerSelectTypeTest" file="/home/lohengrin/dbwebb-kurser/mvc/me/report/tests/Form/PlayerSelectTypeTest.php" line="76" assertions="1" time="0.001820"/>
      </testsuite>
      <testsuite name="App\Form\PlayerTypeTest" file="/home/lohengrin/dbwebb-kurser/mvc/me/report/tests/Form/PlayerTypeTest.php" tests="2" assertions="8" errors="0" warnings="0" failures="0" skipped="0" time="0.004528">
        <testcase name="testSubmitValidData" class="App\Form\PlayerTypeTest" classname="App.Form.PlayerTypeTest" file="/home/lohengrin/dbwebb-kurser/mvc/me/report/tests/Form/PlayerTypeTest.php" line="30" assertions="6" time="0.002693"/>
        <testcase name="testCustomSubmitLabel" class="App\Form\PlayerTypeTest" classname="App.Form.PlayerTypeTest" file="/home/lohengrin/dbwebb-kurser/mvc/me/report/tests/Form/PlayerTypeTest.php" line="64" assertions="2" time="0.001836"/>
      </testsuite>
      <testsuite name="App\PokerSquares\AmericanScoresTest" file="/home/lohengrin/dbwebb-kurser/mvc/me/report/tests/PokerSquares/AmericanScoresTest.php" tests="3" assertions="3" errors="0" warnings="0" failures="0" skipped="0" time="0.002439">
        <testcase name="testCreateInstance" class="App\PokerSquares\AmericanScoresTest" classname="App.PokerSquares.AmericanScoresTest" file="/home/lohengrin/dbwebb-kurser/mvc/me/report/tests/PokerSquares/AmericanScoresTest.php" line="25" assertions="1" time="0.001571"/>
        <testcase name="testAllScores" class="App\PokerSquares\AmericanScoresTest" classname="App.PokerSquares.AmericanScoresTest" file="/home/lohengrin/dbwebb-kurser/mvc/me/report/tests/PokerSquares/AmericanScoresTest.php" line="35" assertions="1" time="0.000410"/>
        <testcase name="testInvalidRuleArgument" class="App\PokerSquares\AmericanScoresTest" classname="App.PokerSquares.AmericanScoresTest" file="/home/lohengrin/dbwebb-kurser/mvc/me/report/tests/PokerSquares/AmericanScoresTest.php" line="63" assertions="1" time="0.000457"/>
      </testsuite>
      <testsuite name="App\PokerSquares\Cpu\Cpu1Test" file="/home/lohengrin/dbwebb-kurser/mvc/me/report/tests/PokerSquares/Cpu/Cpu1Test.php" tests="2" assertions="2" errors="0" warnings="0" failures="0" skipped="0" time="0.002370">
        <testcase name="testSuggestPlacement" class="App\PokerSquares\Cpu\Cpu1Test" classname="App.PokerSquares.Cpu.Cpu1Test" file="/home/lohengrin/dbwebb-kurser/mvc/me/report/tests/PokerSquares/Cpu/Cpu1Test.php" line="33" assertions="1" time="0.001728"/>
        <testcase name="testSuggestNoPlacement" class="App\PokerSquares\Cpu\Cpu1Test" classname="App.PokerSquares.Cpu.Cpu1Test" file="/home/lohengrin/dbwebb-kurser/mvc/me/report/tests/PokerSquares/Cpu/Cpu1Test.php" line="50" assertions="1" time="0.000642"/>
      </testsuite>
      <testsuite name="App\PokerSquares\Cpu\Cpu2Test" file="/home/lohengrin/dbwebb-kurser/mvc/me/report/tests/PokerSquares/Cpu/Cpu2Test.php" tests="4" assertions="4" errors="0" warnings="0" failures="0" skipped="0" time="0.004179">
        <testcase name="testSuggestPreferredPlacement" class="App\PokerSquares\Cpu\Cpu2Test" classname="App.PokerSquares.Cpu.Cpu2Test" file="/home/lohengrin/dbwebb-kurser/mvc/me/report/tests/PokerSquares/Cpu/Cpu2Test.php" line="34" assertions="1" time="0.001671"/>
        <testcase name="testSuggestTrashPlacement" class="App\PokerSquares\Cpu\Cpu2Test" classname="App.PokerSquares.Cpu.Cpu2Test" file="/home/lohengrin/dbwebb-kurser/mvc/me/report/tests/PokerSquares/Cpu/Cpu2Test.php" line="45" assertions="1" time="0.000838"/>
        <testcase name="testSuggestFirstEmptyPlacement" class="App\PokerSquares\Cpu\Cpu2Test" classname="App.PokerSquares.Cpu.Cpu2Test" file="/home/lohengrin/dbwebb-kurser/mvc/me/report/tests/PokerSquares/Cpu/Cpu2Test.php" line="63" assertions="1" time="0.000702"/>
        <testcase name="testSuggestNoPlacement" class="App\PokerSquares\Cpu\Cpu2Test" classname="App.PokerSquares.Cpu.Cpu2Test" file="/home/lohengrin/dbwebb-kurser/mvc/me/report/tests/PokerSquares/Cpu/Cpu2Test.php" line="81" assertions="1" time="0.000968"/>
      </testsuite>
      <testsuite name="App\PokerSquares\Cpu\Cpu3Test" file="/home/lohengrin/dbwebb-kurser/mvc/me/report/tests/PokerSquares/Cpu/Cpu3Test.php" tests="7" assertions="7" errors="0" warnings="0" failures="0" skipped="0" time="0.012989">
        <testcase name="testSuggestPreferredPlacement1" class="App\PokerSquares\Cpu\Cpu3Test" classname="App.PokerSquares.Cpu.Cpu3Test" file="/home/lohengrin/dbwebb-kurser/mvc/me/report/tests/PokerSquares/Cpu/Cpu3Test.php" line="39" assertions="1" time="0.002078"/>
        <testcase name="testSuggestPreferredPlacement2" class="App\PokerSquares\Cpu\Cpu3Test" classname="App.PokerSquares.Cpu.Cpu3Test" file="/home/lohengrin/dbwebb-kurser/mvc/me/report/tests/PokerSquares/Cpu/Cpu3Test.php" line="52" assertions="1" time="0.001206"/>
        <testcase name="testSuggestTrashPlacement1" class="App\PokerSquares\Cpu\Cpu3Test" classname="App.PokerSquares.Cpu.Cpu3Test" file="/home/lohengrin/dbwebb-kurser/mvc/me/report/tests/PokerSquares/Cpu/Cpu3Test.php" line="63" assertions="1" time="0.001344"/>
        <testcase name="testSuggestTrashPlacement2" class="App\PokerSquares\Cpu\Cpu3Test" classname="App.PokerSquares.Cpu.Cpu3Test" file="/home/lohengrin/dbwebb-kurser/mvc/me/report/tests/PokerSquares/Cpu/Cpu3Test.php" line="84" assertions="1" time="0.001458"/>
        <testcase name="testSuggestFirstEmptyPlacement1" class="App\PokerSquares\Cpu\Cpu3Test" classname="App.PokerSquares.Cpu.Cpu3Test" file="/home/lohengrin/dbwebb-kurser/mvc/me/report/tests/PokerSquares/Cpu/Cpu3Test.php" line="102" assertions="1" time="0.002120"/>
        <testcase name="testSuggestFirstEmptyPlacement2" class="App\PokerSquares\Cpu\Cpu3Test" classname="App.PokerSquares.Cpu.Cpu3Test" file="/home/lohengrin/dbwebb-kurser/mvc/me/report/tests/PokerSquares/Cpu/Cpu3Test.php" line="123" assertions="1" time="0.001977"/>
        <testcase name="testSuggestNoPlacement" class="App\PokerSquares\Cpu\Cpu3Test" classname="App.PokerSquares.Cpu.Cpu3Test" file="/home/lohengrin/dbwebb-kurser/mvc/me/report/tests/PokerSquares/Cpu/Cpu3Test.php" line="141" assertions="1" time="0.002806"/>
      </testsuite>
      <testsuite name="App\PokerSquares\Cpu\CpuFactoryTest" file="/home/lohengrin/dbwebb-kurser/mvc/me/report/tests/PokerSquares/Cpu/CpuFactoryTest.php" tests="2" assertions="2" errors="0" warnings="0" failures="0" skipped="0" time="0.001347">
        <testcase name="testGetCpuIntel" class="App\PokerSquares\Cpu\CpuFactoryTest" classname="App.PokerSquares.Cpu.CpuFactoryTest" file="/home/lohengrin/dbwebb-kurser/mvc/me/report/tests/PokerSquares/Cpu/CpuFactoryTest.php" line="15" assertions="1" time="0.000856"/>
        <testcase name="testGetNoCpuIntel" class="App\PokerSquares\Cpu\CpuFactoryTest" classname="App.PokerSquares.Cpu.CpuFactoryTest" file="/home/lohengrin/dbwebb-kurser/mvc/me/report/tests/PokerSquares/Cpu/CpuFactoryTest.php" line="25" assertions="1" time="0.000491"/>
      </testsuite>
      <testsuite name="App\PokerSquares\GameManagerTest" file="/home/lohengrin/dbwebb-kurser/mvc/me/report/tests/PokerSquares/GameManagerTest.php" tests="10" assertions="13" errors="0" warnings="0" failures="0" skipped="0" time="0.012284">
        <testcase name="testCreateInstance" class="App\PokerSquares\GameManagerTest" classname="App.PokerSquares.GameManagerTest" file="/home/lohengrin/dbwebb-kurser/mvc/me/report/tests/PokerSquares/GameManagerTest.php" line="58" assertions="1" time="0.003816"/>
        <testcase name="testCreateInvalidInstance" class="App\PokerSquares\GameManagerTest" classname="App.PokerSquares.GameManagerTest" file="/home/lohengrin/dbwebb-kurser/mvc/me/report/tests/PokerSquares/GameManagerTest.php" line="68" assertions="1" time="0.001011"/>
        <testcase name="testGetGameByIndex" class="App\PokerSquares\GameManagerTest" classname="App.PokerSquares.GameManagerTest" file="/home/lohengrin/dbwebb-kurser/mvc/me/report/tests/PokerSquares/GameManagerTest.php" line="79" assertions="1" time="0.000785"/>
        <testcase name="testGetNoGameByIndex" class="App\PokerSquares\GameManagerTest" classname="App.PokerSquares.GameManagerTest" file="/home/lohengrin/dbwebb-kurser/mvc/me/report/tests/PokerSquares/GameManagerTest.php" line="90" assertions="1" time="0.000736"/>
        <testcase name="testGetCurrentGame" class="App\PokerSquares\GameManagerTest" classname="App.PokerSquares.GameManagerTest" file="/home/lohengrin/dbwebb-kurser/mvc/me/report/tests/PokerSquares/GameManagerTest.php" line="101" assertions="1" time="0.000758"/>
        <testcase name="testGetNoCurrentGame" class="App\PokerSquares\GameManagerTest" classname="App.PokerSquares.GameManagerTest" file="/home/lohengrin/dbwebb-kurser/mvc/me/report/tests/PokerSquares/GameManagerTest.php" line="112" assertions="1" time="0.000851"/>
        <testcase name="testAllGamesAreNotOver" class="App\PokerSquares\GameManagerTest" classname="App.PokerSquares.GameManagerTest" file="/home/lohengrin/dbwebb-kurser/mvc/me/report/tests/PokerSquares/GameManagerTest.php" line="124" assertions="1" time="0.000875"/>
        <testcase name="testAllGamesAreOver" class="App\PokerSquares\GameManagerTest" classname="App.PokerSquares.GameManagerTest" file="/home/lohengrin/dbwebb-kurser/mvc/me/report/tests/PokerSquares/GameManagerTest.php" line="134" assertions="1" time="0.001169"/>
        <testcase name="testGetAllGameStates" class="App\PokerSquares\GameManagerTest" classname="App.PokerSquares.GameManagerTest" file="/home/lohengrin/dbwebb-kurser/mvc/me/report/tests/PokerSquares/GameManagerTest.php" line="145" assertions="1" time="0.001180"/>
        <testcase name="testGetConclusion" class="App\PokerSquares\GameManagerTest" classname="App.PokerSquares.GameManagerTest" file="/home/lohengrin/dbwebb-kurser/mvc/me/report/tests/PokerSquares/GameManagerTest.php" line="156" assertions="4" time="0.001102"/>
      </testsuite>
      <testsuite name="App\PokerSquares\GameboardTest" file="/home/lohengrin/dbwebb-kurser/mvc/me/report/tests/PokerSquares/GameboardTest.php" tests="11" assertions="15" errors="0" warnings="0" failures="0" skipped="0" time="0.011953">
        <testcase name="testCreateGameboard" class="App\PokerSquares\GameboardTest" classname="App.PokerSquares.GameboardTest" file="/home/lohengrin/dbwebb-kurser/mvc/me/report/tests/PokerSquares/GameboardTest.php" line="40" assertions="2" time="0.001897"/>
        <testcase name="testGetBoard" class="App\PokerSquares\GameboardTest" classname="App.PokerSquares.GameboardTest" file="/home/lohengrin/dbwebb-kurser/mvc/me/report/tests/PokerSquares/GameboardTest.php" line="51" assertions="1" time="0.000830"/>
        <testcase name="testExportEntity" class="App\PokerSquares\GameboardTest" classname="App.PokerSquares.GameboardTest" file="/home/lohengrin/dbwebb-kurser/mvc/me/report/tests/PokerSquares/GameboardTest.php" line="61" assertions="1" time="0.001531"/>
        <testcase name="testBoardIsEmpty" class="App\PokerSquares\GameboardTest" classname="App.PokerSquares.GameboardTest" file="/home/lohengrin/dbwebb-kurser/mvc/me/report/tests/PokerSquares/GameboardTest.php" line="72" assertions="2" time="0.000958"/>
        <testcase name="testPlaceCardValidSlot" class="App\PokerSquares\GameboardTest" classname="App.PokerSquares.GameboardTest" file="/home/lohengrin/dbwebb-kurser/mvc/me/report/tests/PokerSquares/GameboardTest.php" line="83" assertions="1" time="0.000854"/>
        <testcase name="testPlaceCardInvalidSlot" class="App\PokerSquares\GameboardTest" classname="App.PokerSquares.GameboardTest" file="/home/lohengrin/dbwebb-kurser/mvc/me/report/tests/PokerSquares/GameboardTest.php" line="95" assertions="1" time="0.001111"/>
        <testcase name="testPlaceCardInvalidReuseSlot" class="App\PokerSquares\GameboardTest" classname="App.PokerSquares.GameboardTest" file="/home/lohengrin/dbwebb-kurser/mvc/me/report/tests/PokerSquares/GameboardTest.php" line="106" assertions="1" time="0.001006"/>
        <testcase name="testBoardHasOneCard" class="App\PokerSquares\GameboardTest" classname="App.PokerSquares.GameboardTest" file="/home/lohengrin/dbwebb-kurser/mvc/me/report/tests/PokerSquares/GameboardTest.php" line="118" assertions="1" time="0.000873"/>
        <testcase name="testBordIsFull" class="App\PokerSquares\GameboardTest" classname="App.PokerSquares.GameboardTest" file="/home/lohengrin/dbwebb-kurser/mvc/me/report/tests/PokerSquares/GameboardTest.php" line="129" assertions="1" time="0.000897"/>
        <testcase name="testgetAllHandsFull" class="App\PokerSquares\GameboardTest" classname="App.PokerSquares.GameboardTest" file="/home/lohengrin/dbwebb-kurser/mvc/me/report/tests/PokerSquares/GameboardTest.php" line="139" assertions="2" time="0.001157"/>
        <testcase name="testgetAllHandsEmpty" class="App\PokerSquares\GameboardTest" classname="App.PokerSquares.GameboardTest" file="/home/lohengrin/dbwebb-kurser/mvc/me/report/tests/PokerSquares/GameboardTest.php" line="153" assertions="2" time="0.000839"/>
      </testsuite>
      <testsuite name="App\PokerSquares\PokerSquareRulesTest" file="/home/lohengrin/dbwebb-kurser/mvc/me/report/tests/PokerSquares/PokerSquareRulesTest.php" tests="8" assertions="8" errors="0" warnings="0" failures="0" skipped="0" time="0.026079">
        <testcase name="testCreateInstance" class="App\PokerSquares\PokerSquareRulesTest" classname="App.PokerSquares.PokerSquareRulesTest" file="/home/lohengrin/dbwebb-kurser/mvc/me/report/tests/PokerSquares/PokerSquareRulesTest.php" line="32" assertions="1" time="0.009683"/>
        <testcase name="testAssessRoyalFlush" class="App\PokerSquares\PokerSquareRulesTest" classname="App.PokerSquares.PokerSquareRulesTest" file="/home/lohengrin/dbwebb-kurser/mvc/me/report/tests/PokerSquares/PokerSquareRulesTest.php" line="42" assertions="1" time="0.001958"/>
        <testcase name="testAssessFourOFAKind" class="App\PokerSquares\PokerSquareRulesTest" classname="App.PokerSquares.PokerSquareRulesTest" file="/home/lohengrin/dbwebb-kurser/mvc/me/report/tests/PokerSquares/PokerSquareRulesTest.php" line="64" assertions="1" time="0.002203"/>
        <testcase name="testAssessFlush" class="App\PokerSquares\PokerSquareRulesTest" classname="App.PokerSquares.PokerSquareRulesTest" file="/home/lohengrin/dbwebb-kurser/mvc/me/report/tests/PokerSquares/PokerSquareRulesTest.php" line="83" assertions="1" time="0.002272"/>
        <testcase name="testAssessThreeOFAKind" class="App\PokerSquares\PokerSquareRulesTest" classname="App.PokerSquares.PokerSquareRulesTest" file="/home/lohengrin/dbwebb-kurser/mvc/me/report/tests/PokerSquares/PokerSquareRulesTest.php" line="105" assertions="1" time="0.002917"/>
        <testcase name="testAssessOnePair" class="App\PokerSquares\PokerSquareRulesTest" classname="App.PokerSquares.PokerSquareRulesTest" file="/home/lohengrin/dbwebb-kurser/mvc/me/report/tests/PokerSquares/PokerSquareRulesTest.php" line="126" assertions="1" time="0.002952"/>
        <testcase name="testAssessHighCard" class="App\PokerSquares\PokerSquareRulesTest" classname="App.PokerSquares.PokerSquareRulesTest" file="/home/lohengrin/dbwebb-kurser/mvc/me/report/tests/PokerSquares/PokerSquareRulesTest.php" line="149" assertions="1" time="0.002913"/>
        <testcase name="testAssessEmptyHand" class="App\PokerSquares\PokerSquareRulesTest" classname="App.PokerSquares.PokerSquareRulesTest" file="/home/lohengrin/dbwebb-kurser/mvc/me/report/tests/PokerSquares/PokerSquareRulesTest.php" line="171" assertions="1" time="0.001181"/>
      </testsuite>
      <testsuite name="App\PokerSquares\PokerSquaresGameTest" file="/home/lohengrin/dbwebb-kurser/mvc/me/report/tests/PokerSquares/PokerSquaresGameTest.php" tests="8" assertions="22" errors="0" warnings="0" failures="0" skipped="0" time="0.026031">
        <testcase name="testCreateInstance" class="App\PokerSquares\PokerSquaresGameTest" classname="App.PokerSquares.PokerSquaresGameTest" file="/home/lohengrin/dbwebb-kurser/mvc/me/report/tests/PokerSquares/PokerSquaresGameTest.php" line="159" assertions="2" time="0.003948"/>
        <testcase name="testInitialState" class="App\PokerSquares\PokerSquaresGameTest" classname="App.PokerSquares.PokerSquaresGameTest" file="/home/lohengrin/dbwebb-kurser/mvc/me/report/tests/PokerSquares/PokerSquaresGameTest.php" line="170" assertions="7" time="0.002396"/>
        <testcase name="testGetRoundDataBeforeGame" class="App\PokerSquares\PokerSquaresGameTest" classname="App.PokerSquares.PokerSquaresGameTest" file="/home/lohengrin/dbwebb-kurser/mvc/me/report/tests/PokerSquares/PokerSquaresGameTest.php" line="188" assertions="6" time="0.002748"/>
        <testcase name="testGameIsNotOver" class="App\PokerSquares\PokerSquaresGameTest" classname="App.PokerSquares.PokerSquaresGameTest" file="/home/lohengrin/dbwebb-kurser/mvc/me/report/tests/PokerSquares/PokerSquaresGameTest.php" line="205" assertions="2" time="0.002977"/>
        <testcase name="testProcess" class="App\PokerSquares\PokerSquaresGameTest" classname="App.PokerSquares.PokerSquaresGameTest" file="/home/lohengrin/dbwebb-kurser/mvc/me/report/tests/PokerSquares/PokerSquaresGameTest.php" line="218" assertions="2" time="0.004099"/>
        <testcase name="testGetDurationInGame" class="App\PokerSquares\PokerSquaresGameTest" classname="App.PokerSquares.PokerSquaresGameTest" file="/home/lohengrin/dbwebb-kurser/mvc/me/report/tests/PokerSquares/PokerSquaresGameTest.php" line="245" assertions="1" time="0.002519"/>
        <testcase name="testGetDurationAtEndOfGame" class="App\PokerSquares\PokerSquaresGameTest" classname="App.PokerSquares.PokerSquaresGameTest" file="/home/lohengrin/dbwebb-kurser/mvc/me/report/tests/PokerSquares/PokerSquaresGameTest.php" line="268" assertions="1" time="0.002971"/>
        <testcase name="testCpuPlay" class="App\PokerSquares\PokerSquaresGameTest" classname="App.PokerSquares.PokerSquaresGameTest" file="/home/lohengrin/dbwebb-kurser/mvc/me/report/tests/PokerSquares/PokerSquaresGameTest.php" line="292" assertions="1" time="0.004373"/>
      </testsuite>
      <testsuite name="App\PokerSquares\Rule\FlushTest" file="/home/lohengrin/dbwebb-kurser/mvc/me/report/tests/PokerSquares/Rule/FlushTest.php" tests="3" assertions="3" errors="0" warnings="0" failures="0" skipped="0" time="0.003287">
        <testcase name="testCreateInstance" class="App\PokerSquares\Rule\FlushTest" classname="App.PokerSquares.Rule.FlushTest" file="/home/lohengrin/dbwebb-kurser/mvc/me/report/tests/PokerSquares/Rule/FlushTest.php" line="32" assertions="1" time="0.000746"/>
        <testcase name="testCheckHandValid" class="App\PokerSquares\Rule\FlushTest" classname="App.PokerSquares.Rule.FlushTest" file="/home/lohengrin/dbwebb-kurser/mvc/me/report/tests/PokerSquares/Rule/FlushTest.php" line="42" assertions="1" time="0.001190"/>
        <testcase name="testCheckHandInvalid" class="App\PokerSquares\Rule\FlushTest" classname="App.PokerSquares.Rule.FlushTest" file="/home/lohengrin/dbwebb-kurser/mvc/me/report/tests/PokerSquares/Rule/FlushTest.php" line="57" assertions="1" time="0.001351"/>
      </testsuite>
      <testsuite name="App\PokerSquares\Rule\FourOfAKindTest" file="/home/lohengrin/dbwebb-kurser/mvc/me/report/tests/PokerSquares/Rule/FourOfAKindTest.php" tests="3" assertions="3" errors="0" warnings="0" failures="0" skipped="0" time="0.003401">
        <testcase name="testCreateInstance" class="App\PokerSquares\Rule\FourOfAKindTest" classname="App.PokerSquares.Rule.FourOfAKindTest" file="/home/lohengrin/dbwebb-kurser/mvc/me/report/tests/PokerSquares/Rule/FourOfAKindTest.php" line="32" assertions="1" time="0.001024"/>
        <testcase name="testCheckHandValid" class="App\PokerSquares\Rule\FourOfAKindTest" classname="App.PokerSquares.Rule.FourOfAKindTest" file="/home/lohengrin/dbwebb-kurser/mvc/me/report/tests/PokerSquares/Rule/FourOfAKindTest.php" line="42" assertions="1" time="0.001215"/>
        <testcase name="testCheckHandInvalid" class="App\PokerSquares\Rule\FourOfAKindTest" classname="App.PokerSquares.Rule.FourOfAKindTest" file="/home/lohengrin/dbwebb-kurser/mvc/me/report/tests/PokerSquares/Rule/FourOfAKindTest.php" line="58" assertions="1" time="0.001162"/>
      </testsuite>
      <testsuite name="App\PokerSquares\Rule\FullHouseTest" file="/home/lohengrin/dbwebb-kurser/mvc/me/report/tests/PokerSquares/Rule/FullHouseTest.php" tests="3" assertions="3" errors="0" warnings="0" failures="0" skipped="0" time="0.003192">
        <testcase name="testCreateInstance" class="App\PokerSquares\Rule\FullHouseTest" classname="App.PokerSquares.Rule.FullHouseTest" file="/home/lohengrin/dbwebb-kurser/mvc/me/report/tests/PokerSquares/Rule/FullHouseTest.php" line="32" assertions="1" time="0.000725"/>
        <testcase name="testCheckHandValid" class="App\PokerSquares\Rule\FullHouseTest" classname="App.PokerSquares.Rule.FullHouseTest" file="/home/lohengrin/dbwebb-kurser/mvc/me/report/tests/PokerSquares/Rule/FullHouseTest.php" line="42" assertions="1" time="0.001154"/>
        <testcase name="testCheckHandInvalid" class="App\PokerSquares\Rule\FullHouseTest" classname="App.PokerSquares.Rule.FullHouseTest" file="/home/lohengrin/dbwebb-kurser/mvc/me/report/tests/PokerSquares/Rule/FullHouseTest.php" line="59" assertions="1" time="0.001313"/>
      </testsuite>
      <testsuite name="App\PokerSquares\Rule\HighCardTest" file="/home/lohengrin/dbwebb-kurser/mvc/me/report/tests/PokerSquares/Rule/HighCardTest.php" tests="3" assertions="3" errors="0" warnings="0" failures="0" skipped="0" time="0.003891">
        <testcase name="testCreateInstance" class="App\PokerSquares\Rule\HighCardTest" classname="App.PokerSquares.Rule.HighCardTest" file="/home/lohengrin/dbwebb-kurser/mvc/me/report/tests/PokerSquares/Rule/HighCardTest.php" line="32" assertions="1" time="0.001275"/>
        <testcase name="testCheckHandValid" class="App\PokerSquares\Rule\HighCardTest" classname="App.PokerSquares.Rule.HighCardTest" file="/home/lohengrin/dbwebb-kurser/mvc/me/report/tests/PokerSquares/Rule/HighCardTest.php" line="42" assertions="1" time="0.001278"/>
        <testcase name="testCheckHandValid2" class="App\PokerSquares\Rule\HighCardTest" classname="App.PokerSquares.Rule.HighCardTest" file="/home/lohengrin/dbwebb-kurser/mvc/me/report/tests/PokerSquares/Rule/HighCardTest.php" line="59" assertions="1" time="0.001338"/>
      </testsuite>
      <testsuite name="App\PokerSquares\Rule\OnePairTest" file="/home/lohengrin/dbwebb-kurser/mvc/me/report/tests/PokerSquares/Rule/OnePairTest.php" tests="3" assertions="3" errors="0" warnings="0" failures="0" skipped="0" time="0.003364">
        <testcase name="testCreateInstance" class="App\PokerSquares\Rule\OnePairTest" classname="App.PokerSquares.Rule.OnePairTest" file="/home/lohengrin/dbwebb-kurser/mvc/me/report/tests/PokerSquares/Rule/OnePairTest.php" line="32" assertions="1" time="0.000907"/>
        <testcase name="testCheckHandValid" class="App\PokerSquares\Rule\OnePairTest" classname="App.PokerSquares.Rule.OnePairTest" file="/home/lohengrin/dbwebb-kurser/mvc/me/report/tests/PokerSquares/Rule/OnePairTest.php" line="42" assertions="1" time="0.001241"/>
        <testcase name="testCheckHandInvalid" class="App\PokerSquares\Rule\OnePairTest" classname="App.PokerSquares.Rule.OnePairTest" file="/home/lohengrin/dbwebb-kurser/mvc/me/report/tests/PokerSquares/Rule/OnePairTest.php" line="59" assertions="1" time="0.001216"/>
      </testsuite>
      <testsuite name="App\PokerSquares\Rule\RoyalFlushTest" file="/home/lohengrin/dbwebb-kurser/mvc/me/report/tests/PokerSquares/Rule/RoyalFlushTest.php" tests="4" assertions="4" errors="0" warnings="0" failures="0" skipped="0" time="0.006034">
        <testcase name="testCreateInstance" class="App\PokerSquares\Rule\RoyalFlushTest" classname="App.PokerSquares.Rule.RoyalFlushTest" file="/home/lohengrin/dbwebb-kurser/mvc/me/report/tests/PokerSquares/Rule/RoyalFlushTest.php" line="32" assertions="1" time="0.000861"/>
        <testcase name="testCheckHandValid" class="App\PokerSquares\Rule\RoyalFlushTest" classname="App.PokerSquares.Rule.RoyalFlushTest" file="/home/lohengrin/dbwebb-kurser/mvc/me/report/tests/PokerSquares/Rule/RoyalFlushTest.php" line="42" assertions="1" time="0.001874"/>
        <testcase name="testCheckHandInvalid" class="App\PokerSquares\Rule\RoyalFlushTest" classname="App.PokerSquares.Rule.RoyalFlushTest" file="/home/lohengrin/dbwebb-kurser/mvc/me/report/tests/PokerSquares/Rule/RoyalFlushTest.php" line="64" assertions="1" time="0.001552"/>
        <testcase name="testCheckHandInvalid2" class="App\PokerSquares\Rule\RoyalFlushTest" classname="App.PokerSquares.Rule.RoyalFlushTest" file="/home/lohengrin/dbwebb-kurser/mvc/me/report/tests/PokerSquares/Rule/RoyalFlushTest.php" line="86" assertions="1" time="0.001747"/>
      </testsuite>
      <testsuite name="App\PokerSquares\Rule\StraightFlushTest" file="/home/lohengrin/dbwebb-kurser/mvc/me/report/tests/PokerSquares/Rule/StraightFlushTest.php" tests="4" assertions="4" errors="0" warnings="0" failures="0" skipped="0" time="0.006138">
        <testcase name="testCreateInstance" class="App\PokerSquares\Rule\StraightFlushTest" classname="App.PokerSquares.Rule.StraightFlushTest" file="/home/lohengrin/dbwebb-kurser/mvc/me/report/tests/PokerSquares/Rule/StraightFlushTest.php" line="32" assertions="1" time="0.000747"/>
        <testcase name="testCheckHandValid" class="App\PokerSquares\Rule\StraightFlushTest" classname="App.PokerSquares.Rule.StraightFlushTest" file="/home/lohengrin/dbwebb-kurser/mvc/me/report/tests/PokerSquares/Rule/StraightFlushTest.php" line="42" assertions="1" time="0.002064"/>
        <testcase name="testCheckHandInvalid" class="App\PokerSquares\Rule\StraightFlushTest" classname="App.PokerSquares.Rule.StraightFlushTest" file="/home/lohengrin/dbwebb-kurser/mvc/me/report/tests/PokerSquares/Rule/StraightFlushTest.php" line="64" assertions="1" time="0.001640"/>
        <testcase name="testCheckHandInvalid2" class="App\PokerSquares\Rule\StraightFlushTest" classname="App.PokerSquares.Rule.StraightFlushTest" file="/home/lohengrin/dbwebb-kurser/mvc/me/report/tests/PokerSquares/Rule/StraightFlushTest.php" line="86" assertions="1" time="0.001686"/>
      </testsuite>
      <testsuite name="App\PokerSquares\Rule\StraightTest" file="/home/lohengrin/dbwebb-kurser/mvc/me/report/tests/PokerSquares/Rule/StraightTest.php" tests="4" assertions="4" errors="0" warnings="0" failures="0" skipped="0" time="0.004604">
        <testcase name="testCreateInstance" class="App\PokerSquares\Rule\StraightTest" classname="App.PokerSquares.Rule.StraightTest" file="/home/lohengrin/dbwebb-kurser/mvc/me/report/tests/PokerSquares/Rule/StraightTest.php" line="32" assertions="1" time="0.000786"/>
        <testcase name="testCheckHandValid" class="App\PokerSquares\Rule\StraightTest" classname="App.PokerSquares.Rule.StraightTest" file="/home/lohengrin/dbwebb-kurser/mvc/me/report/tests/PokerSquares/Rule/StraightTest.php" line="42" assertions="1" time="0.001171"/>
        <testcase name="testCheckHandValid2" class="App\PokerSquares\Rule\StraightTest" classname="App.PokerSquares.Rule.StraightTest" file="/home/lohengrin/dbwebb-kurser/mvc/me/report/tests/PokerSquares/Rule/StraightTest.php" line="59" assertions="1" time="0.001198"/>
        <testcase name="testCheckHandInvalid" class="App\PokerSquares\Rule\StraightTest" classname="App.PokerSquares.Rule.StraightTest" file="/home/lohengrin/dbwebb-kurser/mvc/me/report/tests/PokerSquares/Rule/StraightTest.php" line="76" assertions="1" time="0.001448"/>
      </testsuite>
      <testsuite name="App\PokerSquares\Rule\ThreeOfAKindTest" file="/home/lohengrin/dbwebb-kurser/mvc/me/report/tests/PokerSquares/Rule/ThreeOfAKindTest.php" tests="3" assertions="3" errors="0" warnings="0" failures="0" skipped="0" time="0.003305">
        <testcase name="testCreateInstance" class="App\PokerSquares\Rule\ThreeOfAKindTest" classname="App.PokerSquares.Rule.ThreeOfAKindTest" file="/home/lohengrin/dbwebb-kurser/mvc/me/report/tests/PokerSquares/Rule/ThreeOfAKindTest.php" line="32" assertions="1" time="0.000749"/>
        <testcase name="testCheckHandValid" class="App\PokerSquares\Rule\ThreeOfAKindTest" classname="App.PokerSquares.Rule.ThreeOfAKindTest" file="/home/lohengrin/dbwebb-kurser/mvc/me/report/tests/PokerSquares/Rule/ThreeOfAKindTest.php" line="42" assertions="1" time="0.001236"/>
        <testcase name="testCheckHandInvalid" class="App\PokerSquares\Rule\ThreeOfAKindTest" classname="App.PokerSquares.Rule.ThreeOfAKindTest" file="/home/lohengrin/dbwebb-kurser/mvc/me/report/tests/PokerSquares/Rule/ThreeOfAKindTest.php" line="59" assertions="1" time="0.001320"/>
      </testsuite>
      <testsuite name="App\PokerSquares\Rule\TwoPairsTest" file="/home/lohengrin/dbwebb-kurser/mvc/me/report/tests/PokerSquares/Rule/TwoPairsTest.php" tests="3" assertions="3" errors="0" warnings="0" failures="0" skipped="0" time="0.003742">
        <testcase name="testCreateInstance" class="App\PokerSquares\Rule\TwoPairsTest" classname="App.PokerSquares.Rule.TwoPairsTest" file="/home/lohengrin/dbwebb-kurser/mvc/me/report/tests/PokerSquares/Rule/TwoPairsTest.php" line="32" assertions="1" time="0.000794"/>
        <testcase name="testCheckHandValid" class="App\PokerSquares\Rule\TwoPairsTest" classname="App.PokerSquares.Rule.TwoPairsTest" file="/home/lohengrin/dbwebb-kurser/mvc/me/report/tests/PokerSquares/Rule/TwoPairsTest.php" line="42" assertions="1" time="0.001430"/>
        <testcase name="testCheckHandInvalid" class="App\PokerSquares\Rule\TwoPairsTest" classname="App.PokerSquares.Rule.TwoPairsTest" file="/home/lohengrin/dbwebb-kurser/mvc/me/report/tests/PokerSquares/Rule/TwoPairsTest.php" line="59" assertions="1" time="0.001518"/>
      </testsuite>
      <testsuite name="App\Service\InitCpuPlayerServiceTest" file="/home/lohengrin/dbwebb-kurser/mvc/me/report/tests/Service/InitCpuPlayerServiceTest.php" tests="2" assertions="2" errors="0" warnings="0" failures="0" skipped="0" time="0.008081">
        <testcase name="testCreateInstance" class="App\Service\InitCpuPlayerServiceTest" classname="App.Service.InitCpuPlayerServiceTest" file="/home/lohengrin/dbwebb-kurser/mvc/me/report/tests/Service/InitCpuPlayerServiceTest.php" line="39" assertions="1" time="0.006663"/>
        <testcase name="testAddMissingPlayers" class="App\Service\InitCpuPlayerServiceTest" classname="App.Service.InitCpuPlayerServiceTest" file="/home/lohengrin/dbwebb-kurser/mvc/me/report/tests/Service/InitCpuPlayerServiceTest.php" line="66" assertions="1" time="0.001418"/>
      </testsuite>
    </testsuite>
  </testsuite>
</testsuites>
