<?xml version="1.0" encoding="UTF-8"?>
<testsuites>
  <testsuite name="" tests="2" assertions="3" errors="0" warnings="0" failures="0" skipped="0" time="0.010581">
    <testsuite name="Project Test Suite" tests="2" assertions="3" errors="0" warnings="0" failures="0" skipped="0" time="0.010581">
      <testsuite name="App\PokerSquares\GameboardTest" file="/home/lohengrin/dbwebb-kurser/mvc/me/report/tests/PokerSquares/GameboardTest.php" tests="2" assertions="3" errors="0" warnings="0" failures="0" skipped="0" time="0.010581">
        <testcase name="testCreateGameboard" class="App\PokerSquares\GameboardTest" classname="App.PokerSquares.GameboardTest" file="/home/lohengrin/dbwebb-kurser/mvc/me/report/tests/PokerSquares/GameboardTest.php" line="24" assertions="1" time="0.008500"/>
        <testcase name="testBoardIsEmpty" class="App\PokerSquares\GameboardTest" classname="App.PokerSquares.GameboardTest" file="/home/lohengrin/dbwebb-kurser/mvc/me/report/tests/PokerSquares/GameboardTest.php" line="34" assertions="2" time="0.002081"/>
      </testsuite>
    </testsuite>
  </testsuite>
</testsuites>
