<?xml version="1.0" encoding="UTF-8"?>
<testsuites>
  <testsuite name="" tests="6" assertions="7" errors="0" warnings="0" failures="0" skipped="0" time="0.034200">
    <testsuite name="Project Test Suite" tests="6" assertions="7" errors="0" warnings="0" failures="0" skipped="0" time="0.034200">
      <testsuite name="App\PokerSquares\GameboardTest" file="/home/lohengrin/dbwebb-kurser/mvc/me/report/tests/PokerSquares/GameboardTest.php" tests="6" assertions="7" errors="0" warnings="0" failures="0" skipped="0" time="0.034200">
        <testcase name="testCreateGameboard" class="App\PokerSquares\GameboardTest" classname="App.PokerSquares.GameboardTest" file="/home/lohengrin/dbwebb-kurser/mvc/me/report/tests/PokerSquares/GameboardTest.php" line="31" assertions="1" time="0.024993"/>
        <testcase name="testBoardIsEmpty" class="App\PokerSquares\GameboardTest" classname="App.PokerSquares.GameboardTest" file="/home/lohengrin/dbwebb-kurser/mvc/me/report/tests/PokerSquares/GameboardTest.php" line="41" assertions="2" time="0.002626"/>
        <testcase name="testPlaceCardValidSlot" class="App\PokerSquares\GameboardTest" classname="App.PokerSquares.GameboardTest" file="/home/lohengrin/dbwebb-kurser/mvc/me/report/tests/PokerSquares/GameboardTest.php" line="52" assertions="1" time="0.001950"/>
        <testcase name="testPlaceCardInvalidSlot" class="App\PokerSquares\GameboardTest" classname="App.PokerSquares.GameboardTest" file="/home/lohengrin/dbwebb-kurser/mvc/me/report/tests/PokerSquares/GameboardTest.php" line="64" assertions="1" time="0.002270"/>
        <testcase name="testPlaceCardInvalidReuseSlot" class="App\PokerSquares\GameboardTest" classname="App.PokerSquares.GameboardTest" file="/home/lohengrin/dbwebb-kurser/mvc/me/report/tests/PokerSquares/GameboardTest.php" line="75" assertions="1" time="0.000691"/>
        <testcase name="testBordIsFull" class="App\PokerSquares\GameboardTest" classname="App.PokerSquares.GameboardTest" file="/home/lohengrin/dbwebb-kurser/mvc/me/report/tests/PokerSquares/GameboardTest.php" line="87" assertions="1" time="0.001670">
          <system-out>array(25) {
  [11]=&gt;
  string(11) "svg-card-as"
  [12]=&gt;
  string(11) "svg-card-as"
  [13]=&gt;
  string(11) "svg-card-as"
  [14]=&gt;
  string(11) "svg-card-as"
  [15]=&gt;
  string(11) "svg-card-as"
  [21]=&gt;
  string(11) "svg-card-as"
  [22]=&gt;
  string(11) "svg-card-as"
  [23]=&gt;
  string(11) "svg-card-as"
  [24]=&gt;
  string(11) "svg-card-as"
  [25]=&gt;
  string(11) "svg-card-as"
  [31]=&gt;
  string(11) "svg-card-as"
  [32]=&gt;
  string(11) "svg-card-as"
  [33]=&gt;
  string(11) "svg-card-as"
  [34]=&gt;
  string(11) "svg-card-as"
  [35]=&gt;
  string(11) "svg-card-as"
  [41]=&gt;
  string(11) "svg-card-as"
  [42]=&gt;
  string(11) "svg-card-as"
  [43]=&gt;
  string(11) "svg-card-as"
  [44]=&gt;
  string(11) "svg-card-as"
  [45]=&gt;
  string(11) "svg-card-as"
  [51]=&gt;
  string(11) "svg-card-as"
  [52]=&gt;
  string(11) "svg-card-as"
  [53]=&gt;
  string(11) "svg-card-as"
  [54]=&gt;
  string(11) "svg-card-as"
  [55]=&gt;
  string(11) "svg-card-as"
}
</system-out>
        </testcase>
      </testsuite>
    </testsuite>
  </testsuite>
</testsuites>
