<?xml version="1.0" encoding="UTF-8"?>
<testsuites>
  <testsuite name="" tests="193" assertions="333" errors="0" warnings="0" failures="0" skipped="0" time="1.406345">
    <testsuite name="Project Test Suite" tests="193" assertions="333" errors="0" warnings="0" failures="0" skipped="0" time="1.406345">
      <testsuite name="App\Card\CardDeckTest" file="/home/lohengrin/dbwebb-kurser/mvc/me/report/tests/Card/CardDeckTest.php" tests="7" assertions="15" errors="0" warnings="0" failures="0" skipped="0" time="0.046748">
        <testcase name="testCreateCardDeck" class="App\Card\CardDeckTest" classname="App.Card.CardDeckTest" file="/home/lohengrin/dbwebb-kurser/mvc/me/report/tests/Card/CardDeckTest.php" line="26" assertions="3" time="0.013028"/>
        <testcase name="testCreateCardDeckInvalid" class="App\Card\CardDeckTest" classname="App.Card.CardDeckTest" file="/home/lohengrin/dbwebb-kurser/mvc/me/report/tests/Card/CardDeckTest.php" line="38" assertions="1" time="0.001955"/>
        <testcase name="testGetAsString" class="App\Card\CardDeckTest" classname="App.Card.CardDeckTest" file="/home/lohengrin/dbwebb-kurser/mvc/me/report/tests/Card/CardDeckTest.php" line="49" assertions="2" time="0.002419"/>
        <testcase name="testSortAndShuffle" class="App\Card\CardDeckTest" classname="App.Card.CardDeckTest" file="/home/lohengrin/dbwebb-kurser/mvc/me/report/tests/Card/CardDeckTest.php" line="63" assertions="3" time="0.017460"/>
        <testcase name="testDrawWhenSorted" class="App\Card\CardDeckTest" classname="App.Card.CardDeckTest" file="/home/lohengrin/dbwebb-kurser/mvc/me/report/tests/Card/CardDeckTest.php" line="84" assertions="3" time="0.004870"/>
        <testcase name="testPeakSorted" class="App\Card\CardDeckTest" classname="App.Card.CardDeckTest" file="/home/lohengrin/dbwebb-kurser/mvc/me/report/tests/Card/CardDeckTest.php" line="99" assertions="2" time="0.005665"/>
        <testcase name="testPeakEmpty" class="App\Card\CardDeckTest" classname="App.Card.CardDeckTest" file="/home/lohengrin/dbwebb-kurser/mvc/me/report/tests/Card/CardDeckTest.php" line="114" assertions="1" time="0.001351"/>
      </testsuite>
      <testsuite name="App\Card\CardGame21Test" file="/home/lohengrin/dbwebb-kurser/mvc/me/report/tests/Card/CardGame21Test.php" tests="11" assertions="38" errors="0" warnings="0" failures="0" skipped="0" time="0.042213">
        <testcase name="testCreateCardGame21" class="App\Card\CardGame21Test" classname="App.Card.CardGame21Test" file="/home/lohengrin/dbwebb-kurser/mvc/me/report/tests/Card/CardGame21Test.php" line="58" assertions="1" time="0.019466"/>
        <testcase name="testInitialState" class="App\Card\CardGame21Test" classname="App.Card.CardGame21Test" file="/home/lohengrin/dbwebb-kurser/mvc/me/report/tests/Card/CardGame21Test.php" line="68" assertions="8" time="0.002147"/>
        <testcase name="testPlayerDrawsCard" class="App\Card\CardGame21Test" classname="App.Card.CardGame21Test" file="/home/lohengrin/dbwebb-kurser/mvc/me/report/tests/Card/CardGame21Test.php" line="94" assertions="4" time="0.001845"/>
        <testcase name="testPlayerLoosesAt24" class="App\Card\CardGame21Test" classname="App.Card.CardGame21Test" file="/home/lohengrin/dbwebb-kurser/mvc/me/report/tests/Card/CardGame21Test.php" line="120" assertions="3" time="0.002581"/>
        <testcase name="testSetAceRankValid" class="App\Card\CardGame21Test" classname="App.Card.CardGame21Test" file="/home/lohengrin/dbwebb-kurser/mvc/me/report/tests/Card/CardGame21Test.php" line="148" assertions="2" time="0.001776"/>
        <testcase name="testSetAceRankInvalid" class="App\Card\CardGame21Test" classname="App.Card.CardGame21Test" file="/home/lohengrin/dbwebb-kurser/mvc/me/report/tests/Card/CardGame21Test.php" line="167" assertions="2" time="0.001764"/>
        <testcase name="testBankWinsAt21" class="App\Card\CardGame21Test" classname="App.Card.CardGame21Test" file="/home/lohengrin/dbwebb-kurser/mvc/me/report/tests/Card/CardGame21Test.php" line="186" assertions="4" time="0.002400"/>
        <testcase name="testBankWinsAt18" class="App\Card\CardGame21Test" classname="App.Card.CardGame21Test" file="/home/lohengrin/dbwebb-kurser/mvc/me/report/tests/Card/CardGame21Test.php" line="215" assertions="4" time="0.001774"/>
        <testcase name="testBankLoosesAt24" class="App\Card\CardGame21Test" classname="App.Card.CardGame21Test" file="/home/lohengrin/dbwebb-kurser/mvc/me/report/tests/Card/CardGame21Test.php" line="245" assertions="4" time="0.001775"/>
        <testcase name="testPlayerWinsAt21" class="App\Card\CardGame21Test" classname="App.Card.CardGame21Test" file="/home/lohengrin/dbwebb-kurser/mvc/me/report/tests/Card/CardGame21Test.php" line="276" assertions="4" time="0.004259"/>
        <testcase name="testBankChooseAceRanks" class="App\Card\CardGame21Test" classname="App.Card.CardGame21Test" file="/home/lohengrin/dbwebb-kurser/mvc/me/report/tests/Card/CardGame21Test.php" line="308" assertions="2" time="0.002425"/>
      </testsuite>
      <testsuite name="App\Card\CardGraphicTest" file="/home/lohengrin/dbwebb-kurser/mvc/me/report/tests/Card/CardGraphicTest.php" tests="3" assertions="3" errors="0" warnings="0" failures="0" skipped="0" time="0.001201">
        <testcase name="testCorrectCardBack" class="App\Card\CardGraphicTest" classname="App.Card.CardGraphicTest" file="/home/lohengrin/dbwebb-kurser/mvc/me/report/tests/Card/CardGraphicTest.php" line="24" assertions="1" time="0.000417"/>
        <testcase name="testCorrectStringDigit" class="App\Card\CardGraphicTest" classname="App.Card.CardGraphicTest" file="/home/lohengrin/dbwebb-kurser/mvc/me/report/tests/Card/CardGraphicTest.php" line="35" assertions="1" time="0.000398"/>
        <testcase name="testCorrectStringFace" class="App\Card\CardGraphicTest" classname="App.Card.CardGraphicTest" file="/home/lohengrin/dbwebb-kurser/mvc/me/report/tests/Card/CardGraphicTest.php" line="46" assertions="1" time="0.000386"/>
      </testsuite>
      <testsuite name="App\Card\CardHandTest" file="/home/lohengrin/dbwebb-kurser/mvc/me/report/tests/Card/CardHandTest.php" tests="5" assertions="12" errors="0" warnings="0" failures="0" skipped="0" time="0.005563">
        <testcase name="testCreateCardHand" class="App\Card\CardHandTest" classname="App.Card.CardHandTest" file="/home/lohengrin/dbwebb-kurser/mvc/me/report/tests/Card/CardHandTest.php" line="38" assertions="2" time="0.001000"/>
        <testcase name="testDrawOneFromDeck" class="App\Card\CardHandTest" classname="App.Card.CardHandTest" file="/home/lohengrin/dbwebb-kurser/mvc/me/report/tests/Card/CardHandTest.php" line="49" assertions="4" time="0.001106"/>
        <testcase name="testDrawThreeFromDeck" class="App\Card\CardHandTest" classname="App.Card.CardHandTest" file="/home/lohengrin/dbwebb-kurser/mvc/me/report/tests/Card/CardHandTest.php" line="63" assertions="4" time="0.001298"/>
        <testcase name="testSetLastCardRankExisting" class="App\Card\CardHandTest" classname="App.Card.CardHandTest" file="/home/lohengrin/dbwebb-kurser/mvc/me/report/tests/Card/CardHandTest.php" line="77" assertions="1" time="0.001167"/>
        <testcase name="testSetLastCardRankEmpty" class="App\Card\CardHandTest" classname="App.Card.CardHandTest" file="/home/lohengrin/dbwebb-kurser/mvc/me/report/tests/Card/CardHandTest.php" line="88" assertions="1" time="0.000993"/>
      </testsuite>
      <testsuite name="App\Card\CardSvgTest" file="/home/lohengrin/dbwebb-kurser/mvc/me/report/tests/Card/CardSvgTest.php" tests="3" assertions="3" errors="0" warnings="0" failures="0" skipped="0" time="0.001184">
        <testcase name="testCorrectCardBack" class="App\Card\CardSvgTest" classname="App.Card.CardSvgTest" file="/home/lohengrin/dbwebb-kurser/mvc/me/report/tests/Card/CardSvgTest.php" line="24" assertions="1" time="0.000380"/>
        <testcase name="testStringRepr" class="App\Card\CardSvgTest" classname="App.Card.CardSvgTest" file="/home/lohengrin/dbwebb-kurser/mvc/me/report/tests/Card/CardSvgTest.php" line="35" assertions="1" time="0.000397"/>
        <testcase name="testStringReprAfterUpdate" class="App\Card\CardSvgTest" classname="App.Card.CardSvgTest" file="/home/lohengrin/dbwebb-kurser/mvc/me/report/tests/Card/CardSvgTest.php" line="46" assertions="1" time="0.000407"/>
      </testsuite>
      <testsuite name="App\Card\CardTest" file="/home/lohengrin/dbwebb-kurser/mvc/me/report/tests/Card/CardTest.php" tests="8" assertions="12" errors="0" warnings="0" failures="0" skipped="0" time="0.003737">
        <testcase name="testCreateCardValidArgs" class="App\Card\CardTest" classname="App.Card.CardTest" file="/home/lohengrin/dbwebb-kurser/mvc/me/report/tests/Card/CardTest.php" line="25" assertions="3" time="0.000379"/>
        <testcase name="testCreateCardInvalidSuit" class="App\Card\CardTest" classname="App.Card.CardTest" file="/home/lohengrin/dbwebb-kurser/mvc/me/report/tests/Card/CardTest.php" line="40" assertions="1" time="0.000465"/>
        <testcase name="testCreateCardInvalidRanks" class="App\Card\CardTest" classname="App.Card.CardTest" file="/home/lohengrin/dbwebb-kurser/mvc/me/report/tests/Card/CardTest.php" line="52" assertions="1" time="0.000405"/>
        <testcase name="testCorrectCardBack" class="App\Card\CardTest" classname="App.Card.CardTest" file="/home/lohengrin/dbwebb-kurser/mvc/me/report/tests/Card/CardTest.php" line="63" assertions="1" time="0.000465"/>
        <testcase name="testSetValidRank" class="App\Card\CardTest" classname="App.Card.CardTest" file="/home/lohengrin/dbwebb-kurser/mvc/me/report/tests/Card/CardTest.php" line="74" assertions="2" time="0.000554"/>
        <testcase name="testSetInvalidRank" class="App\Card\CardTest" classname="App.Card.CardTest" file="/home/lohengrin/dbwebb-kurser/mvc/me/report/tests/Card/CardTest.php" line="86" assertions="2" time="0.000575"/>
        <testcase name="testCorrectStringDigit" class="App\Card\CardTest" classname="App.Card.CardTest" file="/home/lohengrin/dbwebb-kurser/mvc/me/report/tests/Card/CardTest.php" line="98" assertions="1" time="0.000454"/>
        <testcase name="testCorrectStringFace" class="App\Card\CardTest" classname="App.Card.CardTest" file="/home/lohengrin/dbwebb-kurser/mvc/me/report/tests/Card/CardTest.php" line="109" assertions="1" time="0.000438"/>
      </testsuite>
      <testsuite name="App\Controller\Project\MainControllerTest" file="/home/lohengrin/dbwebb-kurser/mvc/me/report/tests/Controller/Project/MainControllerTest.php" tests="7" assertions="19" errors="0" warnings="0" failures="0" skipped="0" time="0.547305">
        <testcase name="testCreateInstance" class="App\Controller\Project\MainControllerTest" classname="App.Controller.Project.MainControllerTest" file="/home/lohengrin/dbwebb-kurser/mvc/me/report/tests/Controller/Project/MainControllerTest.php" line="28" assertions="1" time="0.130167"/>
        <testcase name="testRenderStart" class="App\Controller\Project\MainControllerTest" classname="App.Controller.Project.MainControllerTest" file="/home/lohengrin/dbwebb-kurser/mvc/me/report/tests/Controller/Project/MainControllerTest.php" line="38" assertions="3" time="0.198436"/>
        <testcase name="testRenderAbout" class="App\Controller\Project\MainControllerTest" classname="App.Controller.Project.MainControllerTest" file="/home/lohengrin/dbwebb-kurser/mvc/me/report/tests/Controller/Project/MainControllerTest.php" line="52" assertions="3" time="0.070455"/>
        <testcase name="testRenderDatabase" class="App\Controller\Project\MainControllerTest" classname="App.Controller.Project.MainControllerTest" file="/home/lohengrin/dbwebb-kurser/mvc/me/report/tests/Controller/Project/MainControllerTest.php" line="66" assertions="3" time="0.031340"/>
        <testcase name="testRenderGame" class="App\Controller\Project\MainControllerTest" classname="App.Controller.Project.MainControllerTest" file="/home/lohengrin/dbwebb-kurser/mvc/me/report/tests/Controller/Project/MainControllerTest.php" line="80" assertions="3" time="0.015820"/>
        <testcase name="testRenderRules" class="App\Controller\Project\MainControllerTest" classname="App.Controller.Project.MainControllerTest" file="/home/lohengrin/dbwebb-kurser/mvc/me/report/tests/Controller/Project/MainControllerTest.php" line="94" assertions="3" time="0.021176"/>
        <testcase name="testRenderApi" class="App\Controller\Project\MainControllerTest" classname="App.Controller.Project.MainControllerTest" file="/home/lohengrin/dbwebb-kurser/mvc/me/report/tests/Controller/Project/MainControllerTest.php" line="108" assertions="3" time="0.079911"/>
      </testsuite>
      <testsuite name="App\Dice\DiceGraphicTest" file="/home/lohengrin/dbwebb-kurser/mvc/me/report/tests/Dice/DiceGraphicTest.php" tests="3" assertions="9" errors="0" warnings="0" failures="0" skipped="0" time="0.003464">
        <testcase name="testCreateDiceGraphic" class="App\Dice\DiceGraphicTest" classname="App.Dice.DiceGraphicTest" file="/home/lohengrin/dbwebb-kurser/mvc/me/report/tests/Dice/DiceGraphicTest.php" line="25" assertions="3" time="0.001547"/>
        <testcase name="testRollDiceGraphic" class="App\Dice\DiceGraphicTest" classname="App.Dice.DiceGraphicTest" file="/home/lohengrin/dbwebb-kurser/mvc/me/report/tests/Dice/DiceGraphicTest.php" line="42" assertions="5" time="0.001489"/>
        <testcase name="testGetAsString" class="App\Dice\DiceGraphicTest" classname="App.Dice.DiceGraphicTest" file="/home/lohengrin/dbwebb-kurser/mvc/me/report/tests/Dice/DiceGraphicTest.php" line="57" assertions="1" time="0.000427"/>
      </testsuite>
      <testsuite name="App\Dice\DiceHandTest" file="/home/lohengrin/dbwebb-kurser/mvc/me/report/tests/Dice/DiceHandTest.php" tests="4" assertions="12" errors="0" warnings="0" failures="0" skipped="0" time="0.005188">
        <testcase name="testCreateDiceHand" class="App\Dice\DiceHandTest" classname="App.Dice.DiceHandTest" file="/home/lohengrin/dbwebb-kurser/mvc/me/report/tests/Dice/DiceHandTest.php" line="35" assertions="1" time="0.002436"/>
        <testcase name="testEmptyHand" class="App\Dice\DiceHandTest" classname="App.Dice.DiceHandTest" file="/home/lohengrin/dbwebb-kurser/mvc/me/report/tests/Dice/DiceHandTest.php" line="46" assertions="5" time="0.001014"/>
        <testcase name="testAddDice" class="App\Dice\DiceHandTest" classname="App.Dice.DiceHandTest" file="/home/lohengrin/dbwebb-kurser/mvc/me/report/tests/Dice/DiceHandTest.php" line="69" assertions="5" time="0.001004"/>
        <testcase name="testReset" class="App\Dice\DiceHandTest" classname="App.Dice.DiceHandTest" file="/home/lohengrin/dbwebb-kurser/mvc/me/report/tests/Dice/DiceHandTest.php" line="95" assertions="1" time="0.000734"/>
      </testsuite>
      <testsuite name="App\Dice\DiceTest" file="/home/lohengrin/dbwebb-kurser/mvc/me/report/tests/Dice/DiceTest.php" tests="6" assertions="22" errors="0" warnings="0" failures="0" skipped="0" time="0.003133">
        <testcase name="testCreateDice" class="App\Dice\DiceTest" classname="App.Dice.DiceTest" file="/home/lohengrin/dbwebb-kurser/mvc/me/report/tests/Dice/DiceTest.php" line="25" assertions="3" time="0.000410"/>
        <testcase name="testRollDice" class="App\Dice\DiceTest" classname="App.Dice.DiceTest" file="/home/lohengrin/dbwebb-kurser/mvc/me/report/tests/Dice/DiceTest.php" line="42" assertions="5" time="0.000883"/>
        <testcase name="testRoll4SidedDice" class="App\Dice\DiceTest" classname="App.Dice.DiceTest" file="/home/lohengrin/dbwebb-kurser/mvc/me/report/tests/Dice/DiceTest.php" line="57" assertions="8" time="0.000655"/>
        <testcase name="testRoll1SidedDice" class="App\Dice\DiceTest" classname="App.Dice.DiceTest" file="/home/lohengrin/dbwebb-kurser/mvc/me/report/tests/Dice/DiceTest.php" line="75" assertions="4" time="0.000403"/>
        <testcase name="testGetAsString" class="App\Dice\DiceTest" classname="App.Dice.DiceTest" file="/home/lohengrin/dbwebb-kurser/mvc/me/report/tests/Dice/DiceTest.php" line="89" assertions="1" time="0.000427"/>
        <testcase name="testResetDice" class="App\Dice\DiceTest" classname="App.Dice.DiceTest" file="/home/lohengrin/dbwebb-kurser/mvc/me/report/tests/Dice/DiceTest.php" line="100" assertions="1" time="0.000356"/>
      </testsuite>
      <testsuite name="App\Entity\BoardTest" file="/home/lohengrin/dbwebb-kurser/mvc/me/report/tests/Entity/BoardTest.php" tests="3" assertions="3" errors="0" warnings="0" failures="0" skipped="0" time="0.001990">
        <testcase name="testCreateInstance" class="App\Entity\BoardTest" classname="App.Entity.BoardTest" file="/home/lohengrin/dbwebb-kurser/mvc/me/report/tests/Entity/BoardTest.php" line="35" assertions="1" time="0.001076"/>
        <testcase name="testGetData" class="App\Entity\BoardTest" classname="App.Entity.BoardTest" file="/home/lohengrin/dbwebb-kurser/mvc/me/report/tests/Entity/BoardTest.php" line="45" assertions="1" time="0.000524"/>
        <testcase name="testGetId" class="App\Entity\BoardTest" classname="App.Entity.BoardTest" file="/home/lohengrin/dbwebb-kurser/mvc/me/report/tests/Entity/BoardTest.php" line="56" assertions="1" time="0.000389"/>
      </testsuite>
      <testsuite name="App\Entity\PlayerTest" file="/home/lohengrin/dbwebb-kurser/mvc/me/report/tests/Entity/PlayerTest.php" tests="7" assertions="7" errors="0" warnings="0" failures="0" skipped="0" time="0.013273">
        <testcase name="testCreateInstance" class="App\Entity\PlayerTest" classname="App.Entity.PlayerTest" file="/home/lohengrin/dbwebb-kurser/mvc/me/report/tests/Entity/PlayerTest.php" line="29" assertions="1" time="0.009762"/>
        <testcase name="testGetId" class="App\Entity\PlayerTest" classname="App.Entity.PlayerTest" file="/home/lohengrin/dbwebb-kurser/mvc/me/report/tests/Entity/PlayerTest.php" line="39" assertions="1" time="0.000571"/>
        <testcase name="testGetName" class="App\Entity\PlayerTest" classname="App.Entity.PlayerTest" file="/home/lohengrin/dbwebb-kurser/mvc/me/report/tests/Entity/PlayerTest.php" line="49" assertions="1" time="0.000517"/>
        <testcase name="testSetAndGetType" class="App\Entity\PlayerTest" classname="App.Entity.PlayerTest" file="/home/lohengrin/dbwebb-kurser/mvc/me/report/tests/Entity/PlayerTest.php" line="59" assertions="1" time="0.000536"/>
        <testcase name="testSetAndGetLevel" class="App\Entity\PlayerTest" classname="App.Entity.PlayerTest" file="/home/lohengrin/dbwebb-kurser/mvc/me/report/tests/Entity/PlayerTest.php" line="70" assertions="1" time="0.000564"/>
        <testcase name="testSetAndGetRounds" class="App\Entity\PlayerTest" classname="App.Entity.PlayerTest" file="/home/lohengrin/dbwebb-kurser/mvc/me/report/tests/Entity/PlayerTest.php" line="81" assertions="1" time="0.000510"/>
        <testcase name="testRemoveRound" class="App\Entity\PlayerTest" classname="App.Entity.PlayerTest" file="/home/lohengrin/dbwebb-kurser/mvc/me/report/tests/Entity/PlayerTest.php" line="91" assertions="1" time="0.000811"/>
      </testsuite>
      <testsuite name="App\Entity\RoundTest" file="/home/lohengrin/dbwebb-kurser/mvc/me/report/tests/Entity/RoundTest.php" tests="8" assertions="8" errors="0" warnings="0" failures="0" skipped="0" time="0.008829">
        <testcase name="testCreateInstance" class="App\Entity\RoundTest" classname="App.Entity.RoundTest" file="/home/lohengrin/dbwebb-kurser/mvc/me/report/tests/Entity/RoundTest.php" line="43" assertions="1" time="0.003792"/>
        <testcase name="testGetId" class="App\Entity\RoundTest" classname="App.Entity.RoundTest" file="/home/lohengrin/dbwebb-kurser/mvc/me/report/tests/Entity/RoundTest.php" line="53" assertions="1" time="0.000847"/>
        <testcase name="testGetPlayer" class="App\Entity\RoundTest" classname="App.Entity.RoundTest" file="/home/lohengrin/dbwebb-kurser/mvc/me/report/tests/Entity/RoundTest.php" line="63" assertions="1" time="0.000853"/>
        <testcase name="testGetBoard" class="App\Entity\RoundTest" classname="App.Entity.RoundTest" file="/home/lohengrin/dbwebb-kurser/mvc/me/report/tests/Entity/RoundTest.php" line="73" assertions="1" time="0.000671"/>
        <testcase name="testGetScore" class="App\Entity\RoundTest" classname="App.Entity.RoundTest" file="/home/lohengrin/dbwebb-kurser/mvc/me/report/tests/Entity/RoundTest.php" line="83" assertions="1" time="0.000685"/>
        <testcase name="testGetStart" class="App\Entity\RoundTest" classname="App.Entity.RoundTest" file="/home/lohengrin/dbwebb-kurser/mvc/me/report/tests/Entity/RoundTest.php" line="93" assertions="1" time="0.000653"/>
        <testcase name="testGetFinish" class="App\Entity\RoundTest" classname="App.Entity.RoundTest" file="/home/lohengrin/dbwebb-kurser/mvc/me/report/tests/Entity/RoundTest.php" line="103" assertions="1" time="0.000690"/>
        <testcase name="testGetDuration" class="App\Entity\RoundTest" classname="App.Entity.RoundTest" file="/home/lohengrin/dbwebb-kurser/mvc/me/report/tests/Entity/RoundTest.php" line="113" assertions="1" time="0.000640"/>
      </testsuite>
      <testsuite name="App\Entity\ScoreTest" file="/home/lohengrin/dbwebb-kurser/mvc/me/report/tests/Entity/ScoreTest.php" tests="5" assertions="5" errors="0" warnings="0" failures="0" skipped="0" time="0.002407">
        <testcase name="testCreateInstance" class="App\Entity\ScoreTest" classname="App.Entity.ScoreTest" file="/home/lohengrin/dbwebb-kurser/mvc/me/report/tests/Entity/ScoreTest.php" line="45" assertions="1" time="0.000409"/>
        <testcase name="testGetId" class="App\Entity\ScoreTest" classname="App.Entity.ScoreTest" file="/home/lohengrin/dbwebb-kurser/mvc/me/report/tests/Entity/ScoreTest.php" line="55" assertions="1" time="0.000664"/>
        <testcase name="testTotalScore" class="App\Entity\ScoreTest" classname="App.Entity.ScoreTest" file="/home/lohengrin/dbwebb-kurser/mvc/me/report/tests/Entity/ScoreTest.php" line="65" assertions="1" time="0.000399"/>
        <testcase name="testHandScore" class="App\Entity\ScoreTest" classname="App.Entity.ScoreTest" file="/home/lohengrin/dbwebb-kurser/mvc/me/report/tests/Entity/ScoreTest.php" line="75" assertions="1" time="0.000419"/>
        <testcase name="testInvalidHandName" class="App\Entity\ScoreTest" classname="App.Entity.ScoreTest" file="/home/lohengrin/dbwebb-kurser/mvc/me/report/tests/Entity/ScoreTest.php" line="85" assertions="1" time="0.000517"/>
      </testsuite>
      <testsuite name="App\Form\ConfirmDeleteTypeTest" file="/home/lohengrin/dbwebb-kurser/mvc/me/report/tests/Form/ConfirmDeleteTypeTest.php" tests="2" assertions="6" errors="0" warnings="0" failures="0" skipped="0" time="0.022976">
        <testcase name="testSubmitValidData" class="App\Form\ConfirmDeleteTypeTest" classname="App.Form.ConfirmDeleteTypeTest" file="/home/lohengrin/dbwebb-kurser/mvc/me/report/tests/Form/ConfirmDeleteTypeTest.php" line="31" assertions="3" time="0.021539"/>
        <testcase name="testSubmitCustomOptions" class="App\Form\ConfirmDeleteTypeTest" classname="App.Form.ConfirmDeleteTypeTest" file="/home/lohengrin/dbwebb-kurser/mvc/me/report/tests/Form/ConfirmDeleteTypeTest.php" line="50" assertions="3" time="0.001437"/>
      </testsuite>
      <testsuite name="App\Form\ConfirmTypeTest" file="/home/lohengrin/dbwebb-kurser/mvc/me/report/tests/Form/ConfirmTypeTest.php" tests="2" assertions="5" errors="0" warnings="0" failures="0" skipped="0" time="0.005476">
        <testcase name="testSubmitValidData" class="App\Form\ConfirmTypeTest" classname="App.Form.ConfirmTypeTest" file="/home/lohengrin/dbwebb-kurser/mvc/me/report/tests/Form/ConfirmTypeTest.php" line="31" assertions="3" time="0.003281"/>
        <testcase name="testSubmitCustomOptions" class="App\Form\ConfirmTypeTest" classname="App.Form.ConfirmTypeTest" file="/home/lohengrin/dbwebb-kurser/mvc/me/report/tests/Form/ConfirmTypeTest.php" line="50" assertions="2" time="0.002195"/>
      </testsuite>
      <testsuite name="App\Form\PlayerSelectTypeTest" file="/home/lohengrin/dbwebb-kurser/mvc/me/report/tests/Form/PlayerSelectTypeTest.php" tests="2" assertions="5" errors="0" warnings="0" failures="0" skipped="0" time="0.012547">
        <testcase name="testSubmitValidData" class="App\Form\PlayerSelectTypeTest" classname="App.Form.PlayerSelectTypeTest" file="/home/lohengrin/dbwebb-kurser/mvc/me/report/tests/Form/PlayerSelectTypeTest.php" line="47" assertions="4" time="0.009890"/>
        <testcase name="testCustomSubmitLabel" class="App\Form\PlayerSelectTypeTest" classname="App.Form.PlayerSelectTypeTest" file="/home/lohengrin/dbwebb-kurser/mvc/me/report/tests/Form/PlayerSelectTypeTest.php" line="81" assertions="1" time="0.002658"/>
      </testsuite>
      <testsuite name="App\Form\PlayerTypeTest" file="/home/lohengrin/dbwebb-kurser/mvc/me/report/tests/Form/PlayerTypeTest.php" tests="2" assertions="8" errors="0" warnings="0" failures="0" skipped="0" time="0.006796">
        <testcase name="testSubmitValidData" class="App\Form\PlayerTypeTest" classname="App.Form.PlayerTypeTest" file="/home/lohengrin/dbwebb-kurser/mvc/me/report/tests/Form/PlayerTypeTest.php" line="32" assertions="6" time="0.004642"/>
        <testcase name="testCustomSubmitLabel" class="App\Form\PlayerTypeTest" classname="App.Form.PlayerTypeTest" file="/home/lohengrin/dbwebb-kurser/mvc/me/report/tests/Form/PlayerTypeTest.php" line="66" assertions="2" time="0.002153"/>
      </testsuite>
      <testsuite name="App\PokerSquares\AmericanScoresTest" file="/home/lohengrin/dbwebb-kurser/mvc/me/report/tests/PokerSquares/AmericanScoresTest.php" tests="3" assertions="3" errors="0" warnings="0" failures="0" skipped="0" time="0.002620">
        <testcase name="testCreateInstance" class="App\PokerSquares\AmericanScoresTest" classname="App.PokerSquares.AmericanScoresTest" file="/home/lohengrin/dbwebb-kurser/mvc/me/report/tests/PokerSquares/AmericanScoresTest.php" line="25" assertions="1" time="0.001686"/>
        <testcase name="testAllScores" class="App\PokerSquares\AmericanScoresTest" classname="App.PokerSquares.AmericanScoresTest" file="/home/lohengrin/dbwebb-kurser/mvc/me/report/tests/PokerSquares/AmericanScoresTest.php" line="35" assertions="1" time="0.000519"/>
        <testcase name="testInvalidRuleArgument" class="App\PokerSquares\AmericanScoresTest" classname="App.PokerSquares.AmericanScoresTest" file="/home/lohengrin/dbwebb-kurser/mvc/me/report/tests/PokerSquares/AmericanScoresTest.php" line="63" assertions="1" time="0.000414"/>
      </testsuite>
      <testsuite name="App\PokerSquares\Cpu\Cpu1Test" file="/home/lohengrin/dbwebb-kurser/mvc/me/report/tests/PokerSquares/Cpu/Cpu1Test.php" tests="2" assertions="2" errors="0" warnings="0" failures="0" skipped="0" time="0.002059">
        <testcase name="testSuggestPlacement" class="App\PokerSquares\Cpu\Cpu1Test" classname="App.PokerSquares.Cpu.Cpu1Test" file="/home/lohengrin/dbwebb-kurser/mvc/me/report/tests/PokerSquares/Cpu/Cpu1Test.php" line="36" assertions="1" time="0.001436"/>
        <testcase name="testSuggestNoPlacement" class="App\PokerSquares\Cpu\Cpu1Test" classname="App.PokerSquares.Cpu.Cpu1Test" file="/home/lohengrin/dbwebb-kurser/mvc/me/report/tests/PokerSquares/Cpu/Cpu1Test.php" line="53" assertions="1" time="0.000623"/>
      </testsuite>
      <testsuite name="App\PokerSquares\Cpu\Cpu2Test" file="/home/lohengrin/dbwebb-kurser/mvc/me/report/tests/PokerSquares/Cpu/Cpu2Test.php" tests="4" assertions="4" errors="0" warnings="0" failures="0" skipped="0" time="0.004167">
        <testcase name="testSuggestPreferredPlacement" class="App\PokerSquares\Cpu\Cpu2Test" classname="App.PokerSquares.Cpu.Cpu2Test" file="/home/lohengrin/dbwebb-kurser/mvc/me/report/tests/PokerSquares/Cpu/Cpu2Test.php" line="37" assertions="1" time="0.001898"/>
        <testcase name="testSuggestTrashPlacement" class="App\PokerSquares\Cpu\Cpu2Test" classname="App.PokerSquares.Cpu.Cpu2Test" file="/home/lohengrin/dbwebb-kurser/mvc/me/report/tests/PokerSquares/Cpu/Cpu2Test.php" line="48" assertions="1" time="0.000769"/>
        <testcase name="testSuggestFirstEmptyPlacement" class="App\PokerSquares\Cpu\Cpu2Test" classname="App.PokerSquares.Cpu.Cpu2Test" file="/home/lohengrin/dbwebb-kurser/mvc/me/report/tests/PokerSquares/Cpu/Cpu2Test.php" line="66" assertions="1" time="0.000758"/>
        <testcase name="testSuggestNoPlacement" class="App\PokerSquares\Cpu\Cpu2Test" classname="App.PokerSquares.Cpu.Cpu2Test" file="/home/lohengrin/dbwebb-kurser/mvc/me/report/tests/PokerSquares/Cpu/Cpu2Test.php" line="84" assertions="1" time="0.000742"/>
      </testsuite>
      <testsuite name="App\PokerSquares\Cpu\Cpu3Test" file="/home/lohengrin/dbwebb-kurser/mvc/me/report/tests/PokerSquares/Cpu/Cpu3Test.php" tests="7" assertions="7" errors="0" warnings="0" failures="0" skipped="0" time="0.014621">
        <testcase name="testSuggestPreferredPlacement1" class="App\PokerSquares\Cpu\Cpu3Test" classname="App.PokerSquares.Cpu.Cpu3Test" file="/home/lohengrin/dbwebb-kurser/mvc/me/report/tests/PokerSquares/Cpu/Cpu3Test.php" line="44" assertions="1" time="0.002319"/>
        <testcase name="testSuggestPreferredPlacement2" class="App\PokerSquares\Cpu\Cpu3Test" classname="App.PokerSquares.Cpu.Cpu3Test" file="/home/lohengrin/dbwebb-kurser/mvc/me/report/tests/PokerSquares/Cpu/Cpu3Test.php" line="57" assertions="1" time="0.001942"/>
        <testcase name="testSuggestTrashPlacement1" class="App\PokerSquares\Cpu\Cpu3Test" classname="App.PokerSquares.Cpu.Cpu3Test" file="/home/lohengrin/dbwebb-kurser/mvc/me/report/tests/PokerSquares/Cpu/Cpu3Test.php" line="68" assertions="1" time="0.001591"/>
        <testcase name="testSuggestTrashPlacement2" class="App\PokerSquares\Cpu\Cpu3Test" classname="App.PokerSquares.Cpu.Cpu3Test" file="/home/lohengrin/dbwebb-kurser/mvc/me/report/tests/PokerSquares/Cpu/Cpu3Test.php" line="89" assertions="1" time="0.001476"/>
        <testcase name="testSuggestFirstEmptyPlacement1" class="App\PokerSquares\Cpu\Cpu3Test" classname="App.PokerSquares.Cpu.Cpu3Test" file="/home/lohengrin/dbwebb-kurser/mvc/me/report/tests/PokerSquares/Cpu/Cpu3Test.php" line="107" assertions="1" time="0.002196"/>
        <testcase name="testSuggestFirstEmptyPlacement2" class="App\PokerSquares\Cpu\Cpu3Test" classname="App.PokerSquares.Cpu.Cpu3Test" file="/home/lohengrin/dbwebb-kurser/mvc/me/report/tests/PokerSquares/Cpu/Cpu3Test.php" line="128" assertions="1" time="0.001898"/>
        <testcase name="testSuggestNoPlacement" class="App\PokerSquares\Cpu\Cpu3Test" classname="App.PokerSquares.Cpu.Cpu3Test" file="/home/lohengrin/dbwebb-kurser/mvc/me/report/tests/PokerSquares/Cpu/Cpu3Test.php" line="146" assertions="1" time="0.003198"/>
      </testsuite>
      <testsuite name="App\PokerSquares\Cpu\CpuFactoryTest" file="/home/lohengrin/dbwebb-kurser/mvc/me/report/tests/PokerSquares/Cpu/CpuFactoryTest.php" tests="2" assertions="2" errors="0" warnings="0" failures="0" skipped="0" time="0.001728">
        <testcase name="testGetCpuIntel" class="App\PokerSquares\Cpu\CpuFactoryTest" classname="App.PokerSquares.Cpu.CpuFactoryTest" file="/home/lohengrin/dbwebb-kurser/mvc/me/report/tests/PokerSquares/Cpu/CpuFactoryTest.php" line="15" assertions="1" time="0.001174"/>
        <testcase name="testGetNoCpuIntel" class="App\PokerSquares\Cpu\CpuFactoryTest" classname="App.PokerSquares.Cpu.CpuFactoryTest" file="/home/lohengrin/dbwebb-kurser/mvc/me/report/tests/PokerSquares/Cpu/CpuFactoryTest.php" line="25" assertions="1" time="0.000554"/>
      </testsuite>
      <testsuite name="App\PokerSquares\GameManagerTest" file="/home/lohengrin/dbwebb-kurser/mvc/me/report/tests/PokerSquares/GameManagerTest.php" tests="10" assertions="13" errors="0" warnings="0" failures="0" skipped="0" time="0.011788">
        <testcase name="testCreateInstance" class="App\PokerSquares\GameManagerTest" classname="App.PokerSquares.GameManagerTest" file="/home/lohengrin/dbwebb-kurser/mvc/me/report/tests/PokerSquares/GameManagerTest.php" line="63" assertions="1" time="0.003999"/>
        <testcase name="testCreateInvalidInstance" class="App\PokerSquares\GameManagerTest" classname="App.PokerSquares.GameManagerTest" file="/home/lohengrin/dbwebb-kurser/mvc/me/report/tests/PokerSquares/GameManagerTest.php" line="73" assertions="1" time="0.000947"/>
        <testcase name="testGetGameByIndex" class="App\PokerSquares\GameManagerTest" classname="App.PokerSquares.GameManagerTest" file="/home/lohengrin/dbwebb-kurser/mvc/me/report/tests/PokerSquares/GameManagerTest.php" line="84" assertions="1" time="0.000727"/>
        <testcase name="testGetNoGameByIndex" class="App\PokerSquares\GameManagerTest" classname="App.PokerSquares.GameManagerTest" file="/home/lohengrin/dbwebb-kurser/mvc/me/report/tests/PokerSquares/GameManagerTest.php" line="95" assertions="1" time="0.000905"/>
        <testcase name="testGetCurrentGame" class="App\PokerSquares\GameManagerTest" classname="App.PokerSquares.GameManagerTest" file="/home/lohengrin/dbwebb-kurser/mvc/me/report/tests/PokerSquares/GameManagerTest.php" line="106" assertions="1" time="0.000786"/>
        <testcase name="testGetNoCurrentGame" class="App\PokerSquares\GameManagerTest" classname="App.PokerSquares.GameManagerTest" file="/home/lohengrin/dbwebb-kurser/mvc/me/report/tests/PokerSquares/GameManagerTest.php" line="117" assertions="1" time="0.000713"/>
        <testcase name="testAllGamesAreNotOver" class="App\PokerSquares\GameManagerTest" classname="App.PokerSquares.GameManagerTest" file="/home/lohengrin/dbwebb-kurser/mvc/me/report/tests/PokerSquares/GameManagerTest.php" line="129" assertions="1" time="0.000956"/>
        <testcase name="testAllGamesAreOver" class="App\PokerSquares\GameManagerTest" classname="App.PokerSquares.GameManagerTest" file="/home/lohengrin/dbwebb-kurser/mvc/me/report/tests/PokerSquares/GameManagerTest.php" line="139" assertions="1" time="0.000922"/>
        <testcase name="testGetAllGameStates" class="App\PokerSquares\GameManagerTest" classname="App.PokerSquares.GameManagerTest" file="/home/lohengrin/dbwebb-kurser/mvc/me/report/tests/PokerSquares/GameManagerTest.php" line="150" assertions="1" time="0.000869"/>
        <testcase name="testGetConclusion" class="App\PokerSquares\GameManagerTest" classname="App.PokerSquares.GameManagerTest" file="/home/lohengrin/dbwebb-kurser/mvc/me/report/tests/PokerSquares/GameManagerTest.php" line="161" assertions="4" time="0.000964"/>
      </testsuite>
      <testsuite name="App\PokerSquares\GameboardTest" file="/home/lohengrin/dbwebb-kurser/mvc/me/report/tests/PokerSquares/GameboardTest.php" tests="11" assertions="15" errors="0" warnings="0" failures="0" skipped="0" time="0.012222">
        <testcase name="testCreateGameboard" class="App\PokerSquares\GameboardTest" classname="App.PokerSquares.GameboardTest" file="/home/lohengrin/dbwebb-kurser/mvc/me/report/tests/PokerSquares/GameboardTest.php" line="41" assertions="2" time="0.002358"/>
        <testcase name="testGetBoard" class="App\PokerSquares\GameboardTest" classname="App.PokerSquares.GameboardTest" file="/home/lohengrin/dbwebb-kurser/mvc/me/report/tests/PokerSquares/GameboardTest.php" line="52" assertions="1" time="0.000947"/>
        <testcase name="testExportEntity" class="App\PokerSquares\GameboardTest" classname="App.PokerSquares.GameboardTest" file="/home/lohengrin/dbwebb-kurser/mvc/me/report/tests/PokerSquares/GameboardTest.php" line="62" assertions="1" time="0.001307"/>
        <testcase name="testBoardIsEmpty" class="App\PokerSquares\GameboardTest" classname="App.PokerSquares.GameboardTest" file="/home/lohengrin/dbwebb-kurser/mvc/me/report/tests/PokerSquares/GameboardTest.php" line="73" assertions="2" time="0.001014"/>
        <testcase name="testPlaceCardValidSlot" class="App\PokerSquares\GameboardTest" classname="App.PokerSquares.GameboardTest" file="/home/lohengrin/dbwebb-kurser/mvc/me/report/tests/PokerSquares/GameboardTest.php" line="84" assertions="1" time="0.000891"/>
        <testcase name="testPlaceCardInvalidSlot" class="App\PokerSquares\GameboardTest" classname="App.PokerSquares.GameboardTest" file="/home/lohengrin/dbwebb-kurser/mvc/me/report/tests/PokerSquares/GameboardTest.php" line="96" assertions="1" time="0.001427"/>
        <testcase name="testPlaceCardInvalidReuseSlot" class="App\PokerSquares\GameboardTest" classname="App.PokerSquares.GameboardTest" file="/home/lohengrin/dbwebb-kurser/mvc/me/report/tests/PokerSquares/GameboardTest.php" line="107" assertions="1" time="0.000850"/>
        <testcase name="testBoardHasOneCard" class="App\PokerSquares\GameboardTest" classname="App.PokerSquares.GameboardTest" file="/home/lohengrin/dbwebb-kurser/mvc/me/report/tests/PokerSquares/GameboardTest.php" line="119" assertions="1" time="0.000847"/>
        <testcase name="testBordIsFull" class="App\PokerSquares\GameboardTest" classname="App.PokerSquares.GameboardTest" file="/home/lohengrin/dbwebb-kurser/mvc/me/report/tests/PokerSquares/GameboardTest.php" line="130" assertions="1" time="0.000811"/>
        <testcase name="testgetAllHandsFull" class="App\PokerSquares\GameboardTest" classname="App.PokerSquares.GameboardTest" file="/home/lohengrin/dbwebb-kurser/mvc/me/report/tests/PokerSquares/GameboardTest.php" line="140" assertions="2" time="0.000912"/>
        <testcase name="testgetAllHandsEmpty" class="App\PokerSquares\GameboardTest" classname="App.PokerSquares.GameboardTest" file="/home/lohengrin/dbwebb-kurser/mvc/me/report/tests/PokerSquares/GameboardTest.php" line="154" assertions="2" time="0.000858"/>
      </testsuite>
      <testsuite name="App\PokerSquares\PokerSquareRulesTest" file="/home/lohengrin/dbwebb-kurser/mvc/me/report/tests/PokerSquares/PokerSquareRulesTest.php" tests="8" assertions="8" errors="0" warnings="0" failures="0" skipped="0" time="0.027343">
        <testcase name="testCreateInstance" class="App\PokerSquares\PokerSquareRulesTest" classname="App.PokerSquares.PokerSquareRulesTest" file="/home/lohengrin/dbwebb-kurser/mvc/me/report/tests/PokerSquares/PokerSquareRulesTest.php" line="33" assertions="1" time="0.010112"/>
        <testcase name="testAssessRoyalFlush" class="App\PokerSquares\PokerSquareRulesTest" classname="App.PokerSquares.PokerSquareRulesTest" file="/home/lohengrin/dbwebb-kurser/mvc/me/report/tests/PokerSquares/PokerSquareRulesTest.php" line="43" assertions="1" time="0.002305"/>
        <testcase name="testAssessFourOFAKind" class="App\PokerSquares\PokerSquareRulesTest" classname="App.PokerSquares.PokerSquareRulesTest" file="/home/lohengrin/dbwebb-kurser/mvc/me/report/tests/PokerSquares/PokerSquareRulesTest.php" line="65" assertions="1" time="0.001974"/>
        <testcase name="testAssessFlush" class="App\PokerSquares\PokerSquareRulesTest" classname="App.PokerSquares.PokerSquareRulesTest" file="/home/lohengrin/dbwebb-kurser/mvc/me/report/tests/PokerSquares/PokerSquareRulesTest.php" line="84" assertions="1" time="0.002293"/>
        <testcase name="testAssessThreeOFAKind" class="App\PokerSquares\PokerSquareRulesTest" classname="App.PokerSquares.PokerSquareRulesTest" file="/home/lohengrin/dbwebb-kurser/mvc/me/report/tests/PokerSquares/PokerSquareRulesTest.php" line="106" assertions="1" time="0.003104"/>
        <testcase name="testAssessOnePair" class="App\PokerSquares\PokerSquareRulesTest" classname="App.PokerSquares.PokerSquareRulesTest" file="/home/lohengrin/dbwebb-kurser/mvc/me/report/tests/PokerSquares/PokerSquareRulesTest.php" line="127" assertions="1" time="0.003049"/>
        <testcase name="testAssessHighCard" class="App\PokerSquares\PokerSquareRulesTest" classname="App.PokerSquares.PokerSquareRulesTest" file="/home/lohengrin/dbwebb-kurser/mvc/me/report/tests/PokerSquares/PokerSquareRulesTest.php" line="150" assertions="1" time="0.003318"/>
        <testcase name="testAssessEmptyHand" class="App\PokerSquares\PokerSquareRulesTest" classname="App.PokerSquares.PokerSquareRulesTest" file="/home/lohengrin/dbwebb-kurser/mvc/me/report/tests/PokerSquares/PokerSquareRulesTest.php" line="172" assertions="1" time="0.001187"/>
      </testsuite>
      <testsuite name="App\PokerSquares\PokerSquaresGameTest" file="/home/lohengrin/dbwebb-kurser/mvc/me/report/tests/PokerSquares/PokerSquaresGameTest.php" tests="8" assertions="22" errors="0" warnings="0" failures="0" skipped="0" time="0.026549">
        <testcase name="testCreateInstance" class="App\PokerSquares\PokerSquaresGameTest" classname="App.PokerSquares.PokerSquaresGameTest" file="/home/lohengrin/dbwebb-kurser/mvc/me/report/tests/PokerSquares/PokerSquaresGameTest.php" line="171" assertions="2" time="0.003596"/>
        <testcase name="testInitialState" class="App\PokerSquares\PokerSquaresGameTest" classname="App.PokerSquares.PokerSquaresGameTest" file="/home/lohengrin/dbwebb-kurser/mvc/me/report/tests/PokerSquares/PokerSquaresGameTest.php" line="182" assertions="7" time="0.002394"/>
        <testcase name="testGetRoundDataBeforeGame" class="App\PokerSquares\PokerSquaresGameTest" classname="App.PokerSquares.PokerSquaresGameTest" file="/home/lohengrin/dbwebb-kurser/mvc/me/report/tests/PokerSquares/PokerSquaresGameTest.php" line="200" assertions="6" time="0.003102"/>
        <testcase name="testGameIsNotOver" class="App\PokerSquares\PokerSquaresGameTest" classname="App.PokerSquares.PokerSquaresGameTest" file="/home/lohengrin/dbwebb-kurser/mvc/me/report/tests/PokerSquares/PokerSquaresGameTest.php" line="217" assertions="2" time="0.002881"/>
        <testcase name="testProcess" class="App\PokerSquares\PokerSquaresGameTest" classname="App.PokerSquares.PokerSquaresGameTest" file="/home/lohengrin/dbwebb-kurser/mvc/me/report/tests/PokerSquares/PokerSquaresGameTest.php" line="230" assertions="2" time="0.004320"/>
        <testcase name="testGetDurationInGame" class="App\PokerSquares\PokerSquaresGameTest" classname="App.PokerSquares.PokerSquaresGameTest" file="/home/lohengrin/dbwebb-kurser/mvc/me/report/tests/PokerSquares/PokerSquaresGameTest.php" line="257" assertions="1" time="0.002756"/>
        <testcase name="testGetDurationAtEndOfGame" class="App\PokerSquares\PokerSquaresGameTest" classname="App.PokerSquares.PokerSquaresGameTest" file="/home/lohengrin/dbwebb-kurser/mvc/me/report/tests/PokerSquares/PokerSquaresGameTest.php" line="280" assertions="1" time="0.002892"/>
        <testcase name="testCpuPlay" class="App\PokerSquares\PokerSquaresGameTest" classname="App.PokerSquares.PokerSquaresGameTest" file="/home/lohengrin/dbwebb-kurser/mvc/me/report/tests/PokerSquares/PokerSquaresGameTest.php" line="304" assertions="1" time="0.004608"/>
      </testsuite>
      <testsuite name="App\PokerSquares\Rule\FlushTest" file="/home/lohengrin/dbwebb-kurser/mvc/me/report/tests/PokerSquares/Rule/FlushTest.php" tests="3" assertions="3" errors="0" warnings="0" failures="0" skipped="0" time="0.003661">
        <testcase name="testCreateInstance" class="App\PokerSquares\Rule\FlushTest" classname="App.PokerSquares.Rule.FlushTest" file="/home/lohengrin/dbwebb-kurser/mvc/me/report/tests/PokerSquares/Rule/FlushTest.php" line="33" assertions="1" time="0.000867"/>
        <testcase name="testCheckHandValid" class="App\PokerSquares\Rule\FlushTest" classname="App.PokerSquares.Rule.FlushTest" file="/home/lohengrin/dbwebb-kurser/mvc/me/report/tests/PokerSquares/Rule/FlushTest.php" line="43" assertions="1" time="0.001199"/>
        <testcase name="testCheckHandInvalid" class="App\PokerSquares\Rule\FlushTest" classname="App.PokerSquares.Rule.FlushTest" file="/home/lohengrin/dbwebb-kurser/mvc/me/report/tests/PokerSquares/Rule/FlushTest.php" line="58" assertions="1" time="0.001594"/>
      </testsuite>
      <testsuite name="App\PokerSquares\Rule\FourOfAKindTest" file="/home/lohengrin/dbwebb-kurser/mvc/me/report/tests/PokerSquares/Rule/FourOfAKindTest.php" tests="3" assertions="3" errors="0" warnings="0" failures="0" skipped="0" time="0.003236">
        <testcase name="testCreateInstance" class="App\PokerSquares\Rule\FourOfAKindTest" classname="App.PokerSquares.Rule.FourOfAKindTest" file="/home/lohengrin/dbwebb-kurser/mvc/me/report/tests/PokerSquares/Rule/FourOfAKindTest.php" line="33" assertions="1" time="0.000803"/>
        <testcase name="testCheckHandValid" class="App\PokerSquares\Rule\FourOfAKindTest" classname="App.PokerSquares.Rule.FourOfAKindTest" file="/home/lohengrin/dbwebb-kurser/mvc/me/report/tests/PokerSquares/Rule/FourOfAKindTest.php" line="43" assertions="1" time="0.001209"/>
        <testcase name="testCheckHandInvalid" class="App\PokerSquares\Rule\FourOfAKindTest" classname="App.PokerSquares.Rule.FourOfAKindTest" file="/home/lohengrin/dbwebb-kurser/mvc/me/report/tests/PokerSquares/Rule/FourOfAKindTest.php" line="59" assertions="1" time="0.001224"/>
      </testsuite>
      <testsuite name="App\PokerSquares\Rule\FullHouseTest" file="/home/lohengrin/dbwebb-kurser/mvc/me/report/tests/PokerSquares/Rule/FullHouseTest.php" tests="3" assertions="3" errors="0" warnings="0" failures="0" skipped="0" time="0.003343">
        <testcase name="testCreateInstance" class="App\PokerSquares\Rule\FullHouseTest" classname="App.PokerSquares.Rule.FullHouseTest" file="/home/lohengrin/dbwebb-kurser/mvc/me/report/tests/PokerSquares/Rule/FullHouseTest.php" line="33" assertions="1" time="0.000722"/>
        <testcase name="testCheckHandValid" class="App\PokerSquares\Rule\FullHouseTest" classname="App.PokerSquares.Rule.FullHouseTest" file="/home/lohengrin/dbwebb-kurser/mvc/me/report/tests/PokerSquares/Rule/FullHouseTest.php" line="43" assertions="1" time="0.001403"/>
        <testcase name="testCheckHandInvalid" class="App\PokerSquares\Rule\FullHouseTest" classname="App.PokerSquares.Rule.FullHouseTest" file="/home/lohengrin/dbwebb-kurser/mvc/me/report/tests/PokerSquares/Rule/FullHouseTest.php" line="60" assertions="1" time="0.001217"/>
      </testsuite>
      <testsuite name="App\PokerSquares\Rule\HighCardTest" file="/home/lohengrin/dbwebb-kurser/mvc/me/report/tests/PokerSquares/Rule/HighCardTest.php" tests="3" assertions="3" errors="0" warnings="0" failures="0" skipped="0" time="0.003206">
        <testcase name="testCreateInstance" class="App\PokerSquares\Rule\HighCardTest" classname="App.PokerSquares.Rule.HighCardTest" file="/home/lohengrin/dbwebb-kurser/mvc/me/report/tests/PokerSquares/Rule/HighCardTest.php" line="33" assertions="1" time="0.000776"/>
        <testcase name="testCheckHandValid" class="App\PokerSquares\Rule\HighCardTest" classname="App.PokerSquares.Rule.HighCardTest" file="/home/lohengrin/dbwebb-kurser/mvc/me/report/tests/PokerSquares/Rule/HighCardTest.php" line="43" assertions="1" time="0.001226"/>
        <testcase name="testCheckHandValid2" class="App\PokerSquares\Rule\HighCardTest" classname="App.PokerSquares.Rule.HighCardTest" file="/home/lohengrin/dbwebb-kurser/mvc/me/report/tests/PokerSquares/Rule/HighCardTest.php" line="60" assertions="1" time="0.001204"/>
      </testsuite>
      <testsuite name="App\PokerSquares\Rule\OnePairTest" file="/home/lohengrin/dbwebb-kurser/mvc/me/report/tests/PokerSquares/Rule/OnePairTest.php" tests="3" assertions="3" errors="0" warnings="0" failures="0" skipped="0" time="0.003461">
        <testcase name="testCreateInstance" class="App\PokerSquares\Rule\OnePairTest" classname="App.PokerSquares.Rule.OnePairTest" file="/home/lohengrin/dbwebb-kurser/mvc/me/report/tests/PokerSquares/Rule/OnePairTest.php" line="33" assertions="1" time="0.000878"/>
        <testcase name="testCheckHandValid" class="App\PokerSquares\Rule\OnePairTest" classname="App.PokerSquares.Rule.OnePairTest" file="/home/lohengrin/dbwebb-kurser/mvc/me/report/tests/PokerSquares/Rule/OnePairTest.php" line="43" assertions="1" time="0.001341"/>
        <testcase name="testCheckHandInvalid" class="App\PokerSquares\Rule\OnePairTest" classname="App.PokerSquares.Rule.OnePairTest" file="/home/lohengrin/dbwebb-kurser/mvc/me/report/tests/PokerSquares/Rule/OnePairTest.php" line="60" assertions="1" time="0.001242"/>
      </testsuite>
      <testsuite name="App\PokerSquares\Rule\RoyalFlushTest" file="/home/lohengrin/dbwebb-kurser/mvc/me/report/tests/PokerSquares/Rule/RoyalFlushTest.php" tests="4" assertions="4" errors="0" warnings="0" failures="0" skipped="0" time="0.006435">
        <testcase name="testCreateInstance" class="App\PokerSquares\Rule\RoyalFlushTest" classname="App.PokerSquares.Rule.RoyalFlushTest" file="/home/lohengrin/dbwebb-kurser/mvc/me/report/tests/PokerSquares/Rule/RoyalFlushTest.php" line="33" assertions="1" time="0.000723"/>
        <testcase name="testCheckHandValid" class="App\PokerSquares\Rule\RoyalFlushTest" classname="App.PokerSquares.Rule.RoyalFlushTest" file="/home/lohengrin/dbwebb-kurser/mvc/me/report/tests/PokerSquares/Rule/RoyalFlushTest.php" line="43" assertions="1" time="0.001679"/>
        <testcase name="testCheckHandInvalid" class="App\PokerSquares\Rule\RoyalFlushTest" classname="App.PokerSquares.Rule.RoyalFlushTest" file="/home/lohengrin/dbwebb-kurser/mvc/me/report/tests/PokerSquares/Rule/RoyalFlushTest.php" line="65" assertions="1" time="0.001547"/>
        <testcase name="testCheckHandInvalid2" class="App\PokerSquares\Rule\RoyalFlushTest" classname="App.PokerSquares.Rule.RoyalFlushTest" file="/home/lohengrin/dbwebb-kurser/mvc/me/report/tests/PokerSquares/Rule/RoyalFlushTest.php" line="87" assertions="1" time="0.002486"/>
      </testsuite>
      <testsuite name="App\PokerSquares\Rule\StraightFlushTest" file="/home/lohengrin/dbwebb-kurser/mvc/me/report/tests/PokerSquares/Rule/StraightFlushTest.php" tests="4" assertions="4" errors="0" warnings="0" failures="0" skipped="0" time="0.007771">
        <testcase name="testCreateInstance" class="App\PokerSquares\Rule\StraightFlushTest" classname="App.PokerSquares.Rule.StraightFlushTest" file="/home/lohengrin/dbwebb-kurser/mvc/me/report/tests/PokerSquares/Rule/StraightFlushTest.php" line="33" assertions="1" time="0.000956"/>
        <testcase name="testCheckHandValid" class="App\PokerSquares\Rule\StraightFlushTest" classname="App.PokerSquares.Rule.StraightFlushTest" file="/home/lohengrin/dbwebb-kurser/mvc/me/report/tests/PokerSquares/Rule/StraightFlushTest.php" line="43" assertions="1" time="0.002409"/>
        <testcase name="testCheckHandInvalid" class="App\PokerSquares\Rule\StraightFlushTest" classname="App.PokerSquares.Rule.StraightFlushTest" file="/home/lohengrin/dbwebb-kurser/mvc/me/report/tests/PokerSquares/Rule/StraightFlushTest.php" line="65" assertions="1" time="0.002198"/>
        <testcase name="testCheckHandInvalid2" class="App\PokerSquares\Rule\StraightFlushTest" classname="App.PokerSquares.Rule.StraightFlushTest" file="/home/lohengrin/dbwebb-kurser/mvc/me/report/tests/PokerSquares/Rule/StraightFlushTest.php" line="87" assertions="1" time="0.002208"/>
      </testsuite>
      <testsuite name="App\PokerSquares\Rule\StraightTest" file="/home/lohengrin/dbwebb-kurser/mvc/me/report/tests/PokerSquares/Rule/StraightTest.php" tests="4" assertions="4" errors="0" warnings="0" failures="0" skipped="0" time="0.005366">
        <testcase name="testCreateInstance" class="App\PokerSquares\Rule\StraightTest" classname="App.PokerSquares.Rule.StraightTest" file="/home/lohengrin/dbwebb-kurser/mvc/me/report/tests/PokerSquares/Rule/StraightTest.php" line="33" assertions="1" time="0.000814"/>
        <testcase name="testCheckHandValid" class="App\PokerSquares\Rule\StraightTest" classname="App.PokerSquares.Rule.StraightTest" file="/home/lohengrin/dbwebb-kurser/mvc/me/report/tests/PokerSquares/Rule/StraightTest.php" line="43" assertions="1" time="0.001211"/>
        <testcase name="testCheckHandValid2" class="App\PokerSquares\Rule\StraightTest" classname="App.PokerSquares.Rule.StraightTest" file="/home/lohengrin/dbwebb-kurser/mvc/me/report/tests/PokerSquares/Rule/StraightTest.php" line="60" assertions="1" time="0.001220"/>
        <testcase name="testCheckHandInvalid" class="App\PokerSquares\Rule\StraightTest" classname="App.PokerSquares.Rule.StraightTest" file="/home/lohengrin/dbwebb-kurser/mvc/me/report/tests/PokerSquares/Rule/StraightTest.php" line="77" assertions="1" time="0.002121"/>
      </testsuite>
      <testsuite name="App\PokerSquares\Rule\ThreeOfAKindTest" file="/home/lohengrin/dbwebb-kurser/mvc/me/report/tests/PokerSquares/Rule/ThreeOfAKindTest.php" tests="3" assertions="3" errors="0" warnings="0" failures="0" skipped="0" time="0.003969">
        <testcase name="testCreateInstance" class="App\PokerSquares\Rule\ThreeOfAKindTest" classname="App.PokerSquares.Rule.ThreeOfAKindTest" file="/home/lohengrin/dbwebb-kurser/mvc/me/report/tests/PokerSquares/Rule/ThreeOfAKindTest.php" line="33" assertions="1" time="0.001343"/>
        <testcase name="testCheckHandValid" class="App\PokerSquares\Rule\ThreeOfAKindTest" classname="App.PokerSquares.Rule.ThreeOfAKindTest" file="/home/lohengrin/dbwebb-kurser/mvc/me/report/tests/PokerSquares/Rule/ThreeOfAKindTest.php" line="43" assertions="1" time="0.001364"/>
        <testcase name="testCheckHandInvalid" class="App\PokerSquares\Rule\ThreeOfAKindTest" classname="App.PokerSquares.Rule.ThreeOfAKindTest" file="/home/lohengrin/dbwebb-kurser/mvc/me/report/tests/PokerSquares/Rule/ThreeOfAKindTest.php" line="60" assertions="1" time="0.001261"/>
      </testsuite>
      <testsuite name="App\PokerSquares\Rule\TwoPairsTest" file="/home/lohengrin/dbwebb-kurser/mvc/me/report/tests/PokerSquares/Rule/TwoPairsTest.php" tests="3" assertions="3" errors="0" warnings="0" failures="0" skipped="0" time="0.003341">
        <testcase name="testCreateInstance" class="App\PokerSquares\Rule\TwoPairsTest" classname="App.PokerSquares.Rule.TwoPairsTest" file="/home/lohengrin/dbwebb-kurser/mvc/me/report/tests/PokerSquares/Rule/TwoPairsTest.php" line="34" assertions="1" time="0.000802"/>
        <testcase name="testCheckHandValid" class="App\PokerSquares\Rule\TwoPairsTest" classname="App.PokerSquares.Rule.TwoPairsTest" file="/home/lohengrin/dbwebb-kurser/mvc/me/report/tests/PokerSquares/Rule/TwoPairsTest.php" line="44" assertions="1" time="0.001335"/>
        <testcase name="testCheckHandInvalid" class="App\PokerSquares\Rule\TwoPairsTest" classname="App.PokerSquares.Rule.TwoPairsTest" file="/home/lohengrin/dbwebb-kurser/mvc/me/report/tests/PokerSquares/Rule/TwoPairsTest.php" line="61" assertions="1" time="0.001204"/>
      </testsuite>
      <testsuite name="App\Repository\BoardRepositoryTest" file="/home/lohengrin/dbwebb-kurser/mvc/me/report/tests/Repository/BoardRepositoryTest.php" tests="1" assertions="1" errors="0" warnings="0" failures="0" skipped="0" time="0.002245">
        <testcase name="testCreateInstance" class="App\Repository\BoardRepositoryTest" classname="App.Repository.BoardRepositoryTest" file="/home/lohengrin/dbwebb-kurser/mvc/me/report/tests/Repository/BoardRepositoryTest.php" line="16" assertions="1" time="0.002245"/>
      </testsuite>
      <testsuite name="App\Repository\PlayerRepositoryTest" file="/home/lohengrin/dbwebb-kurser/mvc/me/report/tests/Repository/PlayerRepositoryTest.php" tests="3" assertions="6" errors="0" warnings="0" failures="0" skipped="0" time="0.230160">
        <testcase name="testCreateInstance" class="App\Repository\PlayerRepositoryTest" classname="App.Repository.PlayerRepositoryTest" file="/home/lohengrin/dbwebb-kurser/mvc/me/report/tests/Repository/PlayerRepositoryTest.php" line="66" assertions="1" time="0.125210"/>
        <testcase name="testGetAllSortedByName" class="App\Repository\PlayerRepositoryTest" classname="App.Repository.PlayerRepositoryTest" file="/home/lohengrin/dbwebb-kurser/mvc/me/report/tests/Repository/PlayerRepositoryTest.php" line="76" assertions="3" time="0.072845"/>
        <testcase name="testGetPlayerByLevel" class="App\Repository\PlayerRepositoryTest" classname="App.Repository.PlayerRepositoryTest" file="/home/lohengrin/dbwebb-kurser/mvc/me/report/tests/Repository/PlayerRepositoryTest.php" line="90" assertions="2" time="0.032106"/>
      </testsuite>
      <testsuite name="App\Repository\RoundRepositoryTest" file="/home/lohengrin/dbwebb-kurser/mvc/me/report/tests/Repository/RoundRepositoryTest.php" tests="3" assertions="7" errors="0" warnings="0" failures="0" skipped="0" time="0.098915">
        <testcase name="testCreateInstance" class="App\Repository\RoundRepositoryTest" classname="App.Repository.RoundRepositoryTest" file="/home/lohengrin/dbwebb-kurser/mvc/me/report/tests/Repository/RoundRepositoryTest.php" line="98" assertions="1" time="0.031502"/>
        <testcase name="testGetTopRounds" class="App\Repository\RoundRepositoryTest" classname="App.Repository.RoundRepositoryTest" file="/home/lohengrin/dbwebb-kurser/mvc/me/report/tests/Repository/RoundRepositoryTest.php" line="108" assertions="3" time="0.034759"/>
        <testcase name="testGetLatestRounds" class="App\Repository\RoundRepositoryTest" classname="App.Repository.RoundRepositoryTest" file="/home/lohengrin/dbwebb-kurser/mvc/me/report/tests/Repository/RoundRepositoryTest.php" line="122" assertions="3" time="0.032654"/>
      </testsuite>
      <testsuite name="App\Repository\ScoreRepositoryTest" file="/home/lohengrin/dbwebb-kurser/mvc/me/report/tests/Repository/ScoreRepositoryTest.php" tests="1" assertions="1" errors="0" warnings="0" failures="0" skipped="0" time="0.001156">
        <testcase name="testCreateInstance" class="App\Repository\ScoreRepositoryTest" classname="App.Repository.ScoreRepositoryTest" file="/home/lohengrin/dbwebb-kurser/mvc/me/report/tests/Repository/ScoreRepositoryTest.php" line="16" assertions="1" time="0.001156"/>
      </testsuite>
      <testsuite name="App\Service\InitCpuPlayerServiceDbTest" file="/home/lohengrin/dbwebb-kurser/mvc/me/report/tests/Service/InitCpuPlayerServiceDbTest.php" tests="2" assertions="6" errors="0" warnings="0" failures="0" skipped="0" time="0.053651">
        <testcase name="testCreateInstance" class="App\Service\InitCpuPlayerServiceDbTest" classname="App.Service.InitCpuPlayerServiceDbTest" file="/home/lohengrin/dbwebb-kurser/mvc/me/report/tests/Service/InitCpuPlayerServiceDbTest.php" line="74" assertions="1" time="0.023388"/>
        <testcase name="testAddMissingPlayers" class="App\Service\InitCpuPlayerServiceDbTest" classname="App.Service.InitCpuPlayerServiceDbTest" file="/home/lohengrin/dbwebb-kurser/mvc/me/report/tests/Service/InitCpuPlayerServiceDbTest.php" line="84" assertions="5" time="0.030263"/>
      </testsuite>
      <testsuite name="App\Service\InitCpuPlayerServiceMockTest" file="/home/lohengrin/dbwebb-kurser/mvc/me/report/tests/Service/InitCpuPlayerServiceMockTest.php" tests="2" assertions="2" errors="0" warnings="0" failures="0" skipped="0" time="0.005687">
        <testcase name="testCreateInstance" class="App\Service\InitCpuPlayerServiceMockTest" classname="App.Service.InitCpuPlayerServiceMockTest" file="/home/lohengrin/dbwebb-kurser/mvc/me/report/tests/Service/InitCpuPlayerServiceMockTest.php" line="46" assertions="1" time="0.004496"/>
        <testcase name="testAddMissingPlayers" class="App\Service\InitCpuPlayerServiceMockTest" classname="App.Service.InitCpuPlayerServiceMockTest" file="/home/lohengrin/dbwebb-kurser/mvc/me/report/tests/Service/InitCpuPlayerServiceMockTest.php" line="76" assertions="1" time="0.001191"/>
      </testsuite>
      <testsuite name="App\Service\ResetDatabaseServiceTest" file="/home/lohengrin/dbwebb-kurser/mvc/me/report/tests/Service/ResetDatabaseServiceTest.php" tests="3" assertions="6" errors="0" warnings="0" failures="0" skipped="0" time="0.082363">
        <testcase name="testCreateInstance" class="App\Service\ResetDatabaseServiceTest" classname="App.Service.ResetDatabaseServiceTest" file="/home/lohengrin/dbwebb-kurser/mvc/me/report/tests/Service/ResetDatabaseServiceTest.php" line="79" assertions="1" time="0.025636"/>
        <testcase name="testResetDatabase" class="App\Service\ResetDatabaseServiceTest" classname="App.Service.ResetDatabaseServiceTest" file="/home/lohengrin/dbwebb-kurser/mvc/me/report/tests/Service/ResetDatabaseServiceTest.php" line="89" assertions="4" time="0.031387"/>
        <testcase name="testResetDatabaseFail" class="App\Service\ResetDatabaseServiceTest" classname="App.Service.ResetDatabaseServiceTest" file="/home/lohengrin/dbwebb-kurser/mvc/me/report/tests/Service/ResetDatabaseServiceTest.php" line="121" assertions="1" time="0.025340"/>
      </testsuite>
      <testsuite name="App\Service\SelectedPlayersServiceTest" file="/home/lohengrin/dbwebb-kurser/mvc/me/report/tests/Service/SelectedPlayersServiceTest.php" tests="2" assertions="3" errors="0" warnings="0" failures="0" skipped="0" time="0.051250">
        <testcase name="testCreateInstance" class="App\Service\SelectedPlayersServiceTest" classname="App.Service.SelectedPlayersServiceTest" file="/home/lohengrin/dbwebb-kurser/mvc/me/report/tests/Service/SelectedPlayersServiceTest.php" line="82" assertions="1" time="0.025694"/>
        <testcase name="testGetSelectedPlayers" class="App\Service\SelectedPlayersServiceTest" classname="App.Service.SelectedPlayersServiceTest" file="/home/lohengrin/dbwebb-kurser/mvc/me/report/tests/Service/SelectedPlayersServiceTest.php" line="92" assertions="2" time="0.025557"/>
      </testsuite>
    </testsuite>
  </testsuite>
</testsuites>
