<?xml version="1.0" encoding="UTF-8"?>
<testsuites>
  <testsuite name="" tests="162" assertions="267" errors="0" warnings="0" failures="0" skipped="0" time="0.369681">
    <testsuite name="Project Test Suite" tests="162" assertions="267" errors="0" warnings="0" failures="0" skipped="0" time="0.369681">
      <testsuite name="App\Card\CardDeckTest" file="/home/lohengrin/dbwebb-kurser/mvc/me/report/tests/Card/CardDeckTest.php" tests="6" assertions="13" errors="0" warnings="0" failures="0" skipped="0" time="0.046263">
        <testcase name="testCreateCardDeck" class="App\Card\CardDeckTest" classname="App.Card.CardDeckTest" file="/home/lohengrin/dbwebb-kurser/mvc/me/report/tests/Card/CardDeckTest.php" line="30" assertions="3" time="0.014675"/>
        <testcase name="testCreateCardDeckInvalid" class="App\Card\CardDeckTest" classname="App.Card.CardDeckTest" file="/home/lohengrin/dbwebb-kurser/mvc/me/report/tests/Card/CardDeckTest.php" line="42" assertions="1" time="0.002664"/>
        <testcase name="testGetAsString" class="App\Card\CardDeckTest" classname="App.Card.CardDeckTest" file="/home/lohengrin/dbwebb-kurser/mvc/me/report/tests/Card/CardDeckTest.php" line="53" assertions="2" time="0.002020"/>
        <testcase name="testSortAndShuffle" class="App\Card\CardDeckTest" classname="App.Card.CardDeckTest" file="/home/lohengrin/dbwebb-kurser/mvc/me/report/tests/Card/CardDeckTest.php" line="67" assertions="3" time="0.016649"/>
        <testcase name="testDrawWhenSorted" class="App\Card\CardDeckTest" classname="App.Card.CardDeckTest" file="/home/lohengrin/dbwebb-kurser/mvc/me/report/tests/Card/CardDeckTest.php" line="88" assertions="3" time="0.005299"/>
        <testcase name="testPeakSorted" class="App\Card\CardDeckTest" classname="App.Card.CardDeckTest" file="/home/lohengrin/dbwebb-kurser/mvc/me/report/tests/Card/CardDeckTest.php" line="103" assertions="1" time="0.004958"/>
      </testsuite>
      <testsuite name="App\Card\CardGame21Test" file="/home/lohengrin/dbwebb-kurser/mvc/me/report/tests/Card/CardGame21Test.php" tests="11" assertions="38" errors="0" warnings="0" failures="0" skipped="0" time="0.039714">
        <testcase name="testCreateCardGame21" class="App\Card\CardGame21Test" classname="App.Card.CardGame21Test" file="/home/lohengrin/dbwebb-kurser/mvc/me/report/tests/Card/CardGame21Test.php" line="57" assertions="1" time="0.018621"/>
        <testcase name="testInitialState" class="App\Card\CardGame21Test" classname="App.Card.CardGame21Test" file="/home/lohengrin/dbwebb-kurser/mvc/me/report/tests/Card/CardGame21Test.php" line="67" assertions="8" time="0.001970"/>
        <testcase name="testPlayerDrawsCard" class="App\Card\CardGame21Test" classname="App.Card.CardGame21Test" file="/home/lohengrin/dbwebb-kurser/mvc/me/report/tests/Card/CardGame21Test.php" line="93" assertions="4" time="0.001654"/>
        <testcase name="testPlayerLoosesAt24" class="App\Card\CardGame21Test" classname="App.Card.CardGame21Test" file="/home/lohengrin/dbwebb-kurser/mvc/me/report/tests/Card/CardGame21Test.php" line="119" assertions="3" time="0.002746"/>
        <testcase name="testSetAceRankValid" class="App\Card\CardGame21Test" classname="App.Card.CardGame21Test" file="/home/lohengrin/dbwebb-kurser/mvc/me/report/tests/Card/CardGame21Test.php" line="147" assertions="2" time="0.001844"/>
        <testcase name="testSetAceRankInvalid" class="App\Card\CardGame21Test" classname="App.Card.CardGame21Test" file="/home/lohengrin/dbwebb-kurser/mvc/me/report/tests/Card/CardGame21Test.php" line="166" assertions="2" time="0.001420"/>
        <testcase name="testBankWinsAt21" class="App\Card\CardGame21Test" classname="App.Card.CardGame21Test" file="/home/lohengrin/dbwebb-kurser/mvc/me/report/tests/Card/CardGame21Test.php" line="185" assertions="4" time="0.001757"/>
        <testcase name="testBankWinsAt18" class="App\Card\CardGame21Test" classname="App.Card.CardGame21Test" file="/home/lohengrin/dbwebb-kurser/mvc/me/report/tests/Card/CardGame21Test.php" line="214" assertions="4" time="0.001762"/>
        <testcase name="testBankLoosesAt24" class="App\Card\CardGame21Test" classname="App.Card.CardGame21Test" file="/home/lohengrin/dbwebb-kurser/mvc/me/report/tests/Card/CardGame21Test.php" line="244" assertions="4" time="0.002038"/>
        <testcase name="testPlayerWinsAt21" class="App\Card\CardGame21Test" classname="App.Card.CardGame21Test" file="/home/lohengrin/dbwebb-kurser/mvc/me/report/tests/Card/CardGame21Test.php" line="275" assertions="4" time="0.003923"/>
        <testcase name="testBankChooseAceRanks" class="App\Card\CardGame21Test" classname="App.Card.CardGame21Test" file="/home/lohengrin/dbwebb-kurser/mvc/me/report/tests/Card/CardGame21Test.php" line="307" assertions="2" time="0.001977"/>
      </testsuite>
      <testsuite name="App\Card\CardGraphicTest" file="/home/lohengrin/dbwebb-kurser/mvc/me/report/tests/Card/CardGraphicTest.php" tests="3" assertions="3" errors="0" warnings="0" failures="0" skipped="0" time="0.001218">
        <testcase name="testCorrectCardBack" class="App\Card\CardGraphicTest" classname="App.Card.CardGraphicTest" file="/home/lohengrin/dbwebb-kurser/mvc/me/report/tests/Card/CardGraphicTest.php" line="24" assertions="1" time="0.000363"/>
        <testcase name="testCorrectStringDigit" class="App\Card\CardGraphicTest" classname="App.Card.CardGraphicTest" file="/home/lohengrin/dbwebb-kurser/mvc/me/report/tests/Card/CardGraphicTest.php" line="35" assertions="1" time="0.000431"/>
        <testcase name="testCorrectStringFace" class="App\Card\CardGraphicTest" classname="App.Card.CardGraphicTest" file="/home/lohengrin/dbwebb-kurser/mvc/me/report/tests/Card/CardGraphicTest.php" line="46" assertions="1" time="0.000424"/>
      </testsuite>
      <testsuite name="App\Card\CardHandTest" file="/home/lohengrin/dbwebb-kurser/mvc/me/report/tests/Card/CardHandTest.php" tests="5" assertions="12" errors="0" warnings="0" failures="0" skipped="0" time="0.006201">
        <testcase name="testCreateCardHand" class="App\Card\CardHandTest" classname="App.Card.CardHandTest" file="/home/lohengrin/dbwebb-kurser/mvc/me/report/tests/Card/CardHandTest.php" line="37" assertions="2" time="0.001365"/>
        <testcase name="testDrawOneFromDeck" class="App\Card\CardHandTest" classname="App.Card.CardHandTest" file="/home/lohengrin/dbwebb-kurser/mvc/me/report/tests/Card/CardHandTest.php" line="48" assertions="4" time="0.001381"/>
        <testcase name="testDrawThreeFromDeck" class="App\Card\CardHandTest" classname="App.Card.CardHandTest" file="/home/lohengrin/dbwebb-kurser/mvc/me/report/tests/Card/CardHandTest.php" line="62" assertions="4" time="0.001485"/>
        <testcase name="testSetLastCardRankExisting" class="App\Card\CardHandTest" classname="App.Card.CardHandTest" file="/home/lohengrin/dbwebb-kurser/mvc/me/report/tests/Card/CardHandTest.php" line="76" assertions="1" time="0.001021"/>
        <testcase name="testSetLastCardRankEmpty" class="App\Card\CardHandTest" classname="App.Card.CardHandTest" file="/home/lohengrin/dbwebb-kurser/mvc/me/report/tests/Card/CardHandTest.php" line="87" assertions="1" time="0.000949"/>
      </testsuite>
      <testsuite name="App\Card\CardSvgTest" file="/home/lohengrin/dbwebb-kurser/mvc/me/report/tests/Card/CardSvgTest.php" tests="3" assertions="3" errors="0" warnings="0" failures="0" skipped="0" time="0.001459">
        <testcase name="testCorrectCardBack" class="App\Card\CardSvgTest" classname="App.Card.CardSvgTest" file="/home/lohengrin/dbwebb-kurser/mvc/me/report/tests/Card/CardSvgTest.php" line="24" assertions="1" time="0.000642"/>
        <testcase name="testStringRepr" class="App\Card\CardSvgTest" classname="App.Card.CardSvgTest" file="/home/lohengrin/dbwebb-kurser/mvc/me/report/tests/Card/CardSvgTest.php" line="35" assertions="1" time="0.000398"/>
        <testcase name="testStringReprAfterUpdate" class="App\Card\CardSvgTest" classname="App.Card.CardSvgTest" file="/home/lohengrin/dbwebb-kurser/mvc/me/report/tests/Card/CardSvgTest.php" line="46" assertions="1" time="0.000420"/>
      </testsuite>
      <testsuite name="App\Card\CardTest" file="/home/lohengrin/dbwebb-kurser/mvc/me/report/tests/Card/CardTest.php" tests="8" assertions="12" errors="0" warnings="0" failures="0" skipped="0" time="0.003285">
        <testcase name="testCreateCardValidArgs" class="App\Card\CardTest" classname="App.Card.CardTest" file="/home/lohengrin/dbwebb-kurser/mvc/me/report/tests/Card/CardTest.php" line="25" assertions="3" time="0.000395"/>
        <testcase name="testCreateCardInvalidSuit" class="App\Card\CardTest" classname="App.Card.CardTest" file="/home/lohengrin/dbwebb-kurser/mvc/me/report/tests/Card/CardTest.php" line="40" assertions="1" time="0.000444"/>
        <testcase name="testCreateCardInvalidRanks" class="App\Card\CardTest" classname="App.Card.CardTest" file="/home/lohengrin/dbwebb-kurser/mvc/me/report/tests/Card/CardTest.php" line="52" assertions="1" time="0.000396"/>
        <testcase name="testCorrectCardBack" class="App\Card\CardTest" classname="App.Card.CardTest" file="/home/lohengrin/dbwebb-kurser/mvc/me/report/tests/Card/CardTest.php" line="63" assertions="1" time="0.000362"/>
        <testcase name="testSetValidRank" class="App\Card\CardTest" classname="App.Card.CardTest" file="/home/lohengrin/dbwebb-kurser/mvc/me/report/tests/Card/CardTest.php" line="74" assertions="2" time="0.000505"/>
        <testcase name="testSetInvalidRank" class="App\Card\CardTest" classname="App.Card.CardTest" file="/home/lohengrin/dbwebb-kurser/mvc/me/report/tests/Card/CardTest.php" line="86" assertions="2" time="0.000355"/>
        <testcase name="testCorrectStringDigit" class="App\Card\CardTest" classname="App.Card.CardTest" file="/home/lohengrin/dbwebb-kurser/mvc/me/report/tests/Card/CardTest.php" line="98" assertions="1" time="0.000469"/>
        <testcase name="testCorrectStringFace" class="App\Card\CardTest" classname="App.Card.CardTest" file="/home/lohengrin/dbwebb-kurser/mvc/me/report/tests/Card/CardTest.php" line="109" assertions="1" time="0.000358"/>
      </testsuite>
      <testsuite name="App\Dice\DiceGraphicTest" file="/home/lohengrin/dbwebb-kurser/mvc/me/report/tests/Dice/DiceGraphicTest.php" tests="3" assertions="9" errors="0" warnings="0" failures="0" skipped="0" time="0.003587">
        <testcase name="testCreateDiceGraphic" class="App\Dice\DiceGraphicTest" classname="App.Dice.DiceGraphicTest" file="/home/lohengrin/dbwebb-kurser/mvc/me/report/tests/Dice/DiceGraphicTest.php" line="25" assertions="3" time="0.001392"/>
        <testcase name="testRollDiceGraphic" class="App\Dice\DiceGraphicTest" classname="App.Dice.DiceGraphicTest" file="/home/lohengrin/dbwebb-kurser/mvc/me/report/tests/Dice/DiceGraphicTest.php" line="42" assertions="5" time="0.001816"/>
        <testcase name="testGetAsString" class="App\Dice\DiceGraphicTest" classname="App.Dice.DiceGraphicTest" file="/home/lohengrin/dbwebb-kurser/mvc/me/report/tests/Dice/DiceGraphicTest.php" line="57" assertions="1" time="0.000379"/>
      </testsuite>
      <testsuite name="App\Dice\DiceHandTest" file="/home/lohengrin/dbwebb-kurser/mvc/me/report/tests/Dice/DiceHandTest.php" tests="4" assertions="12" errors="0" warnings="0" failures="0" skipped="0" time="0.005093">
        <testcase name="testCreateDiceHand" class="App\Dice\DiceHandTest" classname="App.Dice.DiceHandTest" file="/home/lohengrin/dbwebb-kurser/mvc/me/report/tests/Dice/DiceHandTest.php" line="34" assertions="1" time="0.002101"/>
        <testcase name="testEmptyHand" class="App\Dice\DiceHandTest" classname="App.Dice.DiceHandTest" file="/home/lohengrin/dbwebb-kurser/mvc/me/report/tests/Dice/DiceHandTest.php" line="45" assertions="5" time="0.000935"/>
        <testcase name="testAddDice" class="App\Dice\DiceHandTest" classname="App.Dice.DiceHandTest" file="/home/lohengrin/dbwebb-kurser/mvc/me/report/tests/Dice/DiceHandTest.php" line="68" assertions="5" time="0.001080"/>
        <testcase name="testReset" class="App\Dice\DiceHandTest" classname="App.Dice.DiceHandTest" file="/home/lohengrin/dbwebb-kurser/mvc/me/report/tests/Dice/DiceHandTest.php" line="94" assertions="1" time="0.000977"/>
      </testsuite>
      <testsuite name="App\Dice\DiceTest" file="/home/lohengrin/dbwebb-kurser/mvc/me/report/tests/Dice/DiceTest.php" tests="6" assertions="22" errors="0" warnings="0" failures="0" skipped="0" time="0.002960">
        <testcase name="testCreateDice" class="App\Dice\DiceTest" classname="App.Dice.DiceTest" file="/home/lohengrin/dbwebb-kurser/mvc/me/report/tests/Dice/DiceTest.php" line="25" assertions="3" time="0.000436"/>
        <testcase name="testRollDice" class="App\Dice\DiceTest" classname="App.Dice.DiceTest" file="/home/lohengrin/dbwebb-kurser/mvc/me/report/tests/Dice/DiceTest.php" line="42" assertions="5" time="0.000556"/>
        <testcase name="testRoll4SidedDice" class="App\Dice\DiceTest" classname="App.Dice.DiceTest" file="/home/lohengrin/dbwebb-kurser/mvc/me/report/tests/Dice/DiceTest.php" line="57" assertions="8" time="0.000751"/>
        <testcase name="testRoll1SidedDice" class="App\Dice\DiceTest" classname="App.Dice.DiceTest" file="/home/lohengrin/dbwebb-kurser/mvc/me/report/tests/Dice/DiceTest.php" line="75" assertions="4" time="0.000459"/>
        <testcase name="testGetAsString" class="App\Dice\DiceTest" classname="App.Dice.DiceTest" file="/home/lohengrin/dbwebb-kurser/mvc/me/report/tests/Dice/DiceTest.php" line="89" assertions="1" time="0.000379"/>
        <testcase name="testResetDice" class="App\Dice\DiceTest" classname="App.Dice.DiceTest" file="/home/lohengrin/dbwebb-kurser/mvc/me/report/tests/Dice/DiceTest.php" line="100" assertions="1" time="0.000379"/>
      </testsuite>
      <testsuite name="App\Entity\BoardTest" file="/home/lohengrin/dbwebb-kurser/mvc/me/report/tests/Entity/BoardTest.php" tests="3" assertions="3" errors="0" warnings="0" failures="0" skipped="0" time="0.001567">
        <testcase name="testCreateInstance" class="App\Entity\BoardTest" classname="App.Entity.BoardTest" file="/home/lohengrin/dbwebb-kurser/mvc/me/report/tests/Entity/BoardTest.php" line="35" assertions="1" time="0.000766"/>
        <testcase name="testGetData" class="App\Entity\BoardTest" classname="App.Entity.BoardTest" file="/home/lohengrin/dbwebb-kurser/mvc/me/report/tests/Entity/BoardTest.php" line="45" assertions="1" time="0.000381"/>
        <testcase name="testGetId" class="App\Entity\BoardTest" classname="App.Entity.BoardTest" file="/home/lohengrin/dbwebb-kurser/mvc/me/report/tests/Entity/BoardTest.php" line="56" assertions="1" time="0.000421"/>
      </testsuite>
      <testsuite name="App\Entity\PlayerTest" file="/home/lohengrin/dbwebb-kurser/mvc/me/report/tests/Entity/PlayerTest.php" tests="7" assertions="7" errors="0" warnings="0" failures="0" skipped="0" time="0.013320">
        <testcase name="testCreateInstance" class="App\Entity\PlayerTest" classname="App.Entity.PlayerTest" file="/home/lohengrin/dbwebb-kurser/mvc/me/report/tests/Entity/PlayerTest.php" line="29" assertions="1" time="0.009437"/>
        <testcase name="testGetId" class="App\Entity\PlayerTest" classname="App.Entity.PlayerTest" file="/home/lohengrin/dbwebb-kurser/mvc/me/report/tests/Entity/PlayerTest.php" line="39" assertions="1" time="0.000741"/>
        <testcase name="testGetName" class="App\Entity\PlayerTest" classname="App.Entity.PlayerTest" file="/home/lohengrin/dbwebb-kurser/mvc/me/report/tests/Entity/PlayerTest.php" line="49" assertions="1" time="0.000569"/>
        <testcase name="testSetAndGetType" class="App\Entity\PlayerTest" classname="App.Entity.PlayerTest" file="/home/lohengrin/dbwebb-kurser/mvc/me/report/tests/Entity/PlayerTest.php" line="59" assertions="1" time="0.000603"/>
        <testcase name="testSetAndGetLevel" class="App\Entity\PlayerTest" classname="App.Entity.PlayerTest" file="/home/lohengrin/dbwebb-kurser/mvc/me/report/tests/Entity/PlayerTest.php" line="70" assertions="1" time="0.000582"/>
        <testcase name="testSetAndGetRounds" class="App\Entity\PlayerTest" classname="App.Entity.PlayerTest" file="/home/lohengrin/dbwebb-kurser/mvc/me/report/tests/Entity/PlayerTest.php" line="81" assertions="1" time="0.000506"/>
        <testcase name="testRemoveRound" class="App\Entity\PlayerTest" classname="App.Entity.PlayerTest" file="/home/lohengrin/dbwebb-kurser/mvc/me/report/tests/Entity/PlayerTest.php" line="91" assertions="1" time="0.000883"/>
      </testsuite>
      <testsuite name="App\Entity\RoundTest" file="/home/lohengrin/dbwebb-kurser/mvc/me/report/tests/Entity/RoundTest.php" tests="8" assertions="8" errors="0" warnings="0" failures="0" skipped="0" time="0.008242">
        <testcase name="testCreateInstance" class="App\Entity\RoundTest" classname="App.Entity.RoundTest" file="/home/lohengrin/dbwebb-kurser/mvc/me/report/tests/Entity/RoundTest.php" line="44" assertions="1" time="0.003315"/>
        <testcase name="testGetId" class="App\Entity\RoundTest" classname="App.Entity.RoundTest" file="/home/lohengrin/dbwebb-kurser/mvc/me/report/tests/Entity/RoundTest.php" line="54" assertions="1" time="0.000643"/>
        <testcase name="testGetPlayer" class="App\Entity\RoundTest" classname="App.Entity.RoundTest" file="/home/lohengrin/dbwebb-kurser/mvc/me/report/tests/Entity/RoundTest.php" line="64" assertions="1" time="0.000600"/>
        <testcase name="testGetBoard" class="App\Entity\RoundTest" classname="App.Entity.RoundTest" file="/home/lohengrin/dbwebb-kurser/mvc/me/report/tests/Entity/RoundTest.php" line="74" assertions="1" time="0.000690"/>
        <testcase name="testGetScore" class="App\Entity\RoundTest" classname="App.Entity.RoundTest" file="/home/lohengrin/dbwebb-kurser/mvc/me/report/tests/Entity/RoundTest.php" line="84" assertions="1" time="0.000696"/>
        <testcase name="testGetStart" class="App\Entity\RoundTest" classname="App.Entity.RoundTest" file="/home/lohengrin/dbwebb-kurser/mvc/me/report/tests/Entity/RoundTest.php" line="94" assertions="1" time="0.000843"/>
        <testcase name="testGetFinish" class="App\Entity\RoundTest" classname="App.Entity.RoundTest" file="/home/lohengrin/dbwebb-kurser/mvc/me/report/tests/Entity/RoundTest.php" line="104" assertions="1" time="0.000735"/>
        <testcase name="testGetDuration" class="App\Entity\RoundTest" classname="App.Entity.RoundTest" file="/home/lohengrin/dbwebb-kurser/mvc/me/report/tests/Entity/RoundTest.php" line="114" assertions="1" time="0.000719"/>
      </testsuite>
      <testsuite name="App\Entity\ScoreTest" file="/home/lohengrin/dbwebb-kurser/mvc/me/report/tests/Entity/ScoreTest.php" tests="5" assertions="5" errors="0" warnings="0" failures="0" skipped="0" time="0.002396">
        <testcase name="testCreateInstance" class="App\Entity\ScoreTest" classname="App.Entity.ScoreTest" file="/home/lohengrin/dbwebb-kurser/mvc/me/report/tests/Entity/ScoreTest.php" line="45" assertions="1" time="0.000788"/>
        <testcase name="testGetId" class="App\Entity\ScoreTest" classname="App.Entity.ScoreTest" file="/home/lohengrin/dbwebb-kurser/mvc/me/report/tests/Entity/ScoreTest.php" line="55" assertions="1" time="0.000441"/>
        <testcase name="testTotalScore" class="App\Entity\ScoreTest" classname="App.Entity.ScoreTest" file="/home/lohengrin/dbwebb-kurser/mvc/me/report/tests/Entity/ScoreTest.php" line="65" assertions="1" time="0.000378"/>
        <testcase name="testHandScore" class="App\Entity\ScoreTest" classname="App.Entity.ScoreTest" file="/home/lohengrin/dbwebb-kurser/mvc/me/report/tests/Entity/ScoreTest.php" line="75" assertions="1" time="0.000380"/>
        <testcase name="testInvalidHandName" class="App\Entity\ScoreTest" classname="App.Entity.ScoreTest" file="/home/lohengrin/dbwebb-kurser/mvc/me/report/tests/Entity/ScoreTest.php" line="85" assertions="1" time="0.000410"/>
      </testsuite>
      <testsuite name="App\Form\ConfirmDeleteTypeTest" file="/home/lohengrin/dbwebb-kurser/mvc/me/report/tests/Form/ConfirmDeleteTypeTest.php" tests="2" assertions="6" errors="0" warnings="0" failures="0" skipped="0" time="0.067571">
        <testcase name="testSubmitValidData" class="App\Form\ConfirmDeleteTypeTest" classname="App.Form.ConfirmDeleteTypeTest" file="/home/lohengrin/dbwebb-kurser/mvc/me/report/tests/Form/ConfirmDeleteTypeTest.php" line="29" assertions="3" time="0.066207"/>
        <testcase name="testSubmitCustomOptions" class="App\Form\ConfirmDeleteTypeTest" classname="App.Form.ConfirmDeleteTypeTest" file="/home/lohengrin/dbwebb-kurser/mvc/me/report/tests/Form/ConfirmDeleteTypeTest.php" line="48" assertions="3" time="0.001364"/>
      </testsuite>
      <testsuite name="App\Form\ConfirmTypeTest" file="/home/lohengrin/dbwebb-kurser/mvc/me/report/tests/Form/ConfirmTypeTest.php" tests="2" assertions="5" errors="0" warnings="0" failures="0" skipped="0" time="0.003475">
        <testcase name="testSubmitValidData" class="App\Form\ConfirmTypeTest" classname="App.Form.ConfirmTypeTest" file="/home/lohengrin/dbwebb-kurser/mvc/me/report/tests/Form/ConfirmTypeTest.php" line="29" assertions="3" time="0.001683"/>
        <testcase name="testSubmitCustomOptions" class="App\Form\ConfirmTypeTest" classname="App.Form.ConfirmTypeTest" file="/home/lohengrin/dbwebb-kurser/mvc/me/report/tests/Form/ConfirmTypeTest.php" line="48" assertions="2" time="0.001792"/>
      </testsuite>
      <testsuite name="App\Form\PlayerSelectTypeTest" file="/home/lohengrin/dbwebb-kurser/mvc/me/report/tests/Form/PlayerSelectTypeTest.php" tests="2" assertions="5" errors="0" warnings="0" failures="0" skipped="0" time="0.015287">
        <testcase name="testSubmitValidData" class="App\Form\PlayerSelectTypeTest" classname="App.Form.PlayerSelectTypeTest" file="/home/lohengrin/dbwebb-kurser/mvc/me/report/tests/Form/PlayerSelectTypeTest.php" line="43" assertions="4" time="0.013102"/>
        <testcase name="testCustomSubmitLabel" class="App\Form\PlayerSelectTypeTest" classname="App.Form.PlayerSelectTypeTest" file="/home/lohengrin/dbwebb-kurser/mvc/me/report/tests/Form/PlayerSelectTypeTest.php" line="76" assertions="1" time="0.002184"/>
      </testsuite>
      <testsuite name="App\Form\PlayerTypeTest" file="/home/lohengrin/dbwebb-kurser/mvc/me/report/tests/Form/PlayerTypeTest.php" tests="2" assertions="8" errors="0" warnings="0" failures="0" skipped="0" time="0.004478">
        <testcase name="testSubmitValidData" class="App\Form\PlayerTypeTest" classname="App.Form.PlayerTypeTest" file="/home/lohengrin/dbwebb-kurser/mvc/me/report/tests/Form/PlayerTypeTest.php" line="30" assertions="6" time="0.002710"/>
        <testcase name="testCustomSubmitLabel" class="App\Form\PlayerTypeTest" classname="App.Form.PlayerTypeTest" file="/home/lohengrin/dbwebb-kurser/mvc/me/report/tests/Form/PlayerTypeTest.php" line="64" assertions="2" time="0.001769"/>
      </testsuite>
      <testsuite name="App\PokerSquares\AmericanScoresTest" file="/home/lohengrin/dbwebb-kurser/mvc/me/report/tests/PokerSquares/AmericanScoresTest.php" tests="3" assertions="3" errors="0" warnings="0" failures="0" skipped="0" time="0.001917">
        <testcase name="testCreateInstance" class="App\PokerSquares\AmericanScoresTest" classname="App.PokerSquares.AmericanScoresTest" file="/home/lohengrin/dbwebb-kurser/mvc/me/report/tests/PokerSquares/AmericanScoresTest.php" line="25" assertions="1" time="0.001067"/>
        <testcase name="testAllScores" class="App\PokerSquares\AmericanScoresTest" classname="App.PokerSquares.AmericanScoresTest" file="/home/lohengrin/dbwebb-kurser/mvc/me/report/tests/PokerSquares/AmericanScoresTest.php" line="35" assertions="1" time="0.000398"/>
        <testcase name="testInvalidRuleArgument" class="App\PokerSquares\AmericanScoresTest" classname="App.PokerSquares.AmericanScoresTest" file="/home/lohengrin/dbwebb-kurser/mvc/me/report/tests/PokerSquares/AmericanScoresTest.php" line="63" assertions="1" time="0.000452"/>
      </testsuite>
      <testsuite name="App\PokerSquares\Cpu\Cpu1Test" file="/home/lohengrin/dbwebb-kurser/mvc/me/report/tests/PokerSquares/Cpu/Cpu1Test.php" tests="2" assertions="2" errors="0" warnings="0" failures="0" skipped="0" time="0.002052">
        <testcase name="testSuggestPlacement" class="App\PokerSquares\Cpu\Cpu1Test" classname="App.PokerSquares.Cpu.Cpu1Test" file="/home/lohengrin/dbwebb-kurser/mvc/me/report/tests/PokerSquares/Cpu/Cpu1Test.php" line="33" assertions="1" time="0.001437"/>
        <testcase name="testSuggestNoPlacement" class="App\PokerSquares\Cpu\Cpu1Test" classname="App.PokerSquares.Cpu.Cpu1Test" file="/home/lohengrin/dbwebb-kurser/mvc/me/report/tests/PokerSquares/Cpu/Cpu1Test.php" line="50" assertions="1" time="0.000615"/>
      </testsuite>
      <testsuite name="App\PokerSquares\Cpu\Cpu2Test" file="/home/lohengrin/dbwebb-kurser/mvc/me/report/tests/PokerSquares/Cpu/Cpu2Test.php" tests="4" assertions="4" errors="0" warnings="0" failures="0" skipped="0" time="0.004398">
        <testcase name="testSuggestPreferredPlacement" class="App\PokerSquares\Cpu\Cpu2Test" classname="App.PokerSquares.Cpu.Cpu2Test" file="/home/lohengrin/dbwebb-kurser/mvc/me/report/tests/PokerSquares/Cpu/Cpu2Test.php" line="34" assertions="1" time="0.002138"/>
        <testcase name="testSuggestTrashPlacement" class="App\PokerSquares\Cpu\Cpu2Test" classname="App.PokerSquares.Cpu.Cpu2Test" file="/home/lohengrin/dbwebb-kurser/mvc/me/report/tests/PokerSquares/Cpu/Cpu2Test.php" line="45" assertions="1" time="0.000788"/>
        <testcase name="testSuggestFirstEmptyPlacement" class="App\PokerSquares\Cpu\Cpu2Test" classname="App.PokerSquares.Cpu.Cpu2Test" file="/home/lohengrin/dbwebb-kurser/mvc/me/report/tests/PokerSquares/Cpu/Cpu2Test.php" line="63" assertions="1" time="0.000736"/>
        <testcase name="testSuggestNoPlacement" class="App\PokerSquares\Cpu\Cpu2Test" classname="App.PokerSquares.Cpu.Cpu2Test" file="/home/lohengrin/dbwebb-kurser/mvc/me/report/tests/PokerSquares/Cpu/Cpu2Test.php" line="81" assertions="1" time="0.000736"/>
      </testsuite>
      <testsuite name="App\PokerSquares\Cpu\Cpu3Test" file="/home/lohengrin/dbwebb-kurser/mvc/me/report/tests/PokerSquares/Cpu/Cpu3Test.php" tests="7" assertions="7" errors="0" warnings="0" failures="0" skipped="0" time="0.012944">
        <testcase name="testSuggestPreferredPlacement1" class="App\PokerSquares\Cpu\Cpu3Test" classname="App.PokerSquares.Cpu.Cpu3Test" file="/home/lohengrin/dbwebb-kurser/mvc/me/report/tests/PokerSquares/Cpu/Cpu3Test.php" line="39" assertions="1" time="0.002037"/>
        <testcase name="testSuggestPreferredPlacement2" class="App\PokerSquares\Cpu\Cpu3Test" classname="App.PokerSquares.Cpu.Cpu3Test" file="/home/lohengrin/dbwebb-kurser/mvc/me/report/tests/PokerSquares/Cpu/Cpu3Test.php" line="52" assertions="1" time="0.001285"/>
        <testcase name="testSuggestTrashPlacement1" class="App\PokerSquares\Cpu\Cpu3Test" classname="App.PokerSquares.Cpu.Cpu3Test" file="/home/lohengrin/dbwebb-kurser/mvc/me/report/tests/PokerSquares/Cpu/Cpu3Test.php" line="63" assertions="1" time="0.001482"/>
        <testcase name="testSuggestTrashPlacement2" class="App\PokerSquares\Cpu\Cpu3Test" classname="App.PokerSquares.Cpu.Cpu3Test" file="/home/lohengrin/dbwebb-kurser/mvc/me/report/tests/PokerSquares/Cpu/Cpu3Test.php" line="84" assertions="1" time="0.001282"/>
        <testcase name="testSuggestFirstEmptyPlacement1" class="App\PokerSquares\Cpu\Cpu3Test" classname="App.PokerSquares.Cpu.Cpu3Test" file="/home/lohengrin/dbwebb-kurser/mvc/me/report/tests/PokerSquares/Cpu/Cpu3Test.php" line="102" assertions="1" time="0.002127"/>
        <testcase name="testSuggestFirstEmptyPlacement2" class="App\PokerSquares\Cpu\Cpu3Test" classname="App.PokerSquares.Cpu.Cpu3Test" file="/home/lohengrin/dbwebb-kurser/mvc/me/report/tests/PokerSquares/Cpu/Cpu3Test.php" line="123" assertions="1" time="0.001874"/>
        <testcase name="testSuggestNoPlacement" class="App\PokerSquares\Cpu\Cpu3Test" classname="App.PokerSquares.Cpu.Cpu3Test" file="/home/lohengrin/dbwebb-kurser/mvc/me/report/tests/PokerSquares/Cpu/Cpu3Test.php" line="141" assertions="1" time="0.002857"/>
      </testsuite>
      <testsuite name="App\PokerSquares\Cpu\CpuFactoryTest" file="/home/lohengrin/dbwebb-kurser/mvc/me/report/tests/PokerSquares/Cpu/CpuFactoryTest.php" tests="2" assertions="2" errors="0" warnings="0" failures="0" skipped="0" time="0.001298">
        <testcase name="testGetCpuIntel" class="App\PokerSquares\Cpu\CpuFactoryTest" classname="App.PokerSquares.Cpu.CpuFactoryTest" file="/home/lohengrin/dbwebb-kurser/mvc/me/report/tests/PokerSquares/Cpu/CpuFactoryTest.php" line="15" assertions="1" time="0.000833"/>
        <testcase name="testGetNoCpuIntel" class="App\PokerSquares\Cpu\CpuFactoryTest" classname="App.PokerSquares.Cpu.CpuFactoryTest" file="/home/lohengrin/dbwebb-kurser/mvc/me/report/tests/PokerSquares/Cpu/CpuFactoryTest.php" line="25" assertions="1" time="0.000465"/>
      </testsuite>
      <testsuite name="App\PokerSquares\GameManagerTest" file="/home/lohengrin/dbwebb-kurser/mvc/me/report/tests/PokerSquares/GameManagerTest.php" tests="10" assertions="12" errors="0" warnings="0" failures="0" skipped="0" time="0.011177">
        <testcase name="testCreateInstance" class="App\PokerSquares\GameManagerTest" classname="App.PokerSquares.GameManagerTest" file="/home/lohengrin/dbwebb-kurser/mvc/me/report/tests/PokerSquares/GameManagerTest.php" line="58" assertions="1" time="0.003643"/>
        <testcase name="testCreateInvalidInstance" class="App\PokerSquares\GameManagerTest" classname="App.PokerSquares.GameManagerTest" file="/home/lohengrin/dbwebb-kurser/mvc/me/report/tests/PokerSquares/GameManagerTest.php" line="68" assertions="1" time="0.000972"/>
        <testcase name="testGetGameByIndex" class="App\PokerSquares\GameManagerTest" classname="App.PokerSquares.GameManagerTest" file="/home/lohengrin/dbwebb-kurser/mvc/me/report/tests/PokerSquares/GameManagerTest.php" line="79" assertions="1" time="0.000896"/>
        <testcase name="testGetNoGameByIndex" class="App\PokerSquares\GameManagerTest" classname="App.PokerSquares.GameManagerTest" file="/home/lohengrin/dbwebb-kurser/mvc/me/report/tests/PokerSquares/GameManagerTest.php" line="90" assertions="1" time="0.000787"/>
        <testcase name="testGetCurrentGame" class="App\PokerSquares\GameManagerTest" classname="App.PokerSquares.GameManagerTest" file="/home/lohengrin/dbwebb-kurser/mvc/me/report/tests/PokerSquares/GameManagerTest.php" line="101" assertions="1" time="0.000791"/>
        <testcase name="testGetNoCurrentGame" class="App\PokerSquares\GameManagerTest" classname="App.PokerSquares.GameManagerTest" file="/home/lohengrin/dbwebb-kurser/mvc/me/report/tests/PokerSquares/GameManagerTest.php" line="112" assertions="1" time="0.000725"/>
        <testcase name="testAllGamesAreNotOver" class="App\PokerSquares\GameManagerTest" classname="App.PokerSquares.GameManagerTest" file="/home/lohengrin/dbwebb-kurser/mvc/me/report/tests/PokerSquares/GameManagerTest.php" line="124" assertions="1" time="0.000699"/>
        <testcase name="testAllGamesAreOver" class="App\PokerSquares\GameManagerTest" classname="App.PokerSquares.GameManagerTest" file="/home/lohengrin/dbwebb-kurser/mvc/me/report/tests/PokerSquares/GameManagerTest.php" line="134" assertions="1" time="0.000927"/>
        <testcase name="testGetAllGameStates" class="App\PokerSquares\GameManagerTest" classname="App.PokerSquares.GameManagerTest" file="/home/lohengrin/dbwebb-kurser/mvc/me/report/tests/PokerSquares/GameManagerTest.php" line="145" assertions="1" time="0.000877"/>
        <testcase name="testGetConclusion" class="App\PokerSquares\GameManagerTest" classname="App.PokerSquares.GameManagerTest" file="/home/lohengrin/dbwebb-kurser/mvc/me/report/tests/PokerSquares/GameManagerTest.php" line="156" assertions="3" time="0.000859"/>
      </testsuite>
      <testsuite name="App\PokerSquares\GameboardTest" file="/home/lohengrin/dbwebb-kurser/mvc/me/report/tests/PokerSquares/GameboardTest.php" tests="8" assertions="11" errors="0" warnings="0" failures="0" skipped="0" time="0.008931">
        <testcase name="testCreateGameboard" class="App\PokerSquares\GameboardTest" classname="App.PokerSquares.GameboardTest" file="/home/lohengrin/dbwebb-kurser/mvc/me/report/tests/PokerSquares/GameboardTest.php" line="39" assertions="1" time="0.002261"/>
        <testcase name="testBoardIsEmpty" class="App\PokerSquares\GameboardTest" classname="App.PokerSquares.GameboardTest" file="/home/lohengrin/dbwebb-kurser/mvc/me/report/tests/PokerSquares/GameboardTest.php" line="49" assertions="2" time="0.001031"/>
        <testcase name="testPlaceCardValidSlot" class="App\PokerSquares\GameboardTest" classname="App.PokerSquares.GameboardTest" file="/home/lohengrin/dbwebb-kurser/mvc/me/report/tests/PokerSquares/GameboardTest.php" line="60" assertions="1" time="0.000823"/>
        <testcase name="testPlaceCardInvalidSlot" class="App\PokerSquares\GameboardTest" classname="App.PokerSquares.GameboardTest" file="/home/lohengrin/dbwebb-kurser/mvc/me/report/tests/PokerSquares/GameboardTest.php" line="72" assertions="1" time="0.001120"/>
        <testcase name="testPlaceCardInvalidReuseSlot" class="App\PokerSquares\GameboardTest" classname="App.PokerSquares.GameboardTest" file="/home/lohengrin/dbwebb-kurser/mvc/me/report/tests/PokerSquares/GameboardTest.php" line="83" assertions="1" time="0.001089"/>
        <testcase name="testBordIsFull" class="App\PokerSquares\GameboardTest" classname="App.PokerSquares.GameboardTest" file="/home/lohengrin/dbwebb-kurser/mvc/me/report/tests/PokerSquares/GameboardTest.php" line="95" assertions="1" time="0.000878"/>
        <testcase name="testgetAllHandsFull" class="App\PokerSquares\GameboardTest" classname="App.PokerSquares.GameboardTest" file="/home/lohengrin/dbwebb-kurser/mvc/me/report/tests/PokerSquares/GameboardTest.php" line="105" assertions="2" time="0.000869"/>
        <testcase name="testgetAllHandsEmpty" class="App\PokerSquares\GameboardTest" classname="App.PokerSquares.GameboardTest" file="/home/lohengrin/dbwebb-kurser/mvc/me/report/tests/PokerSquares/GameboardTest.php" line="119" assertions="2" time="0.000859"/>
      </testsuite>
      <testsuite name="App\PokerSquares\PokerSquareRulesTest" file="/home/lohengrin/dbwebb-kurser/mvc/me/report/tests/PokerSquares/PokerSquareRulesTest.php" tests="8" assertions="8" errors="0" warnings="0" failures="0" skipped="0" time="0.025983">
        <testcase name="testCreateInstance" class="App\PokerSquares\PokerSquareRulesTest" classname="App.PokerSquares.PokerSquareRulesTest" file="/home/lohengrin/dbwebb-kurser/mvc/me/report/tests/PokerSquares/PokerSquareRulesTest.php" line="32" assertions="1" time="0.009608"/>
        <testcase name="testAssessRoyalFlush" class="App\PokerSquares\PokerSquareRulesTest" classname="App.PokerSquares.PokerSquareRulesTest" file="/home/lohengrin/dbwebb-kurser/mvc/me/report/tests/PokerSquares/PokerSquareRulesTest.php" line="42" assertions="1" time="0.002004"/>
        <testcase name="testAssessFourOFAKind" class="App\PokerSquares\PokerSquareRulesTest" classname="App.PokerSquares.PokerSquareRulesTest" file="/home/lohengrin/dbwebb-kurser/mvc/me/report/tests/PokerSquares/PokerSquareRulesTest.php" line="64" assertions="1" time="0.001978"/>
        <testcase name="testAssessFlush" class="App\PokerSquares\PokerSquareRulesTest" classname="App.PokerSquares.PokerSquareRulesTest" file="/home/lohengrin/dbwebb-kurser/mvc/me/report/tests/PokerSquares/PokerSquareRulesTest.php" line="83" assertions="1" time="0.003276"/>
        <testcase name="testAssessThreeOFAKind" class="App\PokerSquares\PokerSquareRulesTest" classname="App.PokerSquares.PokerSquareRulesTest" file="/home/lohengrin/dbwebb-kurser/mvc/me/report/tests/PokerSquares/PokerSquareRulesTest.php" line="105" assertions="1" time="0.002502"/>
        <testcase name="testAssessOnePair" class="App\PokerSquares\PokerSquareRulesTest" classname="App.PokerSquares.PokerSquareRulesTest" file="/home/lohengrin/dbwebb-kurser/mvc/me/report/tests/PokerSquares/PokerSquareRulesTest.php" line="126" assertions="1" time="0.002683"/>
        <testcase name="testAssessHighCard" class="App\PokerSquares\PokerSquareRulesTest" classname="App.PokerSquares.PokerSquareRulesTest" file="/home/lohengrin/dbwebb-kurser/mvc/me/report/tests/PokerSquares/PokerSquareRulesTest.php" line="149" assertions="1" time="0.002784"/>
        <testcase name="testAssessEmptyHand" class="App\PokerSquares\PokerSquareRulesTest" classname="App.PokerSquares.PokerSquareRulesTest" file="/home/lohengrin/dbwebb-kurser/mvc/me/report/tests/PokerSquares/PokerSquareRulesTest.php" line="171" assertions="1" time="0.001149"/>
      </testsuite>
      <testsuite name="App\PokerSquares\PokerSquaresGameTest" file="/home/lohengrin/dbwebb-kurser/mvc/me/report/tests/PokerSquares/PokerSquaresGameTest.php" tests="3" assertions="12" errors="0" warnings="0" failures="0" skipped="0" time="0.025875">
        <testcase name="testCreateInstance" class="App\PokerSquares\PokerSquaresGameTest" classname="App.PokerSquares.PokerSquaresGameTest" file="/home/lohengrin/dbwebb-kurser/mvc/me/report/tests/PokerSquares/PokerSquaresGameTest.php" line="58" assertions="1" time="0.000874"/>
        <testcase name="testInitialState" class="App\PokerSquares\PokerSquaresGameTest" classname="App.PokerSquares.PokerSquaresGameTest" file="/home/lohengrin/dbwebb-kurser/mvc/me/report/tests/PokerSquares/PokerSquaresGameTest.php" line="68" assertions="8" time="0.001439"/>
        <testcase name="testProcess" class="App\PokerSquares\PokerSquaresGameTest" classname="App.PokerSquares.PokerSquaresGameTest" file="/home/lohengrin/dbwebb-kurser/mvc/me/report/tests/PokerSquares/PokerSquaresGameTest.php" line="90" assertions="3" time="0.023562"/>
      </testsuite>
      <testsuite name="App\PokerSquares\Rule\FlushTest" file="/home/lohengrin/dbwebb-kurser/mvc/me/report/tests/PokerSquares/Rule/FlushTest.php" tests="3" assertions="3" errors="0" warnings="0" failures="0" skipped="0" time="0.003267">
        <testcase name="testCreateInstance" class="App\PokerSquares\Rule\FlushTest" classname="App.PokerSquares.Rule.FlushTest" file="/home/lohengrin/dbwebb-kurser/mvc/me/report/tests/PokerSquares/Rule/FlushTest.php" line="32" assertions="1" time="0.000810"/>
        <testcase name="testCheckHandValid" class="App\PokerSquares\Rule\FlushTest" classname="App.PokerSquares.Rule.FlushTest" file="/home/lohengrin/dbwebb-kurser/mvc/me/report/tests/PokerSquares/Rule/FlushTest.php" line="42" assertions="1" time="0.001202"/>
        <testcase name="testCheckHandInvalid" class="App\PokerSquares\Rule\FlushTest" classname="App.PokerSquares.Rule.FlushTest" file="/home/lohengrin/dbwebb-kurser/mvc/me/report/tests/PokerSquares/Rule/FlushTest.php" line="57" assertions="1" time="0.001254"/>
      </testsuite>
      <testsuite name="App\PokerSquares\Rule\FourOfAKindTest" file="/home/lohengrin/dbwebb-kurser/mvc/me/report/tests/PokerSquares/Rule/FourOfAKindTest.php" tests="3" assertions="3" errors="0" warnings="0" failures="0" skipped="0" time="0.003535">
        <testcase name="testCreateInstance" class="App\PokerSquares\Rule\FourOfAKindTest" classname="App.PokerSquares.Rule.FourOfAKindTest" file="/home/lohengrin/dbwebb-kurser/mvc/me/report/tests/PokerSquares/Rule/FourOfAKindTest.php" line="32" assertions="1" time="0.000742"/>
        <testcase name="testCheckHandValid" class="App\PokerSquares\Rule\FourOfAKindTest" classname="App.PokerSquares.Rule.FourOfAKindTest" file="/home/lohengrin/dbwebb-kurser/mvc/me/report/tests/PokerSquares/Rule/FourOfAKindTest.php" line="42" assertions="1" time="0.001256"/>
        <testcase name="testCheckHandInvalid" class="App\PokerSquares\Rule\FourOfAKindTest" classname="App.PokerSquares.Rule.FourOfAKindTest" file="/home/lohengrin/dbwebb-kurser/mvc/me/report/tests/PokerSquares/Rule/FourOfAKindTest.php" line="58" assertions="1" time="0.001537"/>
      </testsuite>
      <testsuite name="App\PokerSquares\Rule\FullHouseTest" file="/home/lohengrin/dbwebb-kurser/mvc/me/report/tests/PokerSquares/Rule/FullHouseTest.php" tests="3" assertions="3" errors="0" warnings="0" failures="0" skipped="0" time="0.003250">
        <testcase name="testCreateInstance" class="App\PokerSquares\Rule\FullHouseTest" classname="App.PokerSquares.Rule.FullHouseTest" file="/home/lohengrin/dbwebb-kurser/mvc/me/report/tests/PokerSquares/Rule/FullHouseTest.php" line="32" assertions="1" time="0.000766"/>
        <testcase name="testCheckHandValid" class="App\PokerSquares\Rule\FullHouseTest" classname="App.PokerSquares.Rule.FullHouseTest" file="/home/lohengrin/dbwebb-kurser/mvc/me/report/tests/PokerSquares/Rule/FullHouseTest.php" line="42" assertions="1" time="0.001322"/>
        <testcase name="testCheckHandInvalid" class="App\PokerSquares\Rule\FullHouseTest" classname="App.PokerSquares.Rule.FullHouseTest" file="/home/lohengrin/dbwebb-kurser/mvc/me/report/tests/PokerSquares/Rule/FullHouseTest.php" line="59" assertions="1" time="0.001162"/>
      </testsuite>
      <testsuite name="App\PokerSquares\Rule\HighCardTest" file="/home/lohengrin/dbwebb-kurser/mvc/me/report/tests/PokerSquares/Rule/HighCardTest.php" tests="3" assertions="3" errors="0" warnings="0" failures="0" skipped="0" time="0.003266">
        <testcase name="testCreateInstance" class="App\PokerSquares\Rule\HighCardTest" classname="App.PokerSquares.Rule.HighCardTest" file="/home/lohengrin/dbwebb-kurser/mvc/me/report/tests/PokerSquares/Rule/HighCardTest.php" line="32" assertions="1" time="0.000784"/>
        <testcase name="testCheckHandValid" class="App\PokerSquares\Rule\HighCardTest" classname="App.PokerSquares.Rule.HighCardTest" file="/home/lohengrin/dbwebb-kurser/mvc/me/report/tests/PokerSquares/Rule/HighCardTest.php" line="42" assertions="1" time="0.001284"/>
        <testcase name="testCheckHandValid2" class="App\PokerSquares\Rule\HighCardTest" classname="App.PokerSquares.Rule.HighCardTest" file="/home/lohengrin/dbwebb-kurser/mvc/me/report/tests/PokerSquares/Rule/HighCardTest.php" line="59" assertions="1" time="0.001198"/>
      </testsuite>
      <testsuite name="App\PokerSquares\Rule\OnePairTest" file="/home/lohengrin/dbwebb-kurser/mvc/me/report/tests/PokerSquares/Rule/OnePairTest.php" tests="3" assertions="3" errors="0" warnings="0" failures="0" skipped="0" time="0.003200">
        <testcase name="testCreateInstance" class="App\PokerSquares\Rule\OnePairTest" classname="App.PokerSquares.Rule.OnePairTest" file="/home/lohengrin/dbwebb-kurser/mvc/me/report/tests/PokerSquares/Rule/OnePairTest.php" line="32" assertions="1" time="0.000757"/>
        <testcase name="testCheckHandValid" class="App\PokerSquares\Rule\OnePairTest" classname="App.PokerSquares.Rule.OnePairTest" file="/home/lohengrin/dbwebb-kurser/mvc/me/report/tests/PokerSquares/Rule/OnePairTest.php" line="42" assertions="1" time="0.001221"/>
        <testcase name="testCheckHandInvalid" class="App\PokerSquares\Rule\OnePairTest" classname="App.PokerSquares.Rule.OnePairTest" file="/home/lohengrin/dbwebb-kurser/mvc/me/report/tests/PokerSquares/Rule/OnePairTest.php" line="59" assertions="1" time="0.001222"/>
      </testsuite>
      <testsuite name="App\PokerSquares\Rule\RoyalFlushTest" file="/home/lohengrin/dbwebb-kurser/mvc/me/report/tests/PokerSquares/Rule/RoyalFlushTest.php" tests="4" assertions="4" errors="0" warnings="0" failures="0" skipped="0" time="0.005747">
        <testcase name="testCreateInstance" class="App\PokerSquares\Rule\RoyalFlushTest" classname="App.PokerSquares.Rule.RoyalFlushTest" file="/home/lohengrin/dbwebb-kurser/mvc/me/report/tests/PokerSquares/Rule/RoyalFlushTest.php" line="32" assertions="1" time="0.000743"/>
        <testcase name="testCheckHandValid" class="App\PokerSquares\Rule\RoyalFlushTest" classname="App.PokerSquares.Rule.RoyalFlushTest" file="/home/lohengrin/dbwebb-kurser/mvc/me/report/tests/PokerSquares/Rule/RoyalFlushTest.php" line="42" assertions="1" time="0.001635"/>
        <testcase name="testCheckHandInvalid" class="App\PokerSquares\Rule\RoyalFlushTest" classname="App.PokerSquares.Rule.RoyalFlushTest" file="/home/lohengrin/dbwebb-kurser/mvc/me/report/tests/PokerSquares/Rule/RoyalFlushTest.php" line="64" assertions="1" time="0.001657"/>
        <testcase name="testCheckHandInvalid2" class="App\PokerSquares\Rule\RoyalFlushTest" classname="App.PokerSquares.Rule.RoyalFlushTest" file="/home/lohengrin/dbwebb-kurser/mvc/me/report/tests/PokerSquares/Rule/RoyalFlushTest.php" line="86" assertions="1" time="0.001711"/>
      </testsuite>
      <testsuite name="App\PokerSquares\Rule\StraightFlushTest" file="/home/lohengrin/dbwebb-kurser/mvc/me/report/tests/PokerSquares/Rule/StraightFlushTest.php" tests="4" assertions="4" errors="0" warnings="0" failures="0" skipped="0" time="0.005668">
        <testcase name="testCreateInstance" class="App\PokerSquares\Rule\StraightFlushTest" classname="App.PokerSquares.Rule.StraightFlushTest" file="/home/lohengrin/dbwebb-kurser/mvc/me/report/tests/PokerSquares/Rule/StraightFlushTest.php" line="32" assertions="1" time="0.000689"/>
        <testcase name="testCheckHandValid" class="App\PokerSquares\Rule\StraightFlushTest" classname="App.PokerSquares.Rule.StraightFlushTest" file="/home/lohengrin/dbwebb-kurser/mvc/me/report/tests/PokerSquares/Rule/StraightFlushTest.php" line="42" assertions="1" time="0.001614"/>
        <testcase name="testCheckHandInvalid" class="App\PokerSquares\Rule\StraightFlushTest" classname="App.PokerSquares.Rule.StraightFlushTest" file="/home/lohengrin/dbwebb-kurser/mvc/me/report/tests/PokerSquares/Rule/StraightFlushTest.php" line="64" assertions="1" time="0.001545"/>
        <testcase name="testCheckHandInvalid2" class="App\PokerSquares\Rule\StraightFlushTest" classname="App.PokerSquares.Rule.StraightFlushTest" file="/home/lohengrin/dbwebb-kurser/mvc/me/report/tests/PokerSquares/Rule/StraightFlushTest.php" line="86" assertions="1" time="0.001821"/>
      </testsuite>
      <testsuite name="App\PokerSquares\Rule\StraightTest" file="/home/lohengrin/dbwebb-kurser/mvc/me/report/tests/PokerSquares/Rule/StraightTest.php" tests="4" assertions="4" errors="0" warnings="0" failures="0" skipped="0" time="0.004643">
        <testcase name="testCreateInstance" class="App\PokerSquares\Rule\StraightTest" classname="App.PokerSquares.Rule.StraightTest" file="/home/lohengrin/dbwebb-kurser/mvc/me/report/tests/PokerSquares/Rule/StraightTest.php" line="32" assertions="1" time="0.000721"/>
        <testcase name="testCheckHandValid" class="App\PokerSquares\Rule\StraightTest" classname="App.PokerSquares.Rule.StraightTest" file="/home/lohengrin/dbwebb-kurser/mvc/me/report/tests/PokerSquares/Rule/StraightTest.php" line="42" assertions="1" time="0.001239"/>
        <testcase name="testCheckHandValid2" class="App\PokerSquares\Rule\StraightTest" classname="App.PokerSquares.Rule.StraightTest" file="/home/lohengrin/dbwebb-kurser/mvc/me/report/tests/PokerSquares/Rule/StraightTest.php" line="59" assertions="1" time="0.001243"/>
        <testcase name="testCheckHandInvalid" class="App\PokerSquares\Rule\StraightTest" classname="App.PokerSquares.Rule.StraightTest" file="/home/lohengrin/dbwebb-kurser/mvc/me/report/tests/PokerSquares/Rule/StraightTest.php" line="76" assertions="1" time="0.001440"/>
      </testsuite>
      <testsuite name="App\PokerSquares\Rule\ThreeOfAKindTest" file="/home/lohengrin/dbwebb-kurser/mvc/me/report/tests/PokerSquares/Rule/ThreeOfAKindTest.php" tests="3" assertions="3" errors="0" warnings="0" failures="0" skipped="0" time="0.003682">
        <testcase name="testCreateInstance" class="App\PokerSquares\Rule\ThreeOfAKindTest" classname="App.PokerSquares.Rule.ThreeOfAKindTest" file="/home/lohengrin/dbwebb-kurser/mvc/me/report/tests/PokerSquares/Rule/ThreeOfAKindTest.php" line="32" assertions="1" time="0.000776"/>
        <testcase name="testCheckHandValid" class="App\PokerSquares\Rule\ThreeOfAKindTest" classname="App.PokerSquares.Rule.ThreeOfAKindTest" file="/home/lohengrin/dbwebb-kurser/mvc/me/report/tests/PokerSquares/Rule/ThreeOfAKindTest.php" line="42" assertions="1" time="0.001245"/>
        <testcase name="testCheckHandInvalid" class="App\PokerSquares\Rule\ThreeOfAKindTest" classname="App.PokerSquares.Rule.ThreeOfAKindTest" file="/home/lohengrin/dbwebb-kurser/mvc/me/report/tests/PokerSquares/Rule/ThreeOfAKindTest.php" line="59" assertions="1" time="0.001660"/>
      </testsuite>
      <testsuite name="App\PokerSquares\Rule\TwoPairsTest" file="/home/lohengrin/dbwebb-kurser/mvc/me/report/tests/PokerSquares/Rule/TwoPairsTest.php" tests="3" assertions="3" errors="0" warnings="0" failures="0" skipped="0" time="0.003493">
        <testcase name="testCreateInstance" class="App\PokerSquares\Rule\TwoPairsTest" classname="App.PokerSquares.Rule.TwoPairsTest" file="/home/lohengrin/dbwebb-kurser/mvc/me/report/tests/PokerSquares/Rule/TwoPairsTest.php" line="32" assertions="1" time="0.000762"/>
        <testcase name="testCheckHandValid" class="App\PokerSquares\Rule\TwoPairsTest" classname="App.PokerSquares.Rule.TwoPairsTest" file="/home/lohengrin/dbwebb-kurser/mvc/me/report/tests/PokerSquares/Rule/TwoPairsTest.php" line="42" assertions="1" time="0.001215"/>
        <testcase name="testCheckHandInvalid" class="App\PokerSquares\Rule\TwoPairsTest" classname="App.PokerSquares.Rule.TwoPairsTest" file="/home/lohengrin/dbwebb-kurser/mvc/me/report/tests/PokerSquares/Rule/TwoPairsTest.php" line="59" assertions="1" time="0.001516"/>
      </testsuite>
      <testsuite name="App\Service\InitCpuPlayerServiceTest" file="/home/lohengrin/dbwebb-kurser/mvc/me/report/tests/Service/InitCpuPlayerServiceTest.php" tests="2" assertions="2" errors="0" warnings="0" failures="0" skipped="0" time="0.009236">
        <testcase name="testCreateInstance" class="App\Service\InitCpuPlayerServiceTest" classname="App.Service.InitCpuPlayerServiceTest" file="/home/lohengrin/dbwebb-kurser/mvc/me/report/tests/Service/InitCpuPlayerServiceTest.php" line="39" assertions="1" time="0.006894"/>
        <testcase name="testAddMissingPlayers" class="App\Service\InitCpuPlayerServiceTest" classname="App.Service.InitCpuPlayerServiceTest" file="/home/lohengrin/dbwebb-kurser/mvc/me/report/tests/Service/InitCpuPlayerServiceTest.php" line="66" assertions="1" time="0.002342"/>
      </testsuite>
    </testsuite>
  </testsuite>
</testsuites>
